2025-07-24 00:00:43,001 - [INFO] - googlemaps.client - 30f253bee040be44696ee62af01d65c5e5adee0f - API queries_quota: 60
2025-07-24 00:01:08,999 - [INFO] - googlemaps.client - 30f253bee040be44696ee62af01d65c5e5adee0f - API queries_quota: 60
2025-07-24 00:01:43,862 - [INFO] - googlemaps.client - 30f253bee040be44696ee62af01d65c5e5adee0f - API queries_quota: 60
2025-07-24 00:02:24,204 - [INFO] - googlemaps.client - 30f253bee040be44696ee62af01d65c5e5adee0f - API queries_quota: 60
2025-07-24 00:02:28,945 - [INFO] - googlemaps.client - 30f253bee040be44696ee62af01d65c5e5adee0f - API queries_quota: 60
2025-07-24 00:04:36,465 - [INFO] - googlemaps.client - 30f253bee040be44696ee62af01d65c5e5adee0f - API queries_quota: 60
2025-07-24 00:05:09,753 - [INFO] - googlemaps.client - 30f253bee040be44696ee62af01d65c5e5adee0f - API queries_quota: 60
2025-07-24 00:05:42,069 - [INFO] - googlemaps.client - 30f253bee040be44696ee62af01d65c5e5adee0f - API queries_quota: 60
2025-07-24 00:06:10,275 - [INFO] - googlemaps.client - 30f253bee040be44696ee62af01d65c5e5adee0f - API queries_quota: 60
2025-07-24 00:08:47,060 - [INFO] - httpx - 30f253bee040be44696ee62af01d65c5e5adee0f - HTTP Request: POST https://api.openai.com/v1/chat/completions "HTTP/1.1 200 OK"
2025-07-24 00:08:54,901 - [INFO] - httpx - 30f253bee040be44696ee62af01d65c5e5adee0f - HTTP Request: POST https://api.openai.com/v1/chat/completions "HTTP/1.1 200 OK"
2025-07-24 00:08:54,905 - [INFO] - googlemaps.client - 30f253bee040be44696ee62af01d65c5e5adee0f - API queries_quota: 60
2025-07-24 00:09:03,355 - [INFO] - httpx - 30f253bee040be44696ee62af01d65c5e5adee0f - HTTP Request: POST https://api.openai.com/v1/chat/completions "HTTP/1.1 200 OK"
2025-07-24 00:09:24,993 - [INFO] - httpx - 30f253bee040be44696ee62af01d65c5e5adee0f - HTTP Request: POST https://api.openai.com/v1/chat/completions "HTTP/1.1 200 OK"
2025-07-24 00:09:24,997 - [INFO] - googlemaps.client - 30f253bee040be44696ee62af01d65c5e5adee0f - API queries_quota: 60
2025-07-24 00:09:29,133 - [INFO] - httpx - 30f253bee040be44696ee62af01d65c5e5adee0f - HTTP Request: POST https://api.openai.com/v1/chat/completions "HTTP/1.1 200 OK"
2025-07-24 00:09:38,215 - [INFO] - httpx - 30f253bee040be44696ee62af01d65c5e5adee0f - HTTP Request: POST https://api.openai.com/v1/chat/completions "HTTP/1.1 200 OK"
2025-07-24 00:10:03,682 - [INFO] - httpx - 30f253bee040be44696ee62af01d65c5e5adee0f - HTTP Request: POST https://api.openai.com/v1/chat/completions "HTTP/1.1 200 OK"
2025-07-24 00:10:11,261 - [INFO] - httpx - 30f253bee040be44696ee62af01d65c5e5adee0f - HTTP Request: POST https://api.openai.com/v1/chat/completions "HTTP/1.1 200 OK"
2025-07-24 00:10:15,210 - [INFO] - httpx - 30f253bee040be44696ee62af01d65c5e5adee0f - HTTP Request: POST https://api.openai.com/v1/chat/completions "HTTP/1.1 200 OK"
2025-07-24 00:10:16,692 - [INFO] - httpx - 30f253bee040be44696ee62af01d65c5e5adee0f - HTTP Request: POST https://api.openai.com/v1/chat/completions "HTTP/1.1 200 OK"
2025-07-24 00:10:20,334 - [INFO] - httpx - 30f253bee040be44696ee62af01d65c5e5adee0f - HTTP Request: POST https://api.openai.com/v1/chat/completions "HTTP/1.1 200 OK"
2025-07-24 00:10:21,174 - [INFO] - httpx - 30f253bee040be44696ee62af01d65c5e5adee0f - HTTP Request: POST https://api.openai.com/v1/chat/completions "HTTP/1.1 200 OK"
2025-07-24 00:10:22,003 - [INFO] - httpx - 30f253bee040be44696ee62af01d65c5e5adee0f - HTTP Request: POST https://api.openai.com/v1/chat/completions "HTTP/1.1 200 OK"
2025-07-24 00:15:44,218 - [INFO] - googlemaps.client - 30f253bee040be44696ee62af01d65c5e5adee0f - API queries_quota: 60
2025-07-24 00:16:10,302 - [INFO] - httpx - 30f253bee040be44696ee62af01d65c5e5adee0f - HTTP Request: POST https://api.openai.com/v1/chat/completions "HTTP/1.1 200 OK"
2025-07-24 00:16:20,888 - [INFO] - httpx - 30f253bee040be44696ee62af01d65c5e5adee0f - HTTP Request: POST https://api.openai.com/v1/chat/completions "HTTP/1.1 200 OK"
2025-07-24 00:16:20,896 - [INFO] - googlemaps.client - 30f253bee040be44696ee62af01d65c5e5adee0f - API queries_quota: 60
2025-07-24 00:16:25,059 - [INFO] - httpx - 30f253bee040be44696ee62af01d65c5e5adee0f - HTTP Request: POST https://api.openai.com/v1/chat/completions "HTTP/1.1 200 OK"
2025-07-24 00:16:39,296 - [INFO] - httpx - 30f253bee040be44696ee62af01d65c5e5adee0f - HTTP Request: POST https://api.openai.com/v1/chat/completions "HTTP/1.1 200 OK"
2025-07-24 00:16:39,296 - [INFO] - googlemaps.client - 30f253bee040be44696ee62af01d65c5e5adee0f - API queries_quota: 60
2025-07-24 00:16:42,490 - [INFO] - httpx - 30f253bee040be44696ee62af01d65c5e5adee0f - HTTP Request: POST https://api.openai.com/v1/chat/completions "HTTP/1.1 200 OK"
2025-07-24 00:17:00,961 - [INFO] - httpx - 30f253bee040be44696ee62af01d65c5e5adee0f - HTTP Request: POST https://api.openai.com/v1/chat/completions "HTTP/1.1 200 OK"
2025-07-24 00:17:14,363 - [INFO] - httpx - 30f253bee040be44696ee62af01d65c5e5adee0f - HTTP Request: POST https://api.openai.com/v1/chat/completions "HTTP/1.1 200 OK"
2025-07-24 00:17:31,688 - [INFO] - httpx - 30f253bee040be44696ee62af01d65c5e5adee0f - HTTP Request: POST https://api.openai.com/v1/chat/completions "HTTP/1.1 200 OK"
2025-07-24 00:17:32,168 - [INFO] - httpx - 30f253bee040be44696ee62af01d65c5e5adee0f - HTTP Request: POST https://api.openai.com/v1/chat/completions "HTTP/1.1 200 OK"
2025-07-24 00:17:34,299 - [INFO] - httpx - 30f253bee040be44696ee62af01d65c5e5adee0f - HTTP Request: POST https://api.openai.com/v1/chat/completions "HTTP/1.1 200 OK"
2025-07-24 00:17:35,436 - [INFO] - httpx - 30f253bee040be44696ee62af01d65c5e5adee0f - HTTP Request: POST https://api.openai.com/v1/chat/completions "HTTP/1.1 200 OK"
2025-07-24 00:17:37,349 - [INFO] - httpx - 30f253bee040be44696ee62af01d65c5e5adee0f - HTTP Request: POST https://api.openai.com/v1/chat/completions "HTTP/1.1 200 OK"
2025-07-24 00:17:37,978 - [INFO] - httpx - 30f253bee040be44696ee62af01d65c5e5adee0f - HTTP Request: POST https://api.openai.com/v1/chat/completions "HTTP/1.1 200 OK"
2025-07-24 00:17:39,487 - [INFO] - httpx - 30f253bee040be44696ee62af01d65c5e5adee0f - HTTP Request: POST https://api.openai.com/v1/chat/completions "HTTP/1.1 200 OK"
2025-07-24 00:17:47,001 - [INFO] - httpx - 30f253bee040be44696ee62af01d65c5e5adee0f - HTTP Request: POST https://api.openai.com/v1/chat/completions "HTTP/1.1 200 OK"
2025-07-24 00:17:48,586 - [INFO] - httpx - 30f253bee040be44696ee62af01d65c5e5adee0f - HTTP Request: POST https://api.openai.com/v1/chat/completions "HTTP/1.1 200 OK"
2025-07-24 00:17:49,136 - [INFO] - httpx - 30f253bee040be44696ee62af01d65c5e5adee0f - HTTP Request: POST https://api.openai.com/v1/chat/completions "HTTP/1.1 200 OK"
2025-07-24 00:17:49,406 - [INFO] - httpx - 30f253bee040be44696ee62af01d65c5e5adee0f - HTTP Request: POST https://api.openai.com/v1/chat/completions "HTTP/1.1 200 OK"
2025-07-24 00:17:50,207 - [INFO] - httpx - 30f253bee040be44696ee62af01d65c5e5adee0f - HTTP Request: POST https://api.openai.com/v1/chat/completions "HTTP/1.1 200 OK"
2025-07-24 00:17:50,876 - [INFO] - httpx - 30f253bee040be44696ee62af01d65c5e5adee0f - HTTP Request: POST https://api.openai.com/v1/chat/completions "HTTP/1.1 200 OK"
2025-07-24 00:17:52,008 - [INFO] - httpx - 30f253bee040be44696ee62af01d65c5e5adee0f - HTTP Request: POST https://api.openai.com/v1/chat/completions "HTTP/1.1 200 OK"
2025-07-24 00:17:52,802 - [INFO] - httpx - 30f253bee040be44696ee62af01d65c5e5adee0f - HTTP Request: POST https://api.openai.com/v1/chat/completions "HTTP/1.1 200 OK"
2025-07-24 00:17:53,297 - [INFO] - httpx - 30f253bee040be44696ee62af01d65c5e5adee0f - HTTP Request: POST https://api.openai.com/v1/chat/completions "HTTP/1.1 200 OK"
2025-07-24 00:17:54,500 - [INFO] - httpx - 30f253bee040be44696ee62af01d65c5e5adee0f - HTTP Request: POST https://api.openai.com/v1/chat/completions "HTTP/1.1 200 OK"
2025-07-24 00:17:55,069 - [INFO] - httpx - 30f253bee040be44696ee62af01d65c5e5adee0f - HTTP Request: POST https://api.openai.com/v1/chat/completions "HTTP/1.1 200 OK"
2025-07-24 00:17:55,732 - [INFO] - httpx - 30f253bee040be44696ee62af01d65c5e5adee0f - HTTP Request: POST https://api.openai.com/v1/chat/completions "HTTP/1.1 200 OK"
2025-07-24 00:17:56,429 - [INFO] - httpx - 30f253bee040be44696ee62af01d65c5e5adee0f - HTTP Request: POST https://api.openai.com/v1/chat/completions "HTTP/1.1 200 OK"
2025-07-24 00:17:56,430 - [INFO] - httpx - 30f253bee040be44696ee62af01d65c5e5adee0f - HTTP Request: POST https://api.openai.com/v1/chat/completions "HTTP/1.1 200 OK"
2025-07-24 00:17:56,431 - [INFO] - httpx - 30f253bee040be44696ee62af01d65c5e5adee0f - HTTP Request: POST https://api.openai.com/v1/chat/completions "HTTP/1.1 200 OK"
2025-07-24 00:17:56,645 - [INFO] - httpx - 30f253bee040be44696ee62af01d65c5e5adee0f - HTTP Request: POST https://api.openai.com/v1/chat/completions "HTTP/1.1 200 OK"
2025-07-24 00:17:57,225 - [INFO] - httpx - 30f253bee040be44696ee62af01d65c5e5adee0f - HTTP Request: POST https://api.openai.com/v1/chat/completions "HTTP/1.1 200 OK"
2025-07-24 00:17:57,225 - [INFO] - httpx - 30f253bee040be44696ee62af01d65c5e5adee0f - HTTP Request: POST https://api.openai.com/v1/chat/completions "HTTP/1.1 200 OK"
2025-07-24 00:17:57,417 - [INFO] - httpx - 30f253bee040be44696ee62af01d65c5e5adee0f - HTTP Request: POST https://api.openai.com/v1/chat/completions "HTTP/1.1 200 OK"
2025-07-24 00:17:59,491 - [INFO] - httpx - 30f253bee040be44696ee62af01d65c5e5adee0f - HTTP Request: POST https://api.openai.com/v1/chat/completions "HTTP/1.1 200 OK"
2025-07-24 00:18:00,098 - [INFO] - httpx - 30f253bee040be44696ee62af01d65c5e5adee0f - HTTP Request: POST https://api.openai.com/v1/chat/completions "HTTP/1.1 200 OK"
2025-07-24 00:18:00,812 - [INFO] - httpx - 30f253bee040be44696ee62af01d65c5e5adee0f - HTTP Request: POST https://api.openai.com/v1/chat/completions "HTTP/1.1 200 OK"
2025-07-24 00:18:00,818 - [INFO] - httpx - 30f253bee040be44696ee62af01d65c5e5adee0f - HTTP Request: POST https://api.openai.com/v1/chat/completions "HTTP/1.1 200 OK"
2025-07-24 00:18:01,614 - [INFO] - httpx - 30f253bee040be44696ee62af01d65c5e5adee0f - HTTP Request: POST https://api.openai.com/v1/chat/completions "HTTP/1.1 200 OK"
2025-07-24 00:18:01,819 - [INFO] - httpx - 30f253bee040be44696ee62af01d65c5e5adee0f - HTTP Request: POST https://api.openai.com/v1/chat/completions "HTTP/1.1 200 OK"
2025-07-24 00:18:02,192 - [INFO] - httpx - 30f253bee040be44696ee62af01d65c5e5adee0f - HTTP Request: POST https://api.openai.com/v1/chat/completions "HTTP/1.1 200 OK"
2025-07-24 00:18:02,355 - [INFO] - httpx - 30f253bee040be44696ee62af01d65c5e5adee0f - HTTP Request: POST https://api.openai.com/v1/chat/completions "HTTP/1.1 200 OK"
2025-07-24 00:18:02,808 - [INFO] - httpx - 30f253bee040be44696ee62af01d65c5e5adee0f - HTTP Request: POST https://api.openai.com/v1/chat/completions "HTTP/1.1 200 OK"
2025-07-24 00:18:03,681 - [INFO] - httpx - 30f253bee040be44696ee62af01d65c5e5adee0f - HTTP Request: POST https://api.openai.com/v1/chat/completions "HTTP/1.1 200 OK"
2025-07-24 00:18:04,147 - [INFO] - httpx - 30f253bee040be44696ee62af01d65c5e5adee0f - HTTP Request: POST https://api.openai.com/v1/chat/completions "HTTP/1.1 200 OK"
2025-07-24 00:18:04,368 - [INFO] - httpx - 30f253bee040be44696ee62af01d65c5e5adee0f - HTTP Request: POST https://api.openai.com/v1/chat/completions "HTTP/1.1 200 OK"
2025-07-24 00:18:04,551 - [INFO] - httpx - 30f253bee040be44696ee62af01d65c5e5adee0f - HTTP Request: POST https://api.openai.com/v1/chat/completions "HTTP/1.1 200 OK"
2025-07-24 00:18:06,274 - [INFO] - httpx - 30f253bee040be44696ee62af01d65c5e5adee0f - HTTP Request: POST https://api.openai.com/v1/chat/completions "HTTP/1.1 200 OK"
2025-07-24 00:18:06,447 - [INFO] - httpx - 30f253bee040be44696ee62af01d65c5e5adee0f - HTTP Request: POST https://api.openai.com/v1/chat/completions "HTTP/1.1 200 OK"
2025-07-24 00:18:06,660 - [INFO] - httpx - 30f253bee040be44696ee62af01d65c5e5adee0f - HTTP Request: POST https://api.openai.com/v1/chat/completions "HTTP/1.1 200 OK"
2025-07-24 00:18:07,149 - [INFO] - httpx - 30f253bee040be44696ee62af01d65c5e5adee0f - HTTP Request: POST https://api.openai.com/v1/chat/completions "HTTP/1.1 200 OK"
2025-07-24 00:18:07,355 - [INFO] - httpx - 30f253bee040be44696ee62af01d65c5e5adee0f - HTTP Request: POST https://api.openai.com/v1/chat/completions "HTTP/1.1 200 OK"
2025-07-24 00:18:07,459 - [INFO] - httpx - 30f253bee040be44696ee62af01d65c5e5adee0f - HTTP Request: POST https://api.openai.com/v1/chat/completions "HTTP/1.1 200 OK"
2025-07-24 00:18:07,919 - [INFO] - httpx - 30f253bee040be44696ee62af01d65c5e5adee0f - HTTP Request: POST https://api.openai.com/v1/chat/completions "HTTP/1.1 200 OK"
2025-07-24 00:18:07,943 - [INFO] - httpx - 30f253bee040be44696ee62af01d65c5e5adee0f - HTTP Request: POST https://api.openai.com/v1/chat/completions "HTTP/1.1 200 OK"
2025-07-24 00:18:07,945 - [ERROR] - asyncio - 30f253bee040be44696ee62af01d65c5e5adee0f - Task exception was never retrieved
future: <Task finished name='Task-1069' coro=<RecommendService.enrich_place_detail() done, defined at D:\finalPro\backend\app\services\recommend_service.py:317> exception=OutputParserException('Invalid json output: {"pros":["Tropical beaches","Crystal waters","Wildlife viewing","Boat excursions","Relaxed vibe"],"cons":["Can be crowded","Limited shade","Tourist traps","Higher prices","No night life"],"advice_trip":"### Itinerary Suggestions\\n\\n- Depart early from Bayahibe (~7:00 AM).  \\n- Snorkel at Agua Dulce reef.  \\n- Enjoy buffet lunch at a beach club.  \\n- Relax on Canto de la Playa.  \\n- Return by catamaran before sunset.\\n\\n### Must-See Spots\\n\\n- Natural Pool (Poza de Corales)  \\n- Mano Juan fishing village  \\n- Palmita Beach cove\\n\\n### Local Tips\\n\\n- Use reef-safe sunscreen.  \\n- Carry cash (no ATMs on island).  \\n- Pack water shoes and hat.  \\n- Bring snorkeling goggles.\\n\\n### Transportation Advice\\n\\n- Book boat tour in advance.  \\n- Choose catamaran for comfort.  \\n- Speedboat ride ~1 hour.  \\n- Private charter ~US\\$200 round-trip.\\n\\n### Budget Estimates\\n\\n- Boat tour: US\\$70–90 pp.  \\n- Lunch buffet: US\\$20–25.  \\n- Snorkel gear rental: US\\$10.  \\n- Miscellaneous (tips/extras): ~US\\$30."}\nFor troubleshooting, visit: https://python.langchain.com/docs/troubleshooting/errors/OUTPUT_PARSING_FAILURE ')>
Traceback (most recent call last):
  File "D:\Program Files (x86)\Python\Python312\Lib\site-packages\langchain_core\output_parsers\json.py", line 82, in parse_result
    return parse_json_markdown(text)
           ^^^^^^^^^^^^^^^^^^^^^^^^^
  File "D:\Program Files (x86)\Python\Python312\Lib\site-packages\langchain_core\utils\json.py", line 150, in parse_json_markdown
    return _parse_json(json_str, parser=parser)
           ^^^^^^^^^^^^^^^^^^^^^^^^^^^^^^^^^^^^
  File "D:\Program Files (x86)\Python\Python312\Lib\site-packages\langchain_core\utils\json.py", line 166, in _parse_json
    return parser(json_str)
           ^^^^^^^^^^^^^^^^
  File "D:\Program Files (x86)\Python\Python312\Lib\site-packages\langchain_core\utils\json.py", line 123, in parse_partial_json
    return json.loads(s, strict=strict)
           ^^^^^^^^^^^^^^^^^^^^^^^^^^^^
  File "D:\Program Files (x86)\Python\Python312\Lib\json\__init__.py", line 359, in loads
    return cls(**kw).decode(s)
           ^^^^^^^^^^^^^^^^^^^
  File "D:\Program Files (x86)\Python\Python312\Lib\json\decoder.py", line 337, in decode
    obj, end = self.raw_decode(s, idx=_w(s, 0).end())
               ^^^^^^^^^^^^^^^^^^^^^^^^^^^^^^^^^^^^^^
  File "D:\Program Files (x86)\Python\Python312\Lib\json\decoder.py", line 353, in raw_decode
    obj, end = self.scan_once(s, idx)
               ^^^^^^^^^^^^^^^^^^^^^^
json.decoder.JSONDecodeError: Invalid \escape: line 1 column 830 (char 829)

The above exception was the direct cause of the following exception:

Traceback (most recent call last):
  File "D:\finalPro\backend\app\services\recommend_service.py", line 346, in enrich_place_detail
    enrich_data = await self.enrich_place_detail_chain.ainvoke(place_name)
                  ^^^^^^^^^^^^^^^^^^^^^^^^^^^^^^^^^^^^^^^^^^^^^^^^^^^^^^^^
  File "D:\Program Files (x86)\Python\Python312\Lib\site-packages\langchain_core\runnables\base.py", line 3089, in ainvoke
    input_ = await coro_with_context(part(), context, create_task=True)
             ^^^^^^^^^^^^^^^^^^^^^^^^^^^^^^^^^^^^^^^^^^^^^^^^^^^^^^^^^^
  File "D:\Program Files (x86)\Python\Python312\Lib\site-packages\langchain_core\output_parsers\base.py", line 219, in ainvoke
    return await self._acall_with_config(
           ^^^^^^^^^^^^^^^^^^^^^^^^^^^^^^
  File "D:\Program Files (x86)\Python\Python312\Lib\site-packages\langchain_core\runnables\base.py", line 1991, in _acall_with_config
    output: Output = await coro_with_context(coro, context)
                     ^^^^^^^^^^^^^^^^^^^^^^^^^^^^^^^^^^^^^^
  File "D:\Program Files (x86)\Python\Python312\Lib\site-packages\langchain_core\output_parsers\base.py", line 280, in aparse_result
    return await run_in_executor(None, self.parse_result, result, partial=partial)
           ^^^^^^^^^^^^^^^^^^^^^^^^^^^^^^^^^^^^^^^^^^^^^^^^^^^^^^^^^^^^^^^^^^^^^^^
  File "D:\Program Files (x86)\Python\Python312\Lib\site-packages\langchain_core\runnables\config.py", line 616, in run_in_executor
    return await asyncio.get_running_loop().run_in_executor(
           ^^^^^^^^^^^^^^^^^^^^^^^^^^^^^^^^^^^^^^^^^^^^^^^^^
  File "D:\Program Files (x86)\Python\Python312\Lib\concurrent\futures\thread.py", line 58, in run
    result = self.fn(*self.args, **self.kwargs)
             ^^^^^^^^^^^^^^^^^^^^^^^^^^^^^^^^^^
  File "D:\Program Files (x86)\Python\Python312\Lib\site-packages\langchain_core\runnables\config.py", line 607, in wrapper
    return func(*args, **kwargs)
           ^^^^^^^^^^^^^^^^^^^^^
  File "D:\Program Files (x86)\Python\Python312\Lib\site-packages\langchain_core\output_parsers\json.py", line 85, in parse_result
    raise OutputParserException(msg, llm_output=text) from e
langchain_core.exceptions.OutputParserException: Invalid json output: {"pros":["Tropical beaches","Crystal waters","Wildlife viewing","Boat excursions","Relaxed vibe"],"cons":["Can be crowded","Limited shade","Tourist traps","Higher prices","No night life"],"advice_trip":"### Itinerary Suggestions\n\n- Depart early from Bayahibe (~7:00 AM).  \n- Snorkel at Agua Dulce reef.  \n- Enjoy buffet lunch at a beach club.  \n- Relax on Canto de la Playa.  \n- Return by catamaran before sunset.\n\n### Must-See Spots\n\n- Natural Pool (Poza de Corales)  \n- Mano Juan fishing village  \n- Palmita Beach cove\n\n### Local Tips\n\n- Use reef-safe sunscreen.  \n- Carry cash (no ATMs on island).  \n- Pack water shoes and hat.  \n- Bring snorkeling goggles.\n\n### Transportation Advice\n\n- Book boat tour in advance.  \n- Choose catamaran for comfort.  \n- Speedboat ride ~1 hour.  \n- Private charter ~US\$200 round-trip.\n\n### Budget Estimates\n\n- Boat tour: US\$70–90 pp.  \n- Lunch buffet: US\$20–25.  \n- Snorkel gear rental: US\$10.  \n- Miscellaneous (tips/extras): ~US\$30."}
For troubleshooting, visit: https://python.langchain.com/docs/troubleshooting/errors/OUTPUT_PARSING_FAILURE 
2025-07-24 00:18:08,690 - [INFO] - httpx - 30f253bee040be44696ee62af01d65c5e5adee0f - HTTP Request: POST https://api.openai.com/v1/chat/completions "HTTP/1.1 200 OK"
2025-07-24 00:18:09,921 - [INFO] - httpx - 30f253bee040be44696ee62af01d65c5e5adee0f - HTTP Request: POST https://api.openai.com/v1/chat/completions "HTTP/1.1 200 OK"
2025-07-24 00:18:10,414 - [INFO] - httpx - 30f253bee040be44696ee62af01d65c5e5adee0f - HTTP Request: POST https://api.openai.com/v1/chat/completions "HTTP/1.1 200 OK"
2025-07-24 00:18:11,359 - [INFO] - httpx - 30f253bee040be44696ee62af01d65c5e5adee0f - HTTP Request: POST https://api.openai.com/v1/chat/completions "HTTP/1.1 200 OK"
2025-07-24 00:18:12,991 - [INFO] - httpx - 30f253bee040be44696ee62af01d65c5e5adee0f - HTTP Request: POST https://api.openai.com/v1/chat/completions "HTTP/1.1 200 OK"
2025-07-24 00:18:13,448 - [INFO] - httpx - 30f253bee040be44696ee62af01d65c5e5adee0f - HTTP Request: POST https://api.openai.com/v1/chat/completions "HTTP/1.1 200 OK"
2025-07-24 00:18:15,115 - [INFO] - httpx - 30f253bee040be44696ee62af01d65c5e5adee0f - HTTP Request: POST https://api.openai.com/v1/chat/completions "HTTP/1.1 200 OK"
2025-07-24 00:18:18,468 - [INFO] - httpx - 30f253bee040be44696ee62af01d65c5e5adee0f - HTTP Request: POST https://api.openai.com/v1/chat/completions "HTTP/1.1 200 OK"
2025-07-24 00:18:19,376 - [INFO] - httpx - 30f253bee040be44696ee62af01d65c5e5adee0f - HTTP Request: POST https://api.openai.com/v1/chat/completions "HTTP/1.1 200 OK"
2025-07-24 00:18:20,636 - [INFO] - httpx - 30f253bee040be44696ee62af01d65c5e5adee0f - HTTP Request: POST https://api.openai.com/v1/chat/completions "HTTP/1.1 200 OK"
2025-07-24 00:18:21,107 - [INFO] - httpx - 30f253bee040be44696ee62af01d65c5e5adee0f - HTTP Request: POST https://api.openai.com/v1/chat/completions "HTTP/1.1 200 OK"
2025-07-24 00:18:24,580 - [INFO] - httpx - 30f253bee040be44696ee62af01d65c5e5adee0f - HTTP Request: POST https://api.openai.com/v1/chat/completions "HTTP/1.1 200 OK"
2025-07-24 00:18:25,033 - [INFO] - httpx - 30f253bee040be44696ee62af01d65c5e5adee0f - HTTP Request: POST https://api.openai.com/v1/chat/completions "HTTP/1.1 200 OK"
2025-07-24 00:18:25,035 - [INFO] - httpx - 30f253bee040be44696ee62af01d65c5e5adee0f - HTTP Request: POST https://api.openai.com/v1/chat/completions "HTTP/1.1 200 OK"
2025-07-24 00:18:25,189 - [ERROR] - asyncio - 30f253bee040be44696ee62af01d65c5e5adee0f - Task exception was never retrieved
future: <Task finished name='Task-1513' coro=<RecommendService.enrich_place_detail() done, defined at D:\finalPro\backend\app\services\recommend_service.py:317> exception=OutputParserException('Invalid json output: ```json\n{\n  "pros": [\n    "White sandy beach",\n    "Turquoise waters",\n    "Safe swimming",\n    "Close to town",\n    "Great sunsets"\n  ],\n  "cons": [\n    "Crowded high season",\n    "Tourist vendors",\n    "Limited shade",\n    "Jellyfish risk",\n    "Can be windy"\n  ],\n  "advice_trip": "# Itinerary Suggestions\\n\\n- **Day 1**: Arrive in Cancun, take Ultramar ferry to Isla Mujeres (~20 min).\\n- **Day 2**: Morning at Playa Norte; afternoon snorkeling at Garrafón Park.\\n- **Day 3**: Rent a golf cart, explore Punta Sur and MUSA underwater museum.\\n- **Day 4**: Stroll Hidalgo Street, shop local crafts, catch sunset.\\n\\n# Must-See Spots\\n\\n- Playa Norte beach\\n- Garrafón Natural Reef Park\\n- Punta Sur cliff and sculpture garden\\n- Underwater Museum (MUSA)\\n- Downtown Hidalgo pedestrian street\\n\\n# Local Tips\\n\\n- Bring reef-safe sunscreen and a wide-brim hat.\\n- Carry small pesos for street vendors and tips.\\n- Visit early to avoid crowds and midday heat.\\n- Haggle politely when shopping.\\n- Pack a reusable water bottle.\\n\\n# Transportation Advice\\n\\n- Ferry: Ultramar or Naveganto ($8 USD one-way).\\n- Island: Rent a golf cart (~\\$35/day) or bike (~\\$10/day).\\n- Taxis: Agree on fare before boarding.\\n- Walking: Most downtown & beach areas are pedestrian-friendly.\\n\\n# Budget Estimates (per person)\\n\\n| Item                | Cost (USD)    |\\n|---------------------|---------------|\\n| Ferry (round-trip)  | 16            |\\n| Golf cart rental    | 35/day        |\\n| Mid-range hotel     | 60/night      |\\n| Meals & snacks      | 30/day        |\\n| Snorkeling entry    | 50            |\\n| Miscellaneous       | 20/day        |\\n\\n_Total for 3 days: ~$300–350 USD_"\n}\n```\nFor troubleshooting, visit: https://python.langchain.com/docs/troubleshooting/errors/OUTPUT_PARSING_FAILURE ')>
Traceback (most recent call last):
  File "D:\Program Files (x86)\Python\Python312\Lib\site-packages\langchain_core\output_parsers\json.py", line 82, in parse_result
    return parse_json_markdown(text)
           ^^^^^^^^^^^^^^^^^^^^^^^^^
  File "D:\Program Files (x86)\Python\Python312\Lib\site-packages\langchain_core\utils\json.py", line 150, in parse_json_markdown
    return _parse_json(json_str, parser=parser)
           ^^^^^^^^^^^^^^^^^^^^^^^^^^^^^^^^^^^^
  File "D:\Program Files (x86)\Python\Python312\Lib\site-packages\langchain_core\utils\json.py", line 166, in _parse_json
    return parser(json_str)
           ^^^^^^^^^^^^^^^^
  File "D:\Program Files (x86)\Python\Python312\Lib\site-packages\langchain_core\utils\json.py", line 123, in parse_partial_json
    return json.loads(s, strict=strict)
           ^^^^^^^^^^^^^^^^^^^^^^^^^^^^
  File "D:\Program Files (x86)\Python\Python312\Lib\json\__init__.py", line 359, in loads
    return cls(**kw).decode(s)
           ^^^^^^^^^^^^^^^^^^^
  File "D:\Program Files (x86)\Python\Python312\Lib\json\decoder.py", line 337, in decode
    obj, end = self.raw_decode(s, idx=_w(s, 0).end())
               ^^^^^^^^^^^^^^^^^^^^^^^^^^^^^^^^^^^^^^
  File "D:\Program Files (x86)\Python\Python312\Lib\json\decoder.py", line 353, in raw_decode
    obj, end = self.scan_once(s, idx)
               ^^^^^^^^^^^^^^^^^^^^^^
json.decoder.JSONDecodeError: Invalid \escape: line 16 column 870 (char 1128)

The above exception was the direct cause of the following exception:

Traceback (most recent call last):
  File "D:\finalPro\backend\app\services\recommend_service.py", line 346, in enrich_place_detail
    enrich_data = await self.enrich_place_detail_chain.ainvoke(place_name)
                  ^^^^^^^^^^^^^^^^^^^^^^^^^^^^^^^^^^^^^^^^^^^^^^^^^^^^^^^^
  File "D:\Program Files (x86)\Python\Python312\Lib\site-packages\langchain_core\runnables\base.py", line 3089, in ainvoke
    input_ = await coro_with_context(part(), context, create_task=True)
             ^^^^^^^^^^^^^^^^^^^^^^^^^^^^^^^^^^^^^^^^^^^^^^^^^^^^^^^^^^
  File "D:\Program Files (x86)\Python\Python312\Lib\site-packages\langchain_core\output_parsers\base.py", line 219, in ainvoke
    return await self._acall_with_config(
           ^^^^^^^^^^^^^^^^^^^^^^^^^^^^^^
  File "D:\Program Files (x86)\Python\Python312\Lib\site-packages\langchain_core\runnables\base.py", line 1991, in _acall_with_config
    output: Output = await coro_with_context(coro, context)
                     ^^^^^^^^^^^^^^^^^^^^^^^^^^^^^^^^^^^^^^
  File "D:\Program Files (x86)\Python\Python312\Lib\site-packages\langchain_core\output_parsers\base.py", line 280, in aparse_result
    return await run_in_executor(None, self.parse_result, result, partial=partial)
           ^^^^^^^^^^^^^^^^^^^^^^^^^^^^^^^^^^^^^^^^^^^^^^^^^^^^^^^^^^^^^^^^^^^^^^^
  File "D:\Program Files (x86)\Python\Python312\Lib\site-packages\langchain_core\runnables\config.py", line 616, in run_in_executor
    return await asyncio.get_running_loop().run_in_executor(
           ^^^^^^^^^^^^^^^^^^^^^^^^^^^^^^^^^^^^^^^^^^^^^^^^^
  File "D:\Program Files (x86)\Python\Python312\Lib\concurrent\futures\thread.py", line 58, in run
    result = self.fn(*self.args, **self.kwargs)
             ^^^^^^^^^^^^^^^^^^^^^^^^^^^^^^^^^^
  File "D:\Program Files (x86)\Python\Python312\Lib\site-packages\langchain_core\runnables\config.py", line 607, in wrapper
    return func(*args, **kwargs)
           ^^^^^^^^^^^^^^^^^^^^^
  File "D:\Program Files (x86)\Python\Python312\Lib\site-packages\langchain_core\output_parsers\json.py", line 85, in parse_result
    raise OutputParserException(msg, llm_output=text) from e
langchain_core.exceptions.OutputParserException: Invalid json output: ```json
{
  "pros": [
    "White sandy beach",
    "Turquoise waters",
    "Safe swimming",
    "Close to town",
    "Great sunsets"
  ],
  "cons": [
    "Crowded high season",
    "Tourist vendors",
    "Limited shade",
    "Jellyfish risk",
    "Can be windy"
  ],
  "advice_trip": "# Itinerary Suggestions\n\n- **Day 1**: Arrive in Cancun, take Ultramar ferry to Isla Mujeres (~20 min).\n- **Day 2**: Morning at Playa Norte; afternoon snorkeling at Garrafón Park.\n- **Day 3**: Rent a golf cart, explore Punta Sur and MUSA underwater museum.\n- **Day 4**: Stroll Hidalgo Street, shop local crafts, catch sunset.\n\n# Must-See Spots\n\n- Playa Norte beach\n- Garrafón Natural Reef Park\n- Punta Sur cliff and sculpture garden\n- Underwater Museum (MUSA)\n- Downtown Hidalgo pedestrian street\n\n# Local Tips\n\n- Bring reef-safe sunscreen and a wide-brim hat.\n- Carry small pesos for street vendors and tips.\n- Visit early to avoid crowds and midday heat.\n- Haggle politely when shopping.\n- Pack a reusable water bottle.\n\n# Transportation Advice\n\n- Ferry: Ultramar or Naveganto ($8 USD one-way).\n- Island: Rent a golf cart (~\$35/day) or bike (~\$10/day).\n- Taxis: Agree on fare before boarding.\n- Walking: Most downtown & beach areas are pedestrian-friendly.\n\n# Budget Estimates (per person)\n\n| Item                | Cost (USD)    |\n|---------------------|---------------|\n| Ferry (round-trip)  | 16            |\n| Golf cart rental    | 35/day        |\n| Mid-range hotel     | 60/night      |\n| Meals & snacks      | 30/day        |\n| Snorkeling entry    | 50            |\n| Miscellaneous       | 20/day        |\n\n_Total for 3 days: ~$300–350 USD_"
}
```
For troubleshooting, visit: https://python.langchain.com/docs/troubleshooting/errors/OUTPUT_PARSING_FAILURE 
2025-07-24 00:18:25,242 - [INFO] - httpx - 30f253bee040be44696ee62af01d65c5e5adee0f - HTTP Request: POST https://api.openai.com/v1/chat/completions "HTTP/1.1 200 OK"
2025-07-24 00:18:26,691 - [INFO] - httpx - 30f253bee040be44696ee62af01d65c5e5adee0f - HTTP Request: POST https://api.openai.com/v1/chat/completions "HTTP/1.1 200 OK"
2025-07-24 00:18:27,181 - [INFO] - httpx - 30f253bee040be44696ee62af01d65c5e5adee0f - HTTP Request: POST https://api.openai.com/v1/chat/completions "HTTP/1.1 200 OK"
2025-07-24 00:18:27,343 - [ERROR] - asyncio - 30f253bee040be44696ee62af01d65c5e5adee0f - Task exception was never retrieved
future: <Task finished name='Task-1555' coro=<RecommendService.enrich_place_detail() done, defined at D:\finalPro\backend\app\services\recommend_service.py:317> exception=OutputParserException('Invalid json output: ```json\n{\n  "pros": [\n    "Pristine waters",\n    "White sand beach",\n    "Great snorkeling",\n    "Calm waves",\n    "Scenic views"\n  ],\n  "cons": [\n    "Remote location",\n    "Limited amenities",\n    "Weekend crowds",\n    "Few shade spots",\n    "Ferry delays"\n  ],\n  "advice_trip": "## Itinerary Suggestions\\n- **Day 1**: Early ferry from Ceiba to Culebra, check into lodging, relax at Flamenco Beach\\n- **Day 2**: Morning snorkeling at Tamarindo Beach, picnic lunch under a palapa, afternoon hike to Mt. Resaca lookout\\n- **Day 3**: Kayak or boat trip to Culebrita Island, sunset stroll at Punta Soldado\\n\\n## Must-See Spots\\n- Flamenco Beach (snorkel reef at the east end)\\n- Tamarindo Beach (turtles and colorful fish)\\n- Culebrita Island (lighthouse & hidden coves)\\n- Punta Soldado (best sunset view)\\n\\n## Local Tips\\n- Arrive before 9 AM to claim a palapa\\n- Bring reef-safe sunscreen and snorkel gear\\n- Pack plenty of water, snacks, and insect repellent\\n- Carry cash; ATMs can be unreliable\\n\\n## Transportation Advice\\n- Book Ceiba–Culebra ferry tickets weeks in advance\\n- Consider Culebra Air for faster travel\\n- Rent a golf cart or jeep for island exploration\\n\\n## Budget Estimates (per person)\\n- Ferry: \\$4.75 one-way\\n- Air flight: \\$50–70 one-way\\n- Accommodation: \\$70–150/night\\n- Vehicle rental: \\$50–80/day\\n- Meals: \\$15–25 per meal"\n}\n```\nFor troubleshooting, visit: https://python.langchain.com/docs/troubleshooting/errors/OUTPUT_PARSING_FAILURE ')>
Traceback (most recent call last):
  File "D:\Program Files (x86)\Python\Python312\Lib\site-packages\langchain_core\output_parsers\json.py", line 82, in parse_result
    return parse_json_markdown(text)
           ^^^^^^^^^^^^^^^^^^^^^^^^^
  File "D:\Program Files (x86)\Python\Python312\Lib\site-packages\langchain_core\utils\json.py", line 150, in parse_json_markdown
    return _parse_json(json_str, parser=parser)
           ^^^^^^^^^^^^^^^^^^^^^^^^^^^^^^^^^^^^
  File "D:\Program Files (x86)\Python\Python312\Lib\site-packages\langchain_core\utils\json.py", line 166, in _parse_json
    return parser(json_str)
           ^^^^^^^^^^^^^^^^
  File "D:\Program Files (x86)\Python\Python312\Lib\site-packages\langchain_core\utils\json.py", line 123, in parse_partial_json
    return json.loads(s, strict=strict)
           ^^^^^^^^^^^^^^^^^^^^^^^^^^^^
  File "D:\Program Files (x86)\Python\Python312\Lib\json\__init__.py", line 359, in loads
    return cls(**kw).decode(s)
           ^^^^^^^^^^^^^^^^^^^
  File "D:\Program Files (x86)\Python\Python312\Lib\json\decoder.py", line 337, in decode
    obj, end = self.raw_decode(s, idx=_w(s, 0).end())
               ^^^^^^^^^^^^^^^^^^^^^^^^^^^^^^^^^^^^^^
  File "D:\Program Files (x86)\Python\Python312\Lib\json\decoder.py", line 353, in raw_decode
    obj, end = self.scan_once(s, idx)
               ^^^^^^^^^^^^^^^^^^^^^^
json.decoder.JSONDecodeError: Invalid \escape: line 16 column 957 (char 1212)

The above exception was the direct cause of the following exception:

Traceback (most recent call last):
  File "D:\finalPro\backend\app\services\recommend_service.py", line 346, in enrich_place_detail
    enrich_data = await self.enrich_place_detail_chain.ainvoke(place_name)
                  ^^^^^^^^^^^^^^^^^^^^^^^^^^^^^^^^^^^^^^^^^^^^^^^^^^^^^^^^
  File "D:\Program Files (x86)\Python\Python312\Lib\site-packages\langchain_core\runnables\base.py", line 3089, in ainvoke
    input_ = await coro_with_context(part(), context, create_task=True)
             ^^^^^^^^^^^^^^^^^^^^^^^^^^^^^^^^^^^^^^^^^^^^^^^^^^^^^^^^^^
  File "D:\Program Files (x86)\Python\Python312\Lib\site-packages\langchain_core\output_parsers\base.py", line 219, in ainvoke
    return await self._acall_with_config(
           ^^^^^^^^^^^^^^^^^^^^^^^^^^^^^^
  File "D:\Program Files (x86)\Python\Python312\Lib\site-packages\langchain_core\runnables\base.py", line 1991, in _acall_with_config
    output: Output = await coro_with_context(coro, context)
                     ^^^^^^^^^^^^^^^^^^^^^^^^^^^^^^^^^^^^^^
  File "D:\Program Files (x86)\Python\Python312\Lib\site-packages\langchain_core\output_parsers\base.py", line 280, in aparse_result
    return await run_in_executor(None, self.parse_result, result, partial=partial)
           ^^^^^^^^^^^^^^^^^^^^^^^^^^^^^^^^^^^^^^^^^^^^^^^^^^^^^^^^^^^^^^^^^^^^^^^
  File "D:\Program Files (x86)\Python\Python312\Lib\site-packages\langchain_core\runnables\config.py", line 616, in run_in_executor
    return await asyncio.get_running_loop().run_in_executor(
           ^^^^^^^^^^^^^^^^^^^^^^^^^^^^^^^^^^^^^^^^^^^^^^^^^
  File "D:\Program Files (x86)\Python\Python312\Lib\concurrent\futures\thread.py", line 58, in run
    result = self.fn(*self.args, **self.kwargs)
             ^^^^^^^^^^^^^^^^^^^^^^^^^^^^^^^^^^
  File "D:\Program Files (x86)\Python\Python312\Lib\site-packages\langchain_core\runnables\config.py", line 607, in wrapper
    return func(*args, **kwargs)
           ^^^^^^^^^^^^^^^^^^^^^
  File "D:\Program Files (x86)\Python\Python312\Lib\site-packages\langchain_core\output_parsers\json.py", line 85, in parse_result
    raise OutputParserException(msg, llm_output=text) from e
langchain_core.exceptions.OutputParserException: Invalid json output: ```json
{
  "pros": [
    "Pristine waters",
    "White sand beach",
    "Great snorkeling",
    "Calm waves",
    "Scenic views"
  ],
  "cons": [
    "Remote location",
    "Limited amenities",
    "Weekend crowds",
    "Few shade spots",
    "Ferry delays"
  ],
  "advice_trip": "## Itinerary Suggestions\n- **Day 1**: Early ferry from Ceiba to Culebra, check into lodging, relax at Flamenco Beach\n- **Day 2**: Morning snorkeling at Tamarindo Beach, picnic lunch under a palapa, afternoon hike to Mt. Resaca lookout\n- **Day 3**: Kayak or boat trip to Culebrita Island, sunset stroll at Punta Soldado\n\n## Must-See Spots\n- Flamenco Beach (snorkel reef at the east end)\n- Tamarindo Beach (turtles and colorful fish)\n- Culebrita Island (lighthouse & hidden coves)\n- Punta Soldado (best sunset view)\n\n## Local Tips\n- Arrive before 9 AM to claim a palapa\n- Bring reef-safe sunscreen and snorkel gear\n- Pack plenty of water, snacks, and insect repellent\n- Carry cash; ATMs can be unreliable\n\n## Transportation Advice\n- Book Ceiba–Culebra ferry tickets weeks in advance\n- Consider Culebra Air for faster travel\n- Rent a golf cart or jeep for island exploration\n\n## Budget Estimates (per person)\n- Ferry: \$4.75 one-way\n- Air flight: \$50–70 one-way\n- Accommodation: \$70–150/night\n- Vehicle rental: \$50–80/day\n- Meals: \$15–25 per meal"
}
```
For troubleshooting, visit: https://python.langchain.com/docs/troubleshooting/errors/OUTPUT_PARSING_FAILURE 
2025-07-24 00:18:28,247 - [INFO] - httpx - 30f253bee040be44696ee62af01d65c5e5adee0f - HTTP Request: POST https://api.openai.com/v1/chat/completions "HTTP/1.1 200 OK"
2025-07-24 00:18:29,847 - [INFO] - httpx - 30f253bee040be44696ee62af01d65c5e5adee0f - HTTP Request: POST https://api.openai.com/v1/chat/completions "HTTP/1.1 200 OK"
2025-07-24 00:18:30,765 - [INFO] - httpx - 30f253bee040be44696ee62af01d65c5e5adee0f - HTTP Request: POST https://api.openai.com/v1/chat/completions "HTTP/1.1 200 OK"
2025-07-24 00:18:31,057 - [INFO] - httpx - 30f253bee040be44696ee62af01d65c5e5adee0f - HTTP Request: POST https://api.openai.com/v1/chat/completions "HTTP/1.1 200 OK"
2025-07-24 00:18:31,356 - [INFO] - httpx - 30f253bee040be44696ee62af01d65c5e5adee0f - HTTP Request: POST https://api.openai.com/v1/chat/completions "HTTP/1.1 200 OK"
2025-07-24 00:18:33,384 - [INFO] - httpx - 30f253bee040be44696ee62af01d65c5e5adee0f - HTTP Request: POST https://api.openai.com/v1/chat/completions "HTTP/1.1 200 OK"
2025-07-24 00:18:33,617 - [INFO] - httpx - 30f253bee040be44696ee62af01d65c5e5adee0f - HTTP Request: POST https://api.openai.com/v1/chat/completions "HTTP/1.1 200 OK"
2025-07-24 00:18:33,958 - [INFO] - httpx - 30f253bee040be44696ee62af01d65c5e5adee0f - HTTP Request: POST https://api.openai.com/v1/chat/completions "HTTP/1.1 200 OK"
2025-07-24 00:18:33,995 - [INFO] - httpx - 30f253bee040be44696ee62af01d65c5e5adee0f - HTTP Request: POST https://api.openai.com/v1/chat/completions "HTTP/1.1 200 OK"
2025-07-24 00:18:34,054 - [ERROR] - asyncio - 30f253bee040be44696ee62af01d65c5e5adee0f - Task exception was never retrieved
future: <Task finished name='Task-1741' coro=<RecommendService.enrich_place_detail() done, defined at D:\finalPro\backend\app\services\recommend_service.py:317> exception=OutputParserException('Invalid json output: {"pros":["Pristine beaches","Snorkeling reefs","Wildlife refuge","Tranquil vibes","Birdwatching"],"cons":["Limited amenities","Remote location","Seasonal access","No nightlife","Bug presence"],"advice_trip":"### Itinerary suggestions\\n- Day 1: Arrive early, settle in, relax at Flamenco Beach with snorkeling\\n- Day 2: Morning hike on Monte Resaca trail; afternoon at Tamarindo Beach\\n- Day 3: Boat tour to Culebrita Island; explore historic lighthouse and snorkel\\n\\n### Must-see spots\\n- Flamenco Beach\\n- Monte Resaca trail\\n- Culebrita Island & lighthouse\\n- Tamarindo Beach\\n- Tascon Lagoon\\n\\n### Local tips\\n- Use reef-safe sunscreen and bring bug spray\\n- Carry cash; ATMs are limited\\n- Pack snacks and refillable water bottles\\n- Reserve lodging and tours ahead\\n\\n### Transportation advice\\n- Ferry from Ceiba port (~45 min, \\$4–\\$5 one way)\\n- Small plane shuttle option for faster transfer\\n- Rent a golf cart or scooter for island travel\\n\\n### Budget estimates\\n- Ferry: \\$4–\\$5 per person each way\\n- Lodging: \\$100–\\$200 per night\\n- Meals: \\$15–\\$30 per plate\\n- Snorkel gear rental: \\$15–\\$25/day\\n- Incidentals & local transport: \\$50–\\$100 total"}\nFor troubleshooting, visit: https://python.langchain.com/docs/troubleshooting/errors/OUTPUT_PARSING_FAILURE ')>
Traceback (most recent call last):
  File "D:\Program Files (x86)\Python\Python312\Lib\site-packages\langchain_core\output_parsers\json.py", line 82, in parse_result
    return parse_json_markdown(text)
           ^^^^^^^^^^^^^^^^^^^^^^^^^
  File "D:\Program Files (x86)\Python\Python312\Lib\site-packages\langchain_core\utils\json.py", line 150, in parse_json_markdown
    return _parse_json(json_str, parser=parser)
           ^^^^^^^^^^^^^^^^^^^^^^^^^^^^^^^^^^^^
  File "D:\Program Files (x86)\Python\Python312\Lib\site-packages\langchain_core\utils\json.py", line 166, in _parse_json
    return parser(json_str)
           ^^^^^^^^^^^^^^^^
  File "D:\Program Files (x86)\Python\Python312\Lib\site-packages\langchain_core\utils\json.py", line 123, in parse_partial_json
    return json.loads(s, strict=strict)
           ^^^^^^^^^^^^^^^^^^^^^^^^^^^^
  File "D:\Program Files (x86)\Python\Python312\Lib\json\__init__.py", line 359, in loads
    return cls(**kw).decode(s)
           ^^^^^^^^^^^^^^^^^^^
  File "D:\Program Files (x86)\Python\Python312\Lib\json\decoder.py", line 337, in decode
    obj, end = self.raw_decode(s, idx=_w(s, 0).end())
               ^^^^^^^^^^^^^^^^^^^^^^^^^^^^^^^^^^^^^^
  File "D:\Program Files (x86)\Python\Python312\Lib\json\decoder.py", line 353, in raw_decode
    obj, end = self.scan_once(s, idx)
               ^^^^^^^^^^^^^^^^^^^^^^
json.decoder.JSONDecodeError: Invalid \escape: line 1 column 837 (char 836)

The above exception was the direct cause of the following exception:

Traceback (most recent call last):
  File "D:\finalPro\backend\app\services\recommend_service.py", line 346, in enrich_place_detail
    enrich_data = await self.enrich_place_detail_chain.ainvoke(place_name)
                  ^^^^^^^^^^^^^^^^^^^^^^^^^^^^^^^^^^^^^^^^^^^^^^^^^^^^^^^^
  File "D:\Program Files (x86)\Python\Python312\Lib\site-packages\langchain_core\runnables\base.py", line 3089, in ainvoke
    input_ = await coro_with_context(part(), context, create_task=True)
             ^^^^^^^^^^^^^^^^^^^^^^^^^^^^^^^^^^^^^^^^^^^^^^^^^^^^^^^^^^
  File "D:\Program Files (x86)\Python\Python312\Lib\site-packages\langchain_core\output_parsers\base.py", line 219, in ainvoke
    return await self._acall_with_config(
           ^^^^^^^^^^^^^^^^^^^^^^^^^^^^^^
  File "D:\Program Files (x86)\Python\Python312\Lib\site-packages\langchain_core\runnables\base.py", line 1991, in _acall_with_config
    output: Output = await coro_with_context(coro, context)
                     ^^^^^^^^^^^^^^^^^^^^^^^^^^^^^^^^^^^^^^
  File "D:\Program Files (x86)\Python\Python312\Lib\site-packages\langchain_core\output_parsers\base.py", line 280, in aparse_result
    return await run_in_executor(None, self.parse_result, result, partial=partial)
           ^^^^^^^^^^^^^^^^^^^^^^^^^^^^^^^^^^^^^^^^^^^^^^^^^^^^^^^^^^^^^^^^^^^^^^^
  File "D:\Program Files (x86)\Python\Python312\Lib\site-packages\langchain_core\runnables\config.py", line 616, in run_in_executor
    return await asyncio.get_running_loop().run_in_executor(
           ^^^^^^^^^^^^^^^^^^^^^^^^^^^^^^^^^^^^^^^^^^^^^^^^^
  File "D:\Program Files (x86)\Python\Python312\Lib\concurrent\futures\thread.py", line 58, in run
    result = self.fn(*self.args, **self.kwargs)
             ^^^^^^^^^^^^^^^^^^^^^^^^^^^^^^^^^^
  File "D:\Program Files (x86)\Python\Python312\Lib\site-packages\langchain_core\runnables\config.py", line 607, in wrapper
    return func(*args, **kwargs)
           ^^^^^^^^^^^^^^^^^^^^^
  File "D:\Program Files (x86)\Python\Python312\Lib\site-packages\langchain_core\output_parsers\json.py", line 85, in parse_result
    raise OutputParserException(msg, llm_output=text) from e
langchain_core.exceptions.OutputParserException: Invalid json output: {"pros":["Pristine beaches","Snorkeling reefs","Wildlife refuge","Tranquil vibes","Birdwatching"],"cons":["Limited amenities","Remote location","Seasonal access","No nightlife","Bug presence"],"advice_trip":"### Itinerary suggestions\n- Day 1: Arrive early, settle in, relax at Flamenco Beach with snorkeling\n- Day 2: Morning hike on Monte Resaca trail; afternoon at Tamarindo Beach\n- Day 3: Boat tour to Culebrita Island; explore historic lighthouse and snorkel\n\n### Must-see spots\n- Flamenco Beach\n- Monte Resaca trail\n- Culebrita Island & lighthouse\n- Tamarindo Beach\n- Tascon Lagoon\n\n### Local tips\n- Use reef-safe sunscreen and bring bug spray\n- Carry cash; ATMs are limited\n- Pack snacks and refillable water bottles\n- Reserve lodging and tours ahead\n\n### Transportation advice\n- Ferry from Ceiba port (~45 min, \$4–\$5 one way)\n- Small plane shuttle option for faster transfer\n- Rent a golf cart or scooter for island travel\n\n### Budget estimates\n- Ferry: \$4–\$5 per person each way\n- Lodging: \$100–\$200 per night\n- Meals: \$15–\$30 per plate\n- Snorkel gear rental: \$15–\$25/day\n- Incidentals & local transport: \$50–\$100 total"}
For troubleshooting, visit: https://python.langchain.com/docs/troubleshooting/errors/OUTPUT_PARSING_FAILURE 
2025-07-24 00:18:34,764 - [INFO] - httpx - 30f253bee040be44696ee62af01d65c5e5adee0f - HTTP Request: POST https://api.openai.com/v1/chat/completions "HTTP/1.1 200 OK"
2025-07-24 00:18:35,864 - [INFO] - httpx - 30f253bee040be44696ee62af01d65c5e5adee0f - HTTP Request: POST https://api.openai.com/v1/chat/completions "HTTP/1.1 200 OK"
2025-07-24 00:18:37,223 - [INFO] - httpx - 30f253bee040be44696ee62af01d65c5e5adee0f - HTTP Request: POST https://api.openai.com/v1/chat/completions "HTTP/1.1 200 OK"
2025-07-24 00:18:37,950 - [INFO] - httpx - 30f253bee040be44696ee62af01d65c5e5adee0f - HTTP Request: POST https://api.openai.com/v1/chat/completions "HTTP/1.1 200 OK"
2025-07-24 00:18:38,973 - [INFO] - httpx - 30f253bee040be44696ee62af01d65c5e5adee0f - HTTP Request: POST https://api.openai.com/v1/chat/completions "HTTP/1.1 200 OK"
2025-07-24 00:18:39,282 - [INFO] - httpx - 30f253bee040be44696ee62af01d65c5e5adee0f - HTTP Request: POST https://api.openai.com/v1/chat/completions "HTTP/1.1 200 OK"
2025-07-24 00:18:40,077 - [INFO] - httpx - 30f253bee040be44696ee62af01d65c5e5adee0f - HTTP Request: POST https://api.openai.com/v1/chat/completions "HTTP/1.1 200 OK"
2025-07-24 00:18:40,550 - [INFO] - httpx - 30f253bee040be44696ee62af01d65c5e5adee0f - HTTP Request: POST https://api.openai.com/v1/chat/completions "HTTP/1.1 200 OK"
2025-07-24 00:18:44,213 - [INFO] - httpx - 30f253bee040be44696ee62af01d65c5e5adee0f - HTTP Request: POST https://api.openai.com/v1/chat/completions "HTTP/1.1 200 OK"
2025-07-24 00:18:44,761 - [INFO] - httpx - 30f253bee040be44696ee62af01d65c5e5adee0f - HTTP Request: POST https://api.openai.com/v1/chat/completions "HTTP/1.1 200 OK"
2025-07-24 00:18:46,587 - [INFO] - httpx - 30f253bee040be44696ee62af01d65c5e5adee0f - HTTP Request: POST https://api.openai.com/v1/chat/completions "HTTP/1.1 200 OK"
2025-07-24 00:18:46,773 - [INFO] - httpx - 30f253bee040be44696ee62af01d65c5e5adee0f - HTTP Request: POST https://api.openai.com/v1/chat/completions "HTTP/1.1 200 OK"
2025-07-24 00:18:52,532 - [INFO] - httpx - 30f253bee040be44696ee62af01d65c5e5adee0f - HTTP Request: POST https://api.openai.com/v1/chat/completions "HTTP/1.1 200 OK"
2025-07-24 00:18:53,916 - [INFO] - httpx - 30f253bee040be44696ee62af01d65c5e5adee0f - HTTP Request: POST https://api.openai.com/v1/chat/completions "HTTP/1.1 200 OK"
2025-07-24 00:18:54,830 - [INFO] - httpx - 30f253bee040be44696ee62af01d65c5e5adee0f - HTTP Request: POST https://api.openai.com/v1/chat/completions "HTTP/1.1 200 OK"
2025-07-24 00:18:56,144 - [INFO] - httpx - 30f253bee040be44696ee62af01d65c5e5adee0f - HTTP Request: POST https://api.openai.com/v1/chat/completions "HTTP/1.1 200 OK"
2025-07-24 00:18:56,196 - [ERROR] - asyncio - 30f253bee040be44696ee62af01d65c5e5adee0f - Task exception was never retrieved
future: <Task finished name='Task-2310' coro=<RecommendService.enrich_place_detail() done, defined at D:\finalPro\backend\app\services\recommend_service.py:317> exception=OutputParserException('Invalid json output: ```json\n{\n  "pros": [\n    "Dramatic vistas",\n    "Unique black sand",\n    "Basalt columns",\n    "Photo paradise",\n    "Birdwatching"\n  ],\n  "cons": [\n    "Sneaker waves",\n    "Cold wind",\n    "Crowded peak",\n    "No facilities",\n    "Unpredictable tides"\n  ],\n  "advice_trip": "## Itinerary Suggestions\\n- Day 1: Arrive in Reykjavík, pick up rental car\\n- Day 2: Drive along Ring Road to Vík, visit Reynisfjara\\n- Day 3: Explore Dyrhólaey arch & puffin cliffs\\n- Day 4: Ice cave or glacier hike nearby\\n\\n## Must-see Spots\\n- Reynisdrangar sea stacks\\n- Hexagonal basalt columns\\n- Dyrhólaey lighthouse & arch\\n- Nearby Skógafoss waterfall\\n\\n## Local Tips\\n- Stay 50 m from the shore due to sneaker waves\\n- Check tide schedule before visiting\\n- Dress in windproof layers\\n- Bring waterproof shoes\\n\\n## Transportation Advice\\n- Rent a 4×4 vehicle for Ring Road\\n- Fill up on gas in major towns\\n- Bus tours available from Reykjavík\\n- Use SafeTravel app for road conditions\\n\\n## Budget Estimates\\n- Car rental: \\$60–\\$100/day\\n- Gasoline: \\$2/ℓ\\n- Accommodation: \\$80–\\$150/night\\n- Meals: \\$20–\\$40 per person\\n- Entrance fees: mostly free"\n}\n```\nFor troubleshooting, visit: https://python.langchain.com/docs/troubleshooting/errors/OUTPUT_PARSING_FAILURE ')>
Traceback (most recent call last):
  File "D:\Program Files (x86)\Python\Python312\Lib\site-packages\langchain_core\output_parsers\json.py", line 82, in parse_result
    return parse_json_markdown(text)
           ^^^^^^^^^^^^^^^^^^^^^^^^^
  File "D:\Program Files (x86)\Python\Python312\Lib\site-packages\langchain_core\utils\json.py", line 150, in parse_json_markdown
    return _parse_json(json_str, parser=parser)
           ^^^^^^^^^^^^^^^^^^^^^^^^^^^^^^^^^^^^
  File "D:\Program Files (x86)\Python\Python312\Lib\site-packages\langchain_core\utils\json.py", line 166, in _parse_json
    return parser(json_str)
           ^^^^^^^^^^^^^^^^
  File "D:\Program Files (x86)\Python\Python312\Lib\site-packages\langchain_core\utils\json.py", line 123, in parse_partial_json
    return json.loads(s, strict=strict)
           ^^^^^^^^^^^^^^^^^^^^^^^^^^^^
  File "D:\Program Files (x86)\Python\Python312\Lib\json\__init__.py", line 359, in loads
    return cls(**kw).decode(s)
           ^^^^^^^^^^^^^^^^^^^
  File "D:\Program Files (x86)\Python\Python312\Lib\json\decoder.py", line 337, in decode
    obj, end = self.raw_decode(s, idx=_w(s, 0).end())
               ^^^^^^^^^^^^^^^^^^^^^^^^^^^^^^^^^^^^^^
  File "D:\Program Files (x86)\Python\Python312\Lib\json\decoder.py", line 353, in raw_decode
    obj, end = self.scan_once(s, idx)
               ^^^^^^^^^^^^^^^^^^^^^^
json.decoder.JSONDecodeError: Invalid \escape: line 16 column 756 (char 1007)

The above exception was the direct cause of the following exception:

Traceback (most recent call last):
  File "D:\finalPro\backend\app\services\recommend_service.py", line 346, in enrich_place_detail
    enrich_data = await self.enrich_place_detail_chain.ainvoke(place_name)
                  ^^^^^^^^^^^^^^^^^^^^^^^^^^^^^^^^^^^^^^^^^^^^^^^^^^^^^^^^
  File "D:\Program Files (x86)\Python\Python312\Lib\site-packages\langchain_core\runnables\base.py", line 3089, in ainvoke
    input_ = await coro_with_context(part(), context, create_task=True)
             ^^^^^^^^^^^^^^^^^^^^^^^^^^^^^^^^^^^^^^^^^^^^^^^^^^^^^^^^^^
  File "D:\Program Files (x86)\Python\Python312\Lib\site-packages\langchain_core\output_parsers\base.py", line 219, in ainvoke
    return await self._acall_with_config(
           ^^^^^^^^^^^^^^^^^^^^^^^^^^^^^^
  File "D:\Program Files (x86)\Python\Python312\Lib\site-packages\langchain_core\runnables\base.py", line 1991, in _acall_with_config
    output: Output = await coro_with_context(coro, context)
                     ^^^^^^^^^^^^^^^^^^^^^^^^^^^^^^^^^^^^^^
  File "D:\Program Files (x86)\Python\Python312\Lib\site-packages\langchain_core\output_parsers\base.py", line 280, in aparse_result
    return await run_in_executor(None, self.parse_result, result, partial=partial)
           ^^^^^^^^^^^^^^^^^^^^^^^^^^^^^^^^^^^^^^^^^^^^^^^^^^^^^^^^^^^^^^^^^^^^^^^
  File "D:\Program Files (x86)\Python\Python312\Lib\site-packages\langchain_core\runnables\config.py", line 616, in run_in_executor
    return await asyncio.get_running_loop().run_in_executor(
           ^^^^^^^^^^^^^^^^^^^^^^^^^^^^^^^^^^^^^^^^^^^^^^^^^
  File "D:\Program Files (x86)\Python\Python312\Lib\concurrent\futures\thread.py", line 58, in run
    result = self.fn(*self.args, **self.kwargs)
             ^^^^^^^^^^^^^^^^^^^^^^^^^^^^^^^^^^
  File "D:\Program Files (x86)\Python\Python312\Lib\site-packages\langchain_core\runnables\config.py", line 607, in wrapper
    return func(*args, **kwargs)
           ^^^^^^^^^^^^^^^^^^^^^
  File "D:\Program Files (x86)\Python\Python312\Lib\site-packages\langchain_core\output_parsers\json.py", line 85, in parse_result
    raise OutputParserException(msg, llm_output=text) from e
langchain_core.exceptions.OutputParserException: Invalid json output: ```json
{
  "pros": [
    "Dramatic vistas",
    "Unique black sand",
    "Basalt columns",
    "Photo paradise",
    "Birdwatching"
  ],
  "cons": [
    "Sneaker waves",
    "Cold wind",
    "Crowded peak",
    "No facilities",
    "Unpredictable tides"
  ],
  "advice_trip": "## Itinerary Suggestions\n- Day 1: Arrive in Reykjavík, pick up rental car\n- Day 2: Drive along Ring Road to Vík, visit Reynisfjara\n- Day 3: Explore Dyrhólaey arch & puffin cliffs\n- Day 4: Ice cave or glacier hike nearby\n\n## Must-see Spots\n- Reynisdrangar sea stacks\n- Hexagonal basalt columns\n- Dyrhólaey lighthouse & arch\n- Nearby Skógafoss waterfall\n\n## Local Tips\n- Stay 50 m from the shore due to sneaker waves\n- Check tide schedule before visiting\n- Dress in windproof layers\n- Bring waterproof shoes\n\n## Transportation Advice\n- Rent a 4×4 vehicle for Ring Road\n- Fill up on gas in major towns\n- Bus tours available from Reykjavík\n- Use SafeTravel app for road conditions\n\n## Budget Estimates\n- Car rental: \$60–\$100/day\n- Gasoline: \$2/ℓ\n- Accommodation: \$80–\$150/night\n- Meals: \$20–\$40 per person\n- Entrance fees: mostly free"
}
```
For troubleshooting, visit: https://python.langchain.com/docs/troubleshooting/errors/OUTPUT_PARSING_FAILURE 
2025-07-24 00:18:56,220 - [INFO] - googlemaps.client - 30f253bee040be44696ee62af01d65c5e5adee0f - API queries_quota: 60
2025-07-24 00:18:56,418 - [INFO] - httpx - 30f253bee040be44696ee62af01d65c5e5adee0f - HTTP Request: POST https://api.openai.com/v1/chat/completions "HTTP/1.1 200 OK"
2025-07-24 00:18:56,559 - [INFO] - httpx - 30f253bee040be44696ee62af01d65c5e5adee0f - HTTP Request: POST https://api.openai.com/v1/chat/completions "HTTP/1.1 200 OK"
2025-07-24 00:18:57,201 - [INFO] - httpx - 30f253bee040be44696ee62af01d65c5e5adee0f - HTTP Request: POST https://api.openai.com/v1/chat/completions "HTTP/1.1 200 OK"
2025-07-24 00:18:58,201 - [INFO] - httpx - 30f253bee040be44696ee62af01d65c5e5adee0f - HTTP Request: POST https://api.openai.com/v1/chat/completions "HTTP/1.1 200 OK"
2025-07-24 00:18:58,267 - [INFO] - httpx - 30f253bee040be44696ee62af01d65c5e5adee0f - HTTP Request: POST https://api.openai.com/v1/chat/completions "HTTP/1.1 200 OK"
2025-07-24 00:18:58,423 - [INFO] - httpx - 30f253bee040be44696ee62af01d65c5e5adee0f - HTTP Request: POST https://api.openai.com/v1/chat/completions "HTTP/1.1 200 OK"
2025-07-24 00:18:59,833 - [INFO] - googlemaps.client - 30f253bee040be44696ee62af01d65c5e5adee0f - API queries_quota: 60
2025-07-24 00:19:00,402 - [INFO] - httpx - 30f253bee040be44696ee62af01d65c5e5adee0f - HTTP Request: POST https://api.openai.com/v1/chat/completions "HTTP/1.1 200 OK"
2025-07-24 00:19:00,402 - [INFO] - httpx - 30f253bee040be44696ee62af01d65c5e5adee0f - HTTP Request: POST https://api.openai.com/v1/chat/completions "HTTP/1.1 200 OK"
2025-07-24 00:19:01,057 - [INFO] - httpx - 30f253bee040be44696ee62af01d65c5e5adee0f - HTTP Request: POST https://api.openai.com/v1/chat/completions "HTTP/1.1 200 OK"
2025-07-24 00:19:01,679 - [INFO] - httpx - 30f253bee040be44696ee62af01d65c5e5adee0f - HTTP Request: POST https://api.openai.com/v1/chat/completions "HTTP/1.1 200 OK"
2025-07-24 00:19:02,110 - [INFO] - httpx - 30f253bee040be44696ee62af01d65c5e5adee0f - HTTP Request: POST https://api.openai.com/v1/chat/completions "HTTP/1.1 200 OK"
2025-07-24 00:19:02,677 - [INFO] - httpx - 30f253bee040be44696ee62af01d65c5e5adee0f - HTTP Request: POST https://api.openai.com/v1/chat/completions "HTTP/1.1 200 OK"
2025-07-24 00:19:03,662 - [INFO] - httpx - 30f253bee040be44696ee62af01d65c5e5adee0f - HTTP Request: POST https://api.openai.com/v1/chat/completions "HTTP/1.1 200 OK"
2025-07-24 00:19:04,694 - [INFO] - httpx - 30f253bee040be44696ee62af01d65c5e5adee0f - HTTP Request: POST https://api.openai.com/v1/chat/completions "HTTP/1.1 200 OK"
2025-07-24 00:19:05,505 - [INFO] - httpx - 30f253bee040be44696ee62af01d65c5e5adee0f - HTTP Request: POST https://api.openai.com/v1/chat/completions "HTTP/1.1 200 OK"
2025-07-24 00:19:05,762 - [INFO] - httpx - 30f253bee040be44696ee62af01d65c5e5adee0f - HTTP Request: POST https://api.openai.com/v1/chat/completions "HTTP/1.1 200 OK"
2025-07-24 00:19:08,308 - [INFO] - httpx - 30f253bee040be44696ee62af01d65c5e5adee0f - HTTP Request: POST https://api.openai.com/v1/chat/completions "HTTP/1.1 200 OK"
2025-07-24 00:19:11,199 - [INFO] - httpx - 30f253bee040be44696ee62af01d65c5e5adee0f - HTTP Request: POST https://api.openai.com/v1/chat/completions "HTTP/1.1 200 OK"
2025-07-24 00:19:11,335 - [INFO] - httpx - 30f253bee040be44696ee62af01d65c5e5adee0f - HTTP Request: POST https://api.openai.com/v1/chat/completions "HTTP/1.1 200 OK"
2025-07-24 00:19:12,125 - [INFO] - googlemaps.client - 30f253bee040be44696ee62af01d65c5e5adee0f - API queries_quota: 60
2025-07-24 00:19:12,317 - [INFO] - httpx - 30f253bee040be44696ee62af01d65c5e5adee0f - HTTP Request: POST https://api.openai.com/v1/chat/completions "HTTP/1.1 200 OK"
2025-07-24 00:19:14,820 - [INFO] - httpx - 30f253bee040be44696ee62af01d65c5e5adee0f - HTTP Request: POST https://api.openai.com/v1/chat/completions "HTTP/1.1 200 OK"
2025-07-24 00:19:15,567 - [INFO] - httpx - 30f253bee040be44696ee62af01d65c5e5adee0f - HTTP Request: POST https://api.openai.com/v1/chat/completions "HTTP/1.1 200 OK"
2025-07-24 00:19:16,608 - [INFO] - httpx - 30f253bee040be44696ee62af01d65c5e5adee0f - HTTP Request: POST https://api.openai.com/v1/chat/completions "HTTP/1.1 200 OK"
2025-07-24 00:19:17,108 - [INFO] - httpx - 30f253bee040be44696ee62af01d65c5e5adee0f - HTTP Request: POST https://api.openai.com/v1/chat/completions "HTTP/1.1 200 OK"
2025-07-24 00:19:17,403 - [INFO] - googlemaps.client - 30f253bee040be44696ee62af01d65c5e5adee0f - API queries_quota: 60
2025-07-24 00:20:37,308 - [INFO] - googlemaps.client - 30f253bee040be44696ee62af01d65c5e5adee0f - API queries_quota: 60
2025-07-24 00:22:31,348 - [INFO] - googlemaps.client - 30f253bee040be44696ee62af01d65c5e5adee0f - API queries_quota: 60
2025-07-24 00:25:18,323 - [INFO] - googlemaps.client - 30f253bee040be44696ee62af01d65c5e5adee0f - API queries_quota: 60
2025-07-24 00:25:37,252 - [INFO] - googlemaps.client - 30f253bee040be44696ee62af01d65c5e5adee0f - API queries_quota: 60
2025-07-24 00:26:53,654 - [INFO] - googlemaps.client - 30f253bee040be44696ee62af01d65c5e5adee0f - API queries_quota: 60
2025-07-24 00:27:07,001 - [INFO] - googlemaps.client - 30f253bee040be44696ee62af01d65c5e5adee0f - API queries_quota: 60
2025-07-24 00:27:20,164 - [INFO] - httpx - 30f253bee040be44696ee62af01d65c5e5adee0f - HTTP Request: POST https://api.openai.com/v1/chat/completions "HTTP/1.1 200 OK"
2025-07-24 00:27:32,146 - [INFO] - httpx - 30f253bee040be44696ee62af01d65c5e5adee0f - HTTP Request: POST https://api.openai.com/v1/chat/completions "HTTP/1.1 200 OK"
2025-07-24 00:27:32,146 - [INFO] - googlemaps.client - 30f253bee040be44696ee62af01d65c5e5adee0f - API queries_quota: 60
2025-07-24 00:27:36,499 - [INFO] - httpx - 30f253bee040be44696ee62af01d65c5e5adee0f - HTTP Request: POST https://api.openai.com/v1/chat/completions "HTTP/1.1 200 OK"
2025-07-24 00:27:45,272 - [INFO] - httpx - 30f253bee040be44696ee62af01d65c5e5adee0f - HTTP Request: POST https://api.openai.com/v1/chat/completions "HTTP/1.1 200 OK"
2025-07-24 00:27:45,277 - [INFO] - googlemaps.client - 30f253bee040be44696ee62af01d65c5e5adee0f - API queries_quota: 60
2025-07-24 00:27:48,136 - [INFO] - httpx - 30f253bee040be44696ee62af01d65c5e5adee0f - HTTP Request: POST https://api.openai.com/v1/chat/completions "HTTP/1.1 200 OK"
2025-07-24 00:27:54,234 - [INFO] - httpx - 30f253bee040be44696ee62af01d65c5e5adee0f - HTTP Request: POST https://api.openai.com/v1/chat/completions "HTTP/1.1 200 OK"
2025-07-24 00:27:58,754 - [INFO] - httpx - 30f253bee040be44696ee62af01d65c5e5adee0f - HTTP Request: POST https://api.openai.com/v1/chat/completions "HTTP/1.1 200 OK"
2025-07-24 00:56:28,550 - [INFO] - googlemaps.client - 30f253bee040be44696ee62af01d65c5e5adee0f - API queries_quota: 60
2025-07-24 00:56:45,483 - [INFO] - googlemaps.client - 30f253bee040be44696ee62af01d65c5e5adee0f - API queries_quota: 60
2025-07-24 00:57:38,896 - [INFO] - googlemaps.client - 30f253bee040be44696ee62af01d65c5e5adee0f - API queries_quota: 60
2025-07-24 00:58:34,064 - [INFO] - googlemaps.client - 30f253bee040be44696ee62af01d65c5e5adee0f - API queries_quota: 60
2025-07-24 01:02:00,589 - [INFO] - httpx - 30f253bee040be44696ee62af01d65c5e5adee0f - HTTP Request: POST https://api.openai.com/v1/chat/completions "HTTP/1.1 200 OK"
2025-07-24 01:02:18,964 - [INFO] - httpx - 30f253bee040be44696ee62af01d65c5e5adee0f - HTTP Request: POST https://api.openai.com/v1/chat/completions "HTTP/1.1 200 OK"
2025-07-24 01:02:18,969 - [INFO] - googlemaps.client - 30f253bee040be44696ee62af01d65c5e5adee0f - API queries_quota: 60
2025-07-24 01:02:23,416 - [INFO] - httpx - 30f253bee040be44696ee62af01d65c5e5adee0f - HTTP Request: POST https://api.openai.com/v1/chat/completions "HTTP/1.1 200 OK"
2025-07-24 05:53:56,622 - [INFO] - googlemaps.client - 30f253bee040be44696ee62af01d65c5e5adee0f - API queries_quota: 60
2025-07-24 05:54:39,567 - [INFO] - httpx - 30f253bee040be44696ee62af01d65c5e5adee0f - HTTP Request: POST https://api.openai.com/v1/chat/completions "HTTP/1.1 200 OK"
2025-07-24 05:54:58,307 - [INFO] - httpx - 30f253bee040be44696ee62af01d65c5e5adee0f - HTTP Request: POST https://api.openai.com/v1/chat/completions "HTTP/1.1 200 OK"
2025-07-24 05:54:58,327 - [INFO] - googlemaps.client - 30f253bee040be44696ee62af01d65c5e5adee0f - API queries_quota: 60
2025-07-24 05:55:02,147 - [INFO] - httpx - 30f253bee040be44696ee62af01d65c5e5adee0f - HTTP Request: POST https://api.openai.com/v1/chat/completions "HTTP/1.1 200 OK"
2025-07-24 05:55:06,020 - [INFO] - httpx - 30f253bee040be44696ee62af01d65c5e5adee0f - HTTP Request: POST https://api.openai.com/v1/chat/completions "HTTP/1.1 200 OK"
2025-07-24 05:55:06,022 - [INFO] - TravelAI - 30f253bee040be44696ee62af01d65c5e5adee0f - intentions: ['ADVANCE_STEP']
2025-07-24 05:55:06,023 - [INFO] - googlemaps.client - 30f253bee040be44696ee62af01d65c5e5adee0f - API queries_quota: 60
2025-07-24 05:55:11,817 - [INFO] - httpx - 30f253bee040be44696ee62af01d65c5e5adee0f - HTTP Request: POST https://api.openai.com/v1/chat/completions "HTTP/1.1 200 OK"
2025-07-24 05:56:22,771 - [INFO] - httpx - 30f253bee040be44696ee62af01d65c5e5adee0f - HTTP Request: POST https://api.openai.com/v1/chat/completions "HTTP/1.1 200 OK"
2025-07-24 05:56:49,236 - [INFO] - httpx - 30f253bee040be44696ee62af01d65c5e5adee0f - HTTP Request: POST https://api.openai.com/v1/chat/completions "HTTP/1.1 200 OK"
2025-07-24 05:56:59,750 - [INFO] - httpx - 30f253bee040be44696ee62af01d65c5e5adee0f - HTTP Request: POST https://api.openai.com/v1/chat/completions "HTTP/1.1 200 OK"
2025-07-24 05:57:01,979 - [INFO] - httpx - 30f253bee040be44696ee62af01d65c5e5adee0f - HTTP Request: POST https://api.openai.com/v1/chat/completions "HTTP/1.1 200 OK"
2025-07-24 05:57:02,690 - [INFO] - httpx - 30f253bee040be44696ee62af01d65c5e5adee0f - HTTP Request: POST https://api.openai.com/v1/chat/completions "HTTP/1.1 200 OK"
2025-07-24 05:57:02,882 - [INFO] - httpx - 30f253bee040be44696ee62af01d65c5e5adee0f - HTTP Request: POST https://api.openai.com/v1/chat/completions "HTTP/1.1 200 OK"
2025-07-24 05:57:03,292 - [INFO] - httpx - 30f253bee040be44696ee62af01d65c5e5adee0f - HTTP Request: POST https://api.openai.com/v1/chat/completions "HTTP/1.1 200 OK"
2025-07-24 05:57:03,333 - [ERROR] - asyncio - 30f253bee040be44696ee62af01d65c5e5adee0f - Task exception was never retrieved
future: <Task finished name='Task-436' coro=<RecommendService.enrich_place_detail() done, defined at D:\finalPro\backend\app\services\recommend_service.py:314> exception=OutputParserException('Invalid json output: {\n  "pros": [\n    "Gluten-free menu",\n    "Fresh ingredients",\n    "Casual vibe",\n    "Family-friendly"\n  ],\n  "cons": [\n    "Limited seating",\n    "Can be pricey",\n    "Peak waits",\n    "No late hours"\n  ],\n  "advice_trip": "## Itinerary Suggestions\\n\\n**Day 1**\\n- 8:30 AM: Breakfast at Picnik Burnet Rd\\n- 10:00 AM: Stroll UT campus & Blanton Museum\\n- 12:30 PM: Lunch at South Congress food trucks\\n- 2:30 PM: Swim at Barton Springs Pool\\n- 5:00 PM: Chill at Zilker Park\\n- 7:30 PM: Dinner on Rainey St\\n\\n**Day 2**\\n- 9:00 AM: Coffee & pastry downtown\\n- 10:30 AM: Lady Bird Lake paddleboarding\\n- 1:00 PM: BBQ lunch at Terry Black’s\\n- 3:00 PM: Visit Mount Bonnell\\n- 6:00 PM: Live music in East Austin\\n\\n## Must-See Spots\\n\\n- Picnik Burnet Rd\\n- Barton Springs Pool\\n- South Congress Avenue\\n- Zilker Botanical Garden\\n- Sixth Street live music\\n\\n## Local Tips\\n\\n- Call ahead for wait times at Picnik.\\n- Arrive early for Barton Springs.\\n- Tip 18–20% in restaurants.\\n- Try local breakfast tacos.\\n\\n## Transportation Advice\\n\\n- Use rideshare (Uber/Lyft).\\n- Rent a B-cycle or scooter for short hops.\\n- Parking apps help find spots on Burnet Rd.\\n\\n## Budget Estimates (per person)\\n\\n- Meals: $60–80/day\\n- Activities: $20–30/day\\n- Transport: $15–25/day\\n- Total: ~\\$100–135/day"\n}\nFor troubleshooting, visit: https://python.langchain.com/docs/troubleshooting/errors/OUTPUT_PARSING_FAILURE ')>
Traceback (most recent call last):
  File "D:\Program Files (x86)\Python\Python312\Lib\site-packages\langchain_core\output_parsers\json.py", line 82, in parse_result
    return parse_json_markdown(text)
           ^^^^^^^^^^^^^^^^^^^^^^^^^
  File "D:\Program Files (x86)\Python\Python312\Lib\site-packages\langchain_core\utils\json.py", line 150, in parse_json_markdown
    return _parse_json(json_str, parser=parser)
           ^^^^^^^^^^^^^^^^^^^^^^^^^^^^^^^^^^^^
  File "D:\Program Files (x86)\Python\Python312\Lib\site-packages\langchain_core\utils\json.py", line 166, in _parse_json
    return parser(json_str)
           ^^^^^^^^^^^^^^^^
  File "D:\Program Files (x86)\Python\Python312\Lib\site-packages\langchain_core\utils\json.py", line 123, in parse_partial_json
    return json.loads(s, strict=strict)
           ^^^^^^^^^^^^^^^^^^^^^^^^^^^^
  File "D:\Program Files (x86)\Python\Python312\Lib\json\__init__.py", line 359, in loads
    return cls(**kw).decode(s)
           ^^^^^^^^^^^^^^^^^^^
  File "D:\Program Files (x86)\Python\Python312\Lib\json\decoder.py", line 337, in decode
    obj, end = self.raw_decode(s, idx=_w(s, 0).end())
               ^^^^^^^^^^^^^^^^^^^^^^^^^^^^^^^^^^^^^^
  File "D:\Program Files (x86)\Python\Python312\Lib\json\decoder.py", line 353, in raw_decode
    obj, end = self.scan_once(s, idx)
               ^^^^^^^^^^^^^^^^^^^^^^
json.decoder.JSONDecodeError: Invalid \escape: line 14 column 1074 (char 1281)

The above exception was the direct cause of the following exception:

Traceback (most recent call last):
  File "D:\finalPro\backend\app\services\recommend_service.py", line 344, in enrich_place_detail
    enrich_data = await self.enrich_place_detail_chain.ainvoke(place_name)
                  ^^^^^^^^^^^^^^^^^^^^^^^^^^^^^^^^^^^^^^^^^^^^^^^^^^^^^^^^
  File "D:\Program Files (x86)\Python\Python312\Lib\site-packages\langchain_core\runnables\base.py", line 3089, in ainvoke
    input_ = await coro_with_context(part(), context, create_task=True)
             ^^^^^^^^^^^^^^^^^^^^^^^^^^^^^^^^^^^^^^^^^^^^^^^^^^^^^^^^^^
  File "D:\Program Files (x86)\Python\Python312\Lib\site-packages\langchain_core\output_parsers\base.py", line 219, in ainvoke
    return await self._acall_with_config(
           ^^^^^^^^^^^^^^^^^^^^^^^^^^^^^^
  File "D:\Program Files (x86)\Python\Python312\Lib\site-packages\langchain_core\runnables\base.py", line 1991, in _acall_with_config
    output: Output = await coro_with_context(coro, context)
                     ^^^^^^^^^^^^^^^^^^^^^^^^^^^^^^^^^^^^^^
  File "D:\Program Files (x86)\Python\Python312\Lib\site-packages\langchain_core\output_parsers\base.py", line 280, in aparse_result
    return await run_in_executor(None, self.parse_result, result, partial=partial)
           ^^^^^^^^^^^^^^^^^^^^^^^^^^^^^^^^^^^^^^^^^^^^^^^^^^^^^^^^^^^^^^^^^^^^^^^
  File "D:\Program Files (x86)\Python\Python312\Lib\site-packages\langchain_core\runnables\config.py", line 616, in run_in_executor
    return await asyncio.get_running_loop().run_in_executor(
           ^^^^^^^^^^^^^^^^^^^^^^^^^^^^^^^^^^^^^^^^^^^^^^^^^
  File "D:\Program Files (x86)\Python\Python312\Lib\concurrent\futures\thread.py", line 58, in run
    result = self.fn(*self.args, **self.kwargs)
             ^^^^^^^^^^^^^^^^^^^^^^^^^^^^^^^^^^
  File "D:\Program Files (x86)\Python\Python312\Lib\site-packages\langchain_core\runnables\config.py", line 607, in wrapper
    return func(*args, **kwargs)
           ^^^^^^^^^^^^^^^^^^^^^
  File "D:\Program Files (x86)\Python\Python312\Lib\site-packages\langchain_core\output_parsers\json.py", line 85, in parse_result
    raise OutputParserException(msg, llm_output=text) from e
langchain_core.exceptions.OutputParserException: Invalid json output: {
  "pros": [
    "Gluten-free menu",
    "Fresh ingredients",
    "Casual vibe",
    "Family-friendly"
  ],
  "cons": [
    "Limited seating",
    "Can be pricey",
    "Peak waits",
    "No late hours"
  ],
  "advice_trip": "## Itinerary Suggestions\n\n**Day 1**\n- 8:30 AM: Breakfast at Picnik Burnet Rd\n- 10:00 AM: Stroll UT campus & Blanton Museum\n- 12:30 PM: Lunch at South Congress food trucks\n- 2:30 PM: Swim at Barton Springs Pool\n- 5:00 PM: Chill at Zilker Park\n- 7:30 PM: Dinner on Rainey St\n\n**Day 2**\n- 9:00 AM: Coffee & pastry downtown\n- 10:30 AM: Lady Bird Lake paddleboarding\n- 1:00 PM: BBQ lunch at Terry Black’s\n- 3:00 PM: Visit Mount Bonnell\n- 6:00 PM: Live music in East Austin\n\n## Must-See Spots\n\n- Picnik Burnet Rd\n- Barton Springs Pool\n- South Congress Avenue\n- Zilker Botanical Garden\n- Sixth Street live music\n\n## Local Tips\n\n- Call ahead for wait times at Picnik.\n- Arrive early for Barton Springs.\n- Tip 18–20% in restaurants.\n- Try local breakfast tacos.\n\n## Transportation Advice\n\n- Use rideshare (Uber/Lyft).\n- Rent a B-cycle or scooter for short hops.\n- Parking apps help find spots on Burnet Rd.\n\n## Budget Estimates (per person)\n\n- Meals: $60–80/day\n- Activities: $20–30/day\n- Transport: $15–25/day\n- Total: ~\$100–135/day"
}
For troubleshooting, visit: https://python.langchain.com/docs/troubleshooting/errors/OUTPUT_PARSING_FAILURE 
2025-07-24 05:57:03,625 - [INFO] - httpx - 30f253bee040be44696ee62af01d65c5e5adee0f - HTTP Request: POST https://api.openai.com/v1/chat/completions "HTTP/1.1 200 OK"
2025-07-24 05:57:06,713 - [INFO] - httpx - 30f253bee040be44696ee62af01d65c5e5adee0f - HTTP Request: POST https://api.openai.com/v1/chat/completions "HTTP/1.1 200 OK"
2025-07-24 05:57:07,032 - [INFO] - httpx - 30f253bee040be44696ee62af01d65c5e5adee0f - HTTP Request: POST https://api.openai.com/v1/chat/completions "HTTP/1.1 200 OK"
2025-07-24 05:57:07,425 - [INFO] - httpx - 30f253bee040be44696ee62af01d65c5e5adee0f - HTTP Request: POST https://api.openai.com/v1/chat/completions "HTTP/1.1 200 OK"
2025-07-24 05:57:07,853 - [INFO] - httpx - 30f253bee040be44696ee62af01d65c5e5adee0f - HTTP Request: POST https://api.openai.com/v1/chat/completions "HTTP/1.1 200 OK"
2025-07-24 05:59:05,915 - [INFO] - googlemaps.client - 30f253bee040be44696ee62af01d65c5e5adee0f - API queries_quota: 60
2025-07-24 05:59:44,874 - [INFO] - googlemaps.client - 30f253bee040be44696ee62af01d65c5e5adee0f - API queries_quota: 60
2025-07-24 05:59:47,910 - [INFO] - TravelAI - 30f253bee040be44696ee62af01d65c5e5adee0f - intentions: ['ADVANCE_STEP']
2025-07-24 05:59:47,911 - [INFO] - googlemaps.client - 30f253bee040be44696ee62af01d65c5e5adee0f - API queries_quota: 60
2025-07-24 06:00:27,566 - [INFO] - googlemaps.client - 30f253bee040be44696ee62af01d65c5e5adee0f - API queries_quota: 60
2025-07-24 06:00:30,802 - [INFO] - TravelAI - 30f253bee040be44696ee62af01d65c5e5adee0f - intentions: ['ADVANCE_STEP']
2025-07-24 06:00:30,804 - [INFO] - googlemaps.client - 30f253bee040be44696ee62af01d65c5e5adee0f - API queries_quota: 60
2025-07-24 06:00:53,556 - [ERROR] - asyncio - 30f253bee040be44696ee62af01d65c5e5adee0f - Task exception was never retrieved
future: <Task finished name='Task-895' coro=<RecommendService.enrich_place_detail() done, defined at D:\finalPro\backend\app\services\recommend_service.py:314> exception=OutputParserException('Invalid json output: ```json\n  {\n    "pros": [\n      "Stargazing",\n      "Clear skies",\n      "Guided tours",\n      "Learn astronomy"\n    ],\n    "cons": [\n      "Remote location",\n      "Night visits only",\n      "Cold weather",\n      "Limited access"\n    ],\n    "advice_trip": "## Observatorio Astrofísico Trip Advice\\n\\n**Itinerary Suggestion:**\\n\\n1.  **Afternoon:** Travel to the observatory location.\\n2.  **Evening:** Guided tour and stargazing session.\\n3.  **Late Night:** Observe celestial objects through telescopes.\\n4.  **Next Day:** Return trip, reflecting on the cosmos.\\n\\n**Must-See Spots:**\\n\\n*   Main Telescope\\n*   Observation Deck\\n*   Visitor Center exhibits\\n\\n**Local Tips:**\\n\\n*   Dress warmly in layers.\\n*   Check the weather forecast.\\n*   Bring binoculars for better viewing.\\n*   Confirm tour availability in advance.\\n\\n**Transportation Advice:**\\n\\n*   Rent a car or hire a taxi due to the remote location.\\n*   Check if the observatory provides shuttle services.\\n\\n**Budget Estimates:**\\n\\n*   Transportation: \\$50-\\$150.\\n*   Tour Fee: \\$20-\\$50.\\n*   Accommodation (if needed): \\$50-\\$200 per night.\\n*   Food: \\$30-\\$60."\n  }\n  ```\nFor troubleshooting, visit: https://python.langchain.com/docs/troubleshooting/errors/OUTPUT_PARSING_FAILURE ')>
Traceback (most recent call last):
  File "D:\Program Files (x86)\Python\Python312\Lib\site-packages\langchain_core\output_parsers\json.py", line 82, in parse_result
    return parse_json_markdown(text)
           ^^^^^^^^^^^^^^^^^^^^^^^^^
  File "D:\Program Files (x86)\Python\Python312\Lib\site-packages\langchain_core\utils\json.py", line 150, in parse_json_markdown
    return _parse_json(json_str, parser=parser)
           ^^^^^^^^^^^^^^^^^^^^^^^^^^^^^^^^^^^^
  File "D:\Program Files (x86)\Python\Python312\Lib\site-packages\langchain_core\utils\json.py", line 166, in _parse_json
    return parser(json_str)
           ^^^^^^^^^^^^^^^^
  File "D:\Program Files (x86)\Python\Python312\Lib\site-packages\langchain_core\utils\json.py", line 123, in parse_partial_json
    return json.loads(s, strict=strict)
           ^^^^^^^^^^^^^^^^^^^^^^^^^^^^
  File "D:\Program Files (x86)\Python\Python312\Lib\json\__init__.py", line 359, in loads
    return cls(**kw).decode(s)
           ^^^^^^^^^^^^^^^^^^^
  File "D:\Program Files (x86)\Python\Python312\Lib\json\decoder.py", line 337, in decode
    obj, end = self.raw_decode(s, idx=_w(s, 0).end())
               ^^^^^^^^^^^^^^^^^^^^^^^^^^^^^^^^^^^^^^
  File "D:\Program Files (x86)\Python\Python312\Lib\json\decoder.py", line 353, in raw_decode
    obj, end = self.scan_once(s, idx)
               ^^^^^^^^^^^^^^^^^^^^^^
json.decoder.JSONDecodeError: Invalid \escape: line 14 column 787 (char 1014)

The above exception was the direct cause of the following exception:

Traceback (most recent call last):
  File "D:\finalPro\backend\app\services\recommend_service.py", line 344, in enrich_place_detail
    enrich_data = await self.enrich_place_detail_chain.ainvoke(place_name)
                  ^^^^^^^^^^^^^^^^^^^^^^^^^^^^^^^^^^^^^^^^^^^^^^^^^^^^^^^^
  File "D:\Program Files (x86)\Python\Python312\Lib\site-packages\langchain_core\runnables\base.py", line 3089, in ainvoke
    input_ = await coro_with_context(part(), context, create_task=True)
             ^^^^^^^^^^^^^^^^^^^^^^^^^^^^^^^^^^^^^^^^^^^^^^^^^^^^^^^^^^
  File "D:\Program Files (x86)\Python\Python312\Lib\site-packages\langchain_core\output_parsers\base.py", line 219, in ainvoke
    return await self._acall_with_config(
           ^^^^^^^^^^^^^^^^^^^^^^^^^^^^^^
  File "D:\Program Files (x86)\Python\Python312\Lib\site-packages\langchain_core\runnables\base.py", line 1991, in _acall_with_config
    output: Output = await coro_with_context(coro, context)
                     ^^^^^^^^^^^^^^^^^^^^^^^^^^^^^^^^^^^^^^
  File "D:\Program Files (x86)\Python\Python312\Lib\site-packages\langchain_core\output_parsers\base.py", line 280, in aparse_result
    return await run_in_executor(None, self.parse_result, result, partial=partial)
           ^^^^^^^^^^^^^^^^^^^^^^^^^^^^^^^^^^^^^^^^^^^^^^^^^^^^^^^^^^^^^^^^^^^^^^^
  File "D:\Program Files (x86)\Python\Python312\Lib\site-packages\langchain_core\runnables\config.py", line 616, in run_in_executor
    return await asyncio.get_running_loop().run_in_executor(
           ^^^^^^^^^^^^^^^^^^^^^^^^^^^^^^^^^^^^^^^^^^^^^^^^^
  File "D:\Program Files (x86)\Python\Python312\Lib\concurrent\futures\thread.py", line 58, in run
    result = self.fn(*self.args, **self.kwargs)
             ^^^^^^^^^^^^^^^^^^^^^^^^^^^^^^^^^^
  File "D:\Program Files (x86)\Python\Python312\Lib\site-packages\langchain_core\runnables\config.py", line 607, in wrapper
    return func(*args, **kwargs)
           ^^^^^^^^^^^^^^^^^^^^^
  File "D:\Program Files (x86)\Python\Python312\Lib\site-packages\langchain_core\output_parsers\json.py", line 85, in parse_result
    raise OutputParserException(msg, llm_output=text) from e
langchain_core.exceptions.OutputParserException: Invalid json output: ```json
  {
    "pros": [
      "Stargazing",
      "Clear skies",
      "Guided tours",
      "Learn astronomy"
    ],
    "cons": [
      "Remote location",
      "Night visits only",
      "Cold weather",
      "Limited access"
    ],
    "advice_trip": "## Observatorio Astrofísico Trip Advice\n\n**Itinerary Suggestion:**\n\n1.  **Afternoon:** Travel to the observatory location.\n2.  **Evening:** Guided tour and stargazing session.\n3.  **Late Night:** Observe celestial objects through telescopes.\n4.  **Next Day:** Return trip, reflecting on the cosmos.\n\n**Must-See Spots:**\n\n*   Main Telescope\n*   Observation Deck\n*   Visitor Center exhibits\n\n**Local Tips:**\n\n*   Dress warmly in layers.\n*   Check the weather forecast.\n*   Bring binoculars for better viewing.\n*   Confirm tour availability in advance.\n\n**Transportation Advice:**\n\n*   Rent a car or hire a taxi due to the remote location.\n*   Check if the observatory provides shuttle services.\n\n**Budget Estimates:**\n\n*   Transportation: \$50-\$150.\n*   Tour Fee: \$20-\$50.\n*   Accommodation (if needed): \$50-\$200 per night.\n*   Food: \$30-\$60."
  }
  ```
For troubleshooting, visit: https://python.langchain.com/docs/troubleshooting/errors/OUTPUT_PARSING_FAILURE 
2025-07-24 06:01:01,487 - [ERROR] - asyncio - 30f253bee040be44696ee62af01d65c5e5adee0f - Task exception was never retrieved
future: <Task finished name='Task-1205' coro=<RecommendService.enrich_place_detail() done, defined at D:\finalPro\backend\app\services\recommend_service.py:314> exception=OutputParserException('Invalid json output: ```json\n{\n  "pros": [\n    "Great surfing waves",\n    "Leatherback turtles",\n    "Less crowded beach",\n    "Beautiful sunsets"\n  ],\n  "cons": [\n    "Strong currents",\n    "Limited amenities",\n    "Mosquitoes at dusk",\n    "Can be very hot"\n  ],\n  "advice_trip": "## Playa Grande Trip Advice\\n\\nPlaya Grande is an excellent destination for surfers and nature lovers, particularly those interested in seeing leatherback turtles. Here’s how to make the most of your trip:\\n\\n### Itinerary Suggestions\\n\\n*   **Day 1:** Arrive, settle in, surf at sunset.\\n*   **Day 2:** Turtle tour at night.\\n*   **Day 3:** Relax, explore nearby beaches.\\n\\n### Must-See Spots\\n\\n*   **Playa Grande Beach:** The main attraction for surfing and sunsets.\\n*   **Las Baulas National Marine Park:** Prime location for turtle nesting.\\n\\n### Local Tips\\n\\n*   Bring insect repellent for evenings.\\n*   Respect turtle nesting areas; follow guide instructions.\\n*   Check surf conditions before entering the water.\\n\\n### Transportation Advice\\n\\n*   **Getting There:** Fly into Liberia International Airport (LIR), then take a taxi or shuttle.\\n*   **Local Transport:** Renting a car is useful for exploring nearby areas, but be aware that some roads are unpaved.\\n\\n### Budget Estimates\\n\\n*   **Accommodation:** \\$50-200 per night.\\n*   **Food:** \\$20-50 per day.\\n*   **Activities:** Turtle tours around \\$50-80.\\n*   **Transportation:** \\$30-50 per day (if renting a car).\\n"\n}\n```\nFor troubleshooting, visit: https://python.langchain.com/docs/troubleshooting/errors/OUTPUT_PARSING_FAILURE ')>
Traceback (most recent call last):
  File "D:\Program Files (x86)\Python\Python312\Lib\site-packages\langchain_core\output_parsers\json.py", line 82, in parse_result
    return parse_json_markdown(text)
           ^^^^^^^^^^^^^^^^^^^^^^^^^
  File "D:\Program Files (x86)\Python\Python312\Lib\site-packages\langchain_core\utils\json.py", line 150, in parse_json_markdown
    return _parse_json(json_str, parser=parser)
           ^^^^^^^^^^^^^^^^^^^^^^^^^^^^^^^^^^^^
  File "D:\Program Files (x86)\Python\Python312\Lib\site-packages\langchain_core\utils\json.py", line 166, in _parse_json
    return parser(json_str)
           ^^^^^^^^^^^^^^^^
  File "D:\Program Files (x86)\Python\Python312\Lib\site-packages\langchain_core\utils\json.py", line 123, in parse_partial_json
    return json.loads(s, strict=strict)
           ^^^^^^^^^^^^^^^^^^^^^^^^^^^^
  File "D:\Program Files (x86)\Python\Python312\Lib\json\__init__.py", line 359, in loads
    return cls(**kw).decode(s)
           ^^^^^^^^^^^^^^^^^^^
  File "D:\Program Files (x86)\Python\Python312\Lib\json\decoder.py", line 337, in decode
    obj, end = self.raw_decode(s, idx=_w(s, 0).end())
               ^^^^^^^^^^^^^^^^^^^^^^^^^^^^^^^^^^^^^^
  File "D:\Program Files (x86)\Python\Python312\Lib\json\decoder.py", line 353, in raw_decode
    obj, end = self.scan_once(s, idx)
               ^^^^^^^^^^^^^^^^^^^^^^
json.decoder.JSONDecodeError: Invalid \escape: line 14 column 1045 (char 1280)

The above exception was the direct cause of the following exception:

Traceback (most recent call last):
  File "D:\finalPro\backend\app\services\recommend_service.py", line 344, in enrich_place_detail
    enrich_data = await self.enrich_place_detail_chain.ainvoke(place_name)
                  ^^^^^^^^^^^^^^^^^^^^^^^^^^^^^^^^^^^^^^^^^^^^^^^^^^^^^^^^
  File "D:\Program Files (x86)\Python\Python312\Lib\site-packages\langchain_core\runnables\base.py", line 3089, in ainvoke
    input_ = await coro_with_context(part(), context, create_task=True)
             ^^^^^^^^^^^^^^^^^^^^^^^^^^^^^^^^^^^^^^^^^^^^^^^^^^^^^^^^^^
  File "D:\Program Files (x86)\Python\Python312\Lib\site-packages\langchain_core\output_parsers\base.py", line 219, in ainvoke
    return await self._acall_with_config(
           ^^^^^^^^^^^^^^^^^^^^^^^^^^^^^^
  File "D:\Program Files (x86)\Python\Python312\Lib\site-packages\langchain_core\runnables\base.py", line 1991, in _acall_with_config
    output: Output = await coro_with_context(coro, context)
                     ^^^^^^^^^^^^^^^^^^^^^^^^^^^^^^^^^^^^^^
  File "D:\Program Files (x86)\Python\Python312\Lib\site-packages\langchain_core\output_parsers\base.py", line 280, in aparse_result
    return await run_in_executor(None, self.parse_result, result, partial=partial)
           ^^^^^^^^^^^^^^^^^^^^^^^^^^^^^^^^^^^^^^^^^^^^^^^^^^^^^^^^^^^^^^^^^^^^^^^
  File "D:\Program Files (x86)\Python\Python312\Lib\site-packages\langchain_core\runnables\config.py", line 616, in run_in_executor
    return await asyncio.get_running_loop().run_in_executor(
           ^^^^^^^^^^^^^^^^^^^^^^^^^^^^^^^^^^^^^^^^^^^^^^^^^
  File "D:\Program Files (x86)\Python\Python312\Lib\concurrent\futures\thread.py", line 58, in run
    result = self.fn(*self.args, **self.kwargs)
             ^^^^^^^^^^^^^^^^^^^^^^^^^^^^^^^^^^
  File "D:\Program Files (x86)\Python\Python312\Lib\site-packages\langchain_core\runnables\config.py", line 607, in wrapper
    return func(*args, **kwargs)
           ^^^^^^^^^^^^^^^^^^^^^
  File "D:\Program Files (x86)\Python\Python312\Lib\site-packages\langchain_core\output_parsers\json.py", line 85, in parse_result
    raise OutputParserException(msg, llm_output=text) from e
langchain_core.exceptions.OutputParserException: Invalid json output: ```json
{
  "pros": [
    "Great surfing waves",
    "Leatherback turtles",
    "Less crowded beach",
    "Beautiful sunsets"
  ],
  "cons": [
    "Strong currents",
    "Limited amenities",
    "Mosquitoes at dusk",
    "Can be very hot"
  ],
  "advice_trip": "## Playa Grande Trip Advice\n\nPlaya Grande is an excellent destination for surfers and nature lovers, particularly those interested in seeing leatherback turtles. Here’s how to make the most of your trip:\n\n### Itinerary Suggestions\n\n*   **Day 1:** Arrive, settle in, surf at sunset.\n*   **Day 2:** Turtle tour at night.\n*   **Day 3:** Relax, explore nearby beaches.\n\n### Must-See Spots\n\n*   **Playa Grande Beach:** The main attraction for surfing and sunsets.\n*   **Las Baulas National Marine Park:** Prime location for turtle nesting.\n\n### Local Tips\n\n*   Bring insect repellent for evenings.\n*   Respect turtle nesting areas; follow guide instructions.\n*   Check surf conditions before entering the water.\n\n### Transportation Advice\n\n*   **Getting There:** Fly into Liberia International Airport (LIR), then take a taxi or shuttle.\n*   **Local Transport:** Renting a car is useful for exploring nearby areas, but be aware that some roads are unpaved.\n\n### Budget Estimates\n\n*   **Accommodation:** \$50-200 per night.\n*   **Food:** \$20-50 per day.\n*   **Activities:** Turtle tours around \$50-80.\n*   **Transportation:** \$30-50 per day (if renting a car).\n"
}
```
For troubleshooting, visit: https://python.langchain.com/docs/troubleshooting/errors/OUTPUT_PARSING_FAILURE 
2025-07-24 06:01:51,815 - [INFO] - googlemaps.client - 30f253bee040be44696ee62af01d65c5e5adee0f - API queries_quota: 60
2025-07-24 06:01:56,406 - [INFO] - googlemaps.client - 30f253bee040be44696ee62af01d65c5e5adee0f - API queries_quota: 60
2025-07-24 06:02:12,821 - [INFO] - googlemaps.client - 30f253bee040be44696ee62af01d65c5e5adee0f - API queries_quota: 60
2025-07-24 06:03:39,631 - [INFO] - googlemaps.client - 30f253bee040be44696ee62af01d65c5e5adee0f - API queries_quota: 60
2025-07-24 06:03:47,538 - [INFO] - googlemaps.client - 30f253bee040be44696ee62af01d65c5e5adee0f - API queries_quota: 60
2025-07-24 06:04:00,744 - [INFO] - googlemaps.client - 30f253bee040be44696ee62af01d65c5e5adee0f - API queries_quota: 60
2025-07-24 06:05:19,981 - [INFO] - TravelAI - 30f253bee040be44696ee62af01d65c5e5adee0f - intentions: ['ITINERARY_GENERATION']
2025-07-24 06:05:19,983 - [INFO] - googlemaps.client - 30f253bee040be44696ee62af01d65c5e5adee0f - API queries_quota: 60
2025-07-24 06:05:24,121 - [INFO] - googlemaps.client - 30f253bee040be44696ee62af01d65c5e5adee0f - API queries_quota: 60
2025-07-24 06:05:24,192 - [INFO] - googlemaps.client - 30f253bee040be44696ee62af01d65c5e5adee0f - API queries_quota: 60
2025-07-24 06:05:24,225 - [INFO] - googlemaps.client - 30f253bee040be44696ee62af01d65c5e5adee0f - API queries_quota: 60
2025-07-24 06:05:24,273 - [INFO] - googlemaps.client - 30f253bee040be44696ee62af01d65c5e5adee0f - API queries_quota: 60
2025-07-24 06:05:24,306 - [INFO] - googlemaps.client - 30f253bee040be44696ee62af01d65c5e5adee0f - API queries_quota: 60
2025-07-24 06:05:24,365 - [INFO] - googlemaps.client - 30f253bee040be44696ee62af01d65c5e5adee0f - API queries_quota: 60
2025-07-24 06:06:09,936 - [INFO] - googlemaps.client - 30f253bee040be44696ee62af01d65c5e5adee0f - API queries_quota: 60
2025-07-24 06:06:12,557 - [INFO] - googlemaps.client - 30f253bee040be44696ee62af01d65c5e5adee0f - API queries_quota: 60
2025-07-24 06:07:29,517 - [INFO] - googlemaps.client - 30f253bee040be44696ee62af01d65c5e5adee0f - API queries_quota: 60
2025-07-24 06:09:11,528 - [INFO] - googlemaps.client - 30f253bee040be44696ee62af01d65c5e5adee0f - API queries_quota: 60
2025-07-24 06:26:39,329 - [INFO] - googlemaps.client - 30f253bee040be44696ee62af01d65c5e5adee0f - API queries_quota: 60
2025-07-24 06:27:04,021 - [INFO] - googlemaps.client - 30f253bee040be44696ee62af01d65c5e5adee0f - API queries_quota: 60
2025-07-24 06:31:36,574 - [INFO] - googlemaps.client - 30f253bee040be44696ee62af01d65c5e5adee0f - API queries_quota: 60
2025-07-24 06:32:33,552 - [INFO] - googlemaps.client - 30f253bee040be44696ee62af01d65c5e5adee0f - API queries_quota: 60
2025-07-24 06:34:48,026 - [INFO] - googlemaps.client - 30f253bee040be44696ee62af01d65c5e5adee0f - API queries_quota: 60
2025-07-24 06:34:51,455 - [INFO] - googlemaps.client - 30f253bee040be44696ee62af01d65c5e5adee0f - API queries_quota: 60
2025-07-24 06:34:52,996 - [INFO] - googlemaps.client - 30f253bee040be44696ee62af01d65c5e5adee0f - API queries_quota: 60
2025-07-24 06:35:04,235 - [INFO] - googlemaps.client - 30f253bee040be44696ee62af01d65c5e5adee0f - API queries_quota: 60
2025-07-24 06:35:05,226 - [INFO] - googlemaps.client - 30f253bee040be44696ee62af01d65c5e5adee0f - API queries_quota: 60
2025-07-24 06:35:06,002 - [INFO] - googlemaps.client - 30f253bee040be44696ee62af01d65c5e5adee0f - API queries_quota: 60
2025-07-24 06:35:21,471 - [INFO] - googlemaps.client - 30f253bee040be44696ee62af01d65c5e5adee0f - API queries_quota: 60
2025-07-24 06:36:42,770 - [INFO] - googlemaps.client - 30f253bee040be44696ee62af01d65c5e5adee0f - API queries_quota: 60
2025-07-24 06:36:52,582 - [INFO] - TravelAI - 30f253bee040be44696ee62af01d65c5e5adee0f - intentions: ['ITINERARY_GENERATION']
2025-07-24 06:36:52,583 - [INFO] - googlemaps.client - 30f253bee040be44696ee62af01d65c5e5adee0f - API queries_quota: 60
2025-07-24 06:38:01,477 - [INFO] - googlemaps.client - 30f253bee040be44696ee62af01d65c5e5adee0f - API queries_quota: 60
2025-07-24 06:38:09,862 - [INFO] - TravelAI - 30f253bee040be44696ee62af01d65c5e5adee0f - intentions: ['ITINERARY_GENERATION']
2025-07-24 06:38:09,863 - [INFO] - googlemaps.client - 30f253bee040be44696ee62af01d65c5e5adee0f - API queries_quota: 60
2025-07-24 06:40:28,164 - [INFO] - googlemaps.client - 30f253bee040be44696ee62af01d65c5e5adee0f - API queries_quota: 60
2025-07-24 06:41:39,894 - [INFO] - googlemaps.client - 30f253bee040be44696ee62af01d65c5e5adee0f - API queries_quota: 60
2025-07-24 06:42:00,226 - [INFO] - googlemaps.client - 30f253bee040be44696ee62af01d65c5e5adee0f - API queries_quota: 60
2025-07-24 06:42:39,969 - [INFO] - googlemaps.client - 30f253bee040be44696ee62af01d65c5e5adee0f - API queries_quota: 60
2025-07-24 06:43:02,645 - [INFO] - googlemaps.client - 30f253bee040be44696ee62af01d65c5e5adee0f - API queries_quota: 60
2025-07-24 06:43:08,731 - [INFO] - googlemaps.client - 30f253bee040be44696ee62af01d65c5e5adee0f - API queries_quota: 60
2025-07-24 06:43:15,512 - [INFO] - googlemaps.client - 30f253bee040be44696ee62af01d65c5e5adee0f - API queries_quota: 60
2025-07-24 06:45:46,972 - [INFO] - googlemaps.client - 30f253bee040be44696ee62af01d65c5e5adee0f - API queries_quota: 60
2025-07-24 06:46:35,167 - [INFO] - googlemaps.client - 30f253bee040be44696ee62af01d65c5e5adee0f - API queries_quota: 60
2025-07-24 06:55:54,519 - [INFO] - googlemaps.client - 30f253bee040be44696ee62af01d65c5e5adee0f - API queries_quota: 60
2025-07-24 06:56:01,792 - [INFO] - TravelAI - 30f253bee040be44696ee62af01d65c5e5adee0f - intentions: ['ITINERARY_GENERATION']
2025-07-24 06:56:01,792 - [INFO] - googlemaps.client - 30f253bee040be44696ee62af01d65c5e5adee0f - API queries_quota: 60
2025-07-24 07:05:08,659 - [INFO] - googlemaps.client - 30f253bee040be44696ee62af01d65c5e5adee0f - API queries_quota: 60
2025-07-24 07:05:42,568 - [INFO] - googlemaps.client - 30f253bee040be44696ee62af01d65c5e5adee0f - API queries_quota: 60
2025-07-24 07:06:06,779 - [INFO] - googlemaps.client - 30f253bee040be44696ee62af01d65c5e5adee0f - API queries_quota: 60
2025-07-24 07:18:41,809 - [INFO] - googlemaps.client - 30f253bee040be44696ee62af01d65c5e5adee0f - API queries_quota: 60
2025-07-24 07:20:09,146 - [INFO] - googlemaps.client - 30f253bee040be44696ee62af01d65c5e5adee0f - API queries_quota: 60
2025-07-24 07:25:13,797 - [INFO] - googlemaps.client - 30f253bee040be44696ee62af01d65c5e5adee0f - API queries_quota: 60
2025-07-24 07:28:06,196 - [INFO] - googlemaps.client - 30f253bee040be44696ee62af01d65c5e5adee0f - API queries_quota: 60
2025-07-24 07:28:30,059 - [INFO] - googlemaps.client - 30f253bee040be44696ee62af01d65c5e5adee0f - API queries_quota: 60
2025-07-24 07:28:56,837 - [INFO] - googlemaps.client - 30f253bee040be44696ee62af01d65c5e5adee0f - API queries_quota: 60
2025-07-24 07:28:59,656 - [INFO] - TravelAI - 30f253bee040be44696ee62af01d65c5e5adee0f - intentions: ['ADVANCE_STEP']
2025-07-24 07:28:59,656 - [INFO] - googlemaps.client - 30f253bee040be44696ee62af01d65c5e5adee0f - API queries_quota: 60
2025-07-24 07:30:21,689 - [INFO] - googlemaps.client - 30f253bee040be44696ee62af01d65c5e5adee0f - API queries_quota: 60
2025-07-24 07:30:31,023 - [INFO] - googlemaps.client - 30f253bee040be44696ee62af01d65c5e5adee0f - API queries_quota: 60
2025-07-24 07:30:33,918 - [INFO] - TravelAI - 30f253bee040be44696ee62af01d65c5e5adee0f - intentions: ['ADVANCE_STEP']
2025-07-24 07:30:33,920 - [INFO] - googlemaps.client - 30f253bee040be44696ee62af01d65c5e5adee0f - API queries_quota: 60
2025-07-24 07:32:08,696 - [INFO] - googlemaps.client - 30f253bee040be44696ee62af01d65c5e5adee0f - API queries_quota: 60
2025-07-24 07:32:18,919 - [INFO] - googlemaps.client - 30f253bee040be44696ee62af01d65c5e5adee0f - API queries_quota: 60
2025-07-24 07:32:22,480 - [INFO] - TravelAI - 30f253bee040be44696ee62af01d65c5e5adee0f - intentions: ['ADVANCE_STEP']
2025-07-24 07:32:22,480 - [INFO] - googlemaps.client - 30f253bee040be44696ee62af01d65c5e5adee0f - API queries_quota: 60
2025-07-24 07:33:30,884 - [INFO] - googlemaps.client - 30f253bee040be44696ee62af01d65c5e5adee0f - API queries_quota: 60
2025-07-24 07:34:07,027 - [INFO] - googlemaps.client - 30f253bee040be44696ee62af01d65c5e5adee0f - API queries_quota: 60
2025-07-24 07:34:28,504 - [INFO] - googlemaps.client - 30f253bee040be44696ee62af01d65c5e5adee0f - API queries_quota: 60
2025-07-24 07:34:32,012 - [INFO] - TravelAI - 30f253bee040be44696ee62af01d65c5e5adee0f - intentions: ['ADVANCE_STEP']
2025-07-24 07:34:32,022 - [INFO] - googlemaps.client - 30f253bee040be44696ee62af01d65c5e5adee0f - API queries_quota: 60
2025-07-24 07:34:57,576 - [INFO] - googlemaps.client - 30f253bee040be44696ee62af01d65c5e5adee0f - API queries_quota: 60
2025-07-24 07:34:58,653 - [INFO] - googlemaps.client - 30f253bee040be44696ee62af01d65c5e5adee0f - API queries_quota: 60
2025-07-24 07:34:59,222 - [INFO] - googlemaps.client - 30f253bee040be44696ee62af01d65c5e5adee0f - API queries_quota: 60
2025-07-24 07:35:00,386 - [INFO] - googlemaps.client - 30f253bee040be44696ee62af01d65c5e5adee0f - API queries_quota: 60
2025-07-24 07:35:01,557 - [INFO] - googlemaps.client - 30f253bee040be44696ee62af01d65c5e5adee0f - API queries_quota: 60
2025-07-24 07:35:02,662 - [INFO] - googlemaps.client - 30f253bee040be44696ee62af01d65c5e5adee0f - API queries_quota: 60
2025-07-24 07:35:07,995 - [INFO] - TravelAI - 30f253bee040be44696ee62af01d65c5e5adee0f - intentions: ['ITINERARY_GENERATION']
2025-07-24 07:35:07,996 - [INFO] - googlemaps.client - 30f253bee040be44696ee62af01d65c5e5adee0f - API queries_quota: 60
2025-07-24 07:39:38,297 - [INFO] - googlemaps.client - 30f253bee040be44696ee62af01d65c5e5adee0f - API queries_quota: 60
2025-07-24 07:39:47,128 - [INFO] - googlemaps.client - 30f253bee040be44696ee62af01d65c5e5adee0f - API queries_quota: 60
2025-07-24 07:39:51,765 - [INFO] - TravelAI - 30f253bee040be44696ee62af01d65c5e5adee0f - intentions: ['ITINERARY_GENERATION']
2025-07-24 07:39:51,765 - [INFO] - googlemaps.client - 30f253bee040be44696ee62af01d65c5e5adee0f - API queries_quota: 60
2025-07-24 07:41:05,268 - [INFO] - googlemaps.client - 30f253bee040be44696ee62af01d65c5e5adee0f - API queries_quota: 60
2025-07-24 07:41:28,898 - [INFO] - googlemaps.client - 30f253bee040be44696ee62af01d65c5e5adee0f - API queries_quota: 60
2025-07-24 07:41:31,511 - [INFO] - TravelAI - 30f253bee040be44696ee62af01d65c5e5adee0f - intentions: ['ADVANCE_STEP']
2025-07-24 07:41:31,514 - [INFO] - googlemaps.client - 30f253bee040be44696ee62af01d65c5e5adee0f - API queries_quota: 60
2025-07-24 07:41:49,243 - [INFO] - googlemaps.client - 30f253bee040be44696ee62af01d65c5e5adee0f - API queries_quota: 60
2025-07-24 07:41:50,267 - [INFO] - googlemaps.client - 30f253bee040be44696ee62af01d65c5e5adee0f - API queries_quota: 60
2025-07-24 07:41:52,582 - [INFO] - googlemaps.client - 30f253bee040be44696ee62af01d65c5e5adee0f - API queries_quota: 60
2025-07-24 07:41:53,895 - [INFO] - googlemaps.client - 30f253bee040be44696ee62af01d65c5e5adee0f - API queries_quota: 60
2025-07-24 07:42:12,836 - [INFO] - googlemaps.client - 30f253bee040be44696ee62af01d65c5e5adee0f - API queries_quota: 60
2025-07-24 07:42:17,361 - [INFO] - googlemaps.client - 30f253bee040be44696ee62af01d65c5e5adee0f - API queries_quota: 60
2025-07-24 07:42:21,575 - [INFO] - googlemaps.client - 30f253bee040be44696ee62af01d65c5e5adee0f - API queries_quota: 60
2025-07-24 07:42:29,894 - [INFO] - googlemaps.client - 30f253bee040be44696ee62af01d65c5e5adee0f - API queries_quota: 60
2025-07-24 07:42:31,803 - [INFO] - googlemaps.client - 30f253bee040be44696ee62af01d65c5e5adee0f - API queries_quota: 60
2025-07-24 07:42:32,885 - [INFO] - googlemaps.client - 30f253bee040be44696ee62af01d65c5e5adee0f - API queries_quota: 60
2025-07-24 07:42:38,295 - [INFO] - googlemaps.client - 30f253bee040be44696ee62af01d65c5e5adee0f - API queries_quota: 60
2025-07-24 07:42:42,155 - [INFO] - googlemaps.client - 30f253bee040be44696ee62af01d65c5e5adee0f - API queries_quota: 60
2025-07-24 07:42:47,378 - [INFO] - googlemaps.client - 30f253bee040be44696ee62af01d65c5e5adee0f - API queries_quota: 60
2025-07-24 07:42:52,889 - [INFO] - googlemaps.client - 30f253bee040be44696ee62af01d65c5e5adee0f - API queries_quota: 60
2025-07-24 07:42:56,416 - [INFO] - googlemaps.client - 30f253bee040be44696ee62af01d65c5e5adee0f - API queries_quota: 60
2025-07-24 07:43:04,968 - [INFO] - googlemaps.client - 30f253bee040be44696ee62af01d65c5e5adee0f - API queries_quota: 60
2025-07-24 07:43:16,521 - [INFO] - TravelAI - 30f253bee040be44696ee62af01d65c5e5adee0f - intentions: ['ITINERARY_GENERATION']
2025-07-24 07:43:16,524 - [INFO] - googlemaps.client - 30f253bee040be44696ee62af01d65c5e5adee0f - API queries_quota: 60
2025-07-24 07:45:27,166 - [INFO] - googlemaps.client - 30f253bee040be44696ee62af01d65c5e5adee0f - API queries_quota: 60
2025-07-24 07:46:04,377 - [INFO] - googlemaps.client - 30f253bee040be44696ee62af01d65c5e5adee0f - API queries_quota: 60
2025-07-24 07:46:13,866 - [INFO] - TravelAI - 30f253bee040be44696ee62af01d65c5e5adee0f - intentions: ['ITINERARY_GENERATION']
2025-07-24 07:46:13,867 - [INFO] - googlemaps.client - 30f253bee040be44696ee62af01d65c5e5adee0f - API queries_quota: 60
2025-07-24 07:50:46,151 - [INFO] - googlemaps.client - 30f253bee040be44696ee62af01d65c5e5adee0f - API queries_quota: 60
2025-07-24 07:51:27,651 - [INFO] - googlemaps.client - 30f253bee040be44696ee62af01d65c5e5adee0f - API queries_quota: 60
2025-07-24 07:51:43,185 - [INFO] - googlemaps.client - 30f253bee040be44696ee62af01d65c5e5adee0f - API queries_quota: 60
2025-07-24 07:52:15,527 - [INFO] - googlemaps.client - 30f253bee040be44696ee62af01d65c5e5adee0f - API queries_quota: 60
2025-07-24 07:53:20,783 - [INFO] - googlemaps.client - 30f253bee040be44696ee62af01d65c5e5adee0f - API queries_quota: 60
2025-07-24 07:54:07,879 - [INFO] - googlemaps.client - 30f253bee040be44696ee62af01d65c5e5adee0f - API queries_quota: 60
2025-07-24 07:54:13,804 - [INFO] - googlemaps.client - 30f253bee040be44696ee62af01d65c5e5adee0f - API queries_quota: 60
2025-07-24 07:54:20,536 - [INFO] - googlemaps.client - 30f253bee040be44696ee62af01d65c5e5adee0f - API queries_quota: 60
2025-07-24 07:54:24,354 - [INFO] - TravelAI - 30f253bee040be44696ee62af01d65c5e5adee0f - intentions: ['ITINERARY_GENERATION']
2025-07-24 07:54:24,356 - [INFO] - googlemaps.client - 30f253bee040be44696ee62af01d65c5e5adee0f - API queries_quota: 60
2025-07-24 07:57:03,089 - [INFO] - googlemaps.client - 30f253bee040be44696ee62af01d65c5e5adee0f - API queries_quota: 60
2025-07-24 07:58:19,291 - [INFO] - googlemaps.client - 30f253bee040be44696ee62af01d65c5e5adee0f - API queries_quota: 60
2025-07-24 07:58:22,750 - [INFO] - TravelAI - 30f253bee040be44696ee62af01d65c5e5adee0f - intentions: ['ADVANCE_STEP']
2025-07-24 07:58:22,760 - [INFO] - googlemaps.client - 30f253bee040be44696ee62af01d65c5e5adee0f - API queries_quota: 60
2025-07-24 07:59:11,985 - [INFO] - googlemaps.client - 30f253bee040be44696ee62af01d65c5e5adee0f - API queries_quota: 60
2025-07-24 07:59:18,294 - [INFO] - googlemaps.client - 30f253bee040be44696ee62af01d65c5e5adee0f - API queries_quota: 60
2025-07-24 07:59:26,190 - [INFO] - TravelAI - 30f253bee040be44696ee62af01d65c5e5adee0f - intentions: ['ADVANCE_STEP']
2025-07-24 07:59:26,190 - [INFO] - googlemaps.client - 30f253bee040be44696ee62af01d65c5e5adee0f - API queries_quota: 60
2025-07-24 07:59:36,550 - [ERROR] - asyncio - 30f253bee040be44696ee62af01d65c5e5adee0f - Task exception was never retrieved
future: <Task finished name='Task-238' coro=<RedisService._history_to_mongodb() done, defined at D:\finalPro\backend\app\services\redis_service.py:290> exception=1 validation error for History
message.recommendations.3
  Input should be a valid dictionary or object to extract fields from [type=model_attributes_type, input_value=None, input_type=NoneType]
    For further information visit https://errors.pydantic.dev/2.11/v/model_attributes_type>
Traceback (most recent call last):
  File "D:\finalPro\backend\app\services\redis_service.py", line 294, in _history_to_mongodb
    history = await self.get_history(user_id, session_id)
              ^^^^^^^^^^^^^^^^^^^^^^^^^^^^^^^^^^^^^^^^^^^
  File "D:\finalPro\backend\app\services\redis_service.py", line 184, in get_history
    return [History(**json.loads(msg)) for msg in history]
            ^^^^^^^^^^^^^^^^^^^^^^^^^^
  File "D:\Program Files (x86)\Python\Python312\Lib\site-packages\pydantic\main.py", line 253, in __init__
    validated_self = self.__pydantic_validator__.validate_python(data, self_instance=self)
                     ^^^^^^^^^^^^^^^^^^^^^^^^^^^^^^^^^^^^^^^^^^^^^^^^^^^^^^^^^^^^^^^^^^^^^
pydantic_core._pydantic_core.ValidationError: 1 validation error for History
message.recommendations.3
  Input should be a valid dictionary or object to extract fields from [type=model_attributes_type, input_value=None, input_type=NoneType]
    For further information visit https://errors.pydantic.dev/2.11/v/model_attributes_type
2025-07-24 08:01:42,272 - [INFO] - googlemaps.client - 30f253bee040be44696ee62af01d65c5e5adee0f - API queries_quota: 60
2025-07-24 08:02:05,353 - [INFO] - googlemaps.client - 30f253bee040be44696ee62af01d65c5e5adee0f - API queries_quota: 60
2025-07-24 08:02:11,976 - [INFO] - googlemaps.client - 30f253bee040be44696ee62af01d65c5e5adee0f - API queries_quota: 60
2025-07-24 08:02:17,075 - [INFO] - TravelAI - 30f253bee040be44696ee62af01d65c5e5adee0f - intentions: ['ADVANCE_STEP']
2025-07-24 08:02:17,076 - [INFO] - googlemaps.client - 30f253bee040be44696ee62af01d65c5e5adee0f - API queries_quota: 60
2025-07-24 08:02:38,971 - [INFO] - googlemaps.client - 30f253bee040be44696ee62af01d65c5e5adee0f - API queries_quota: 60
2025-07-24 08:02:39,526 - [INFO] - googlemaps.client - 30f253bee040be44696ee62af01d65c5e5adee0f - API queries_quota: 60
2025-07-24 08:02:40,399 - [INFO] - googlemaps.client - 30f253bee040be44696ee62af01d65c5e5adee0f - API queries_quota: 60
2025-07-24 08:02:41,294 - [INFO] - googlemaps.client - 30f253bee040be44696ee62af01d65c5e5adee0f - API queries_quota: 60
2025-07-24 08:02:41,839 - [INFO] - googlemaps.client - 30f253bee040be44696ee62af01d65c5e5adee0f - API queries_quota: 60
2025-07-24 08:02:42,631 - [INFO] - googlemaps.client - 30f253bee040be44696ee62af01d65c5e5adee0f - API queries_quota: 60
2025-07-24 08:02:44,807 - [INFO] - TravelAI - 30f253bee040be44696ee62af01d65c5e5adee0f - intentions: ['ITINERARY_GENERATION']
2025-07-24 08:02:44,808 - [INFO] - googlemaps.client - 30f253bee040be44696ee62af01d65c5e5adee0f - API queries_quota: 60
2025-07-24 08:06:21,579 - [INFO] - googlemaps.client - 30f253bee040be44696ee62af01d65c5e5adee0f - API queries_quota: 60
2025-07-24 08:06:24,587 - [INFO] - TravelAI - 30f253bee040be44696ee62af01d65c5e5adee0f - intentions: ['ITINERARY_GENERATION']
2025-07-24 08:06:24,587 - [INFO] - googlemaps.client - 30f253bee040be44696ee62af01d65c5e5adee0f - API queries_quota: 60
2025-07-24 08:06:46,904 - [INFO] - googlemaps.client - 30f253bee040be44696ee62af01d65c5e5adee0f - API queries_quota: 60
2025-07-24 08:07:04,901 - [INFO] - googlemaps.client - 30f253bee040be44696ee62af01d65c5e5adee0f - API queries_quota: 60
2025-07-24 08:07:08,116 - [INFO] - TravelAI - 30f253bee040be44696ee62af01d65c5e5adee0f - intentions: ['ITINERARY_GENERATION']
2025-07-24 08:07:08,118 - [INFO] - googlemaps.client - 30f253bee040be44696ee62af01d65c5e5adee0f - API queries_quota: 60
2025-07-24 08:07:56,460 - [INFO] - googlemaps.client - 30f253bee040be44696ee62af01d65c5e5adee0f - API queries_quota: 60
2025-07-24 08:08:09,282 - [INFO] - TravelAI - 30f253bee040be44696ee62af01d65c5e5adee0f - intentions: ['ITINERARY_GENERATION']
2025-07-24 08:08:09,287 - [INFO] - googlemaps.client - 30f253bee040be44696ee62af01d65c5e5adee0f - API queries_quota: 60
2025-07-24 08:11:58,331 - [INFO] - googlemaps.client - 30f253bee040be44696ee62af01d65c5e5adee0f - API queries_quota: 60
2025-07-24 08:13:32,300 - [INFO] - googlemaps.client - 30f253bee040be44696ee62af01d65c5e5adee0f - API queries_quota: 60
2025-07-24 08:13:38,702 - [INFO] - googlemaps.client - 30f253bee040be44696ee62af01d65c5e5adee0f - API queries_quota: 60
2025-07-24 08:13:45,013 - [INFO] - googlemaps.client - 30f253bee040be44696ee62af01d65c5e5adee0f - API queries_quota: 60
2025-07-24 08:16:41,938 - [INFO] - googlemaps.client - 30f253bee040be44696ee62af01d65c5e5adee0f - API queries_quota: 60
2025-07-24 08:16:45,335 - [INFO] - TravelAI - 30f253bee040be44696ee62af01d65c5e5adee0f - intentions: ['ADVANCE_STEP']
2025-07-24 08:16:45,336 - [INFO] - googlemaps.client - 30f253bee040be44696ee62af01d65c5e5adee0f - API queries_quota: 60
2025-07-24 08:16:57,638 - [ERROR] - asyncio - 30f253bee040be44696ee62af01d65c5e5adee0f - Task exception was never retrieved
future: <Task finished name='Task-610' coro=<RecommendService.enrich_place_detail() done, defined at D:\finalPro\backend\app\services\recommend_service.py:314> exception=1 validation error for ShortlistItem
description
  Input should be a valid string [type=string_type, input_value=None, input_type=NoneType]
    For further information visit https://errors.pydantic.dev/2.11/v/string_type>
Traceback (most recent call last):
  File "D:\finalPro\backend\app\services\recommend_service.py", line 326, in enrich_place_detail
    place = await self.get_or_fetch_place_brief(place_name, None, None)
            ^^^^^^^^^^^^^^^^^^^^^^^^^^^^^^^^^^^^^^^^^^^^^^^^^^^^^^^^^^^
  File "D:\finalPro\backend\app\services\recommend_service.py", line 249, in get_or_fetch_place_brief
    place_info = self.google_to_shortlist(result, description, recommend_reason)
                 ^^^^^^^^^^^^^^^^^^^^^^^^^^^^^^^^^^^^^^^^^^^^^^^^^^^^^^^^^^^^^^^
  File "D:\finalPro\backend\app\services\recommend_service.py", line 293, in google_to_shortlist
    return ShortlistItem(
           ^^^^^^^^^^^^^^
  File "D:\Program Files (x86)\Python\Python312\Lib\site-packages\pydantic\main.py", line 253, in __init__
    validated_self = self.__pydantic_validator__.validate_python(data, self_instance=self)
                     ^^^^^^^^^^^^^^^^^^^^^^^^^^^^^^^^^^^^^^^^^^^^^^^^^^^^^^^^^^^^^^^^^^^^^
pydantic_core._pydantic_core.ValidationError: 1 validation error for ShortlistItem
description
  Input should be a valid string [type=string_type, input_value=None, input_type=NoneType]
    For further information visit https://errors.pydantic.dev/2.11/v/string_type
2025-07-24 08:16:57,733 - [ERROR] - asyncio - 30f253bee040be44696ee62af01d65c5e5adee0f - Task exception was never retrieved
future: <Task finished name='Task-609' coro=<RecommendService.enrich_place_detail() done, defined at D:\finalPro\backend\app\services\recommend_service.py:314> exception=1 validation error for ShortlistItem
description
  Input should be a valid string [type=string_type, input_value=None, input_type=NoneType]
    For further information visit https://errors.pydantic.dev/2.11/v/string_type>
Traceback (most recent call last):
  File "D:\finalPro\backend\app\services\recommend_service.py", line 326, in enrich_place_detail
    place = await self.get_or_fetch_place_brief(place_name, None, None)
            ^^^^^^^^^^^^^^^^^^^^^^^^^^^^^^^^^^^^^^^^^^^^^^^^^^^^^^^^^^^
  File "D:\finalPro\backend\app\services\recommend_service.py", line 249, in get_or_fetch_place_brief
    place_info = self.google_to_shortlist(result, description, recommend_reason)
                 ^^^^^^^^^^^^^^^^^^^^^^^^^^^^^^^^^^^^^^^^^^^^^^^^^^^^^^^^^^^^^^^
  File "D:\finalPro\backend\app\services\recommend_service.py", line 293, in google_to_shortlist
    return ShortlistItem(
           ^^^^^^^^^^^^^^
  File "D:\Program Files (x86)\Python\Python312\Lib\site-packages\pydantic\main.py", line 253, in __init__
    validated_self = self.__pydantic_validator__.validate_python(data, self_instance=self)
                     ^^^^^^^^^^^^^^^^^^^^^^^^^^^^^^^^^^^^^^^^^^^^^^^^^^^^^^^^^^^^^^^^^^^^^
pydantic_core._pydantic_core.ValidationError: 1 validation error for ShortlistItem
description
  Input should be a valid string [type=string_type, input_value=None, input_type=NoneType]
    For further information visit https://errors.pydantic.dev/2.11/v/string_type
2025-07-24 08:16:58,136 - [ERROR] - asyncio - 30f253bee040be44696ee62af01d65c5e5adee0f - Task exception was never retrieved
future: <Task finished name='Task-646' coro=<RedisService._history_to_mongodb() done, defined at D:\finalPro\backend\app\services\redis_service.py:290> exception=1 validation error for History
message.recommendations.3
  Input should be a valid dictionary or object to extract fields from [type=model_attributes_type, input_value=None, input_type=NoneType]
    For further information visit https://errors.pydantic.dev/2.11/v/model_attributes_type>
Traceback (most recent call last):
  File "D:\finalPro\backend\app\services\redis_service.py", line 294, in _history_to_mongodb
    history = await self.get_history(user_id, session_id)
              ^^^^^^^^^^^^^^^^^^^^^^^^^^^^^^^^^^^^^^^^^^^
  File "D:\finalPro\backend\app\services\redis_service.py", line 184, in get_history
    return [History(**json.loads(msg)) for msg in history]
            ^^^^^^^^^^^^^^^^^^^^^^^^^^
  File "D:\Program Files (x86)\Python\Python312\Lib\site-packages\pydantic\main.py", line 253, in __init__
    validated_self = self.__pydantic_validator__.validate_python(data, self_instance=self)
                     ^^^^^^^^^^^^^^^^^^^^^^^^^^^^^^^^^^^^^^^^^^^^^^^^^^^^^^^^^^^^^^^^^^^^^
pydantic_core._pydantic_core.ValidationError: 1 validation error for History
message.recommendations.3
  Input should be a valid dictionary or object to extract fields from [type=model_attributes_type, input_value=None, input_type=NoneType]
    For further information visit https://errors.pydantic.dev/2.11/v/model_attributes_type
2025-07-24 08:27:14,160 - [INFO] - googlemaps.client - 30f253bee040be44696ee62af01d65c5e5adee0f - API queries_quota: 60
2025-07-24 08:27:30,931 - [INFO] - googlemaps.client - 30f253bee040be44696ee62af01d65c5e5adee0f - API queries_quota: 60
2025-07-24 08:30:01,004 - [INFO] - googlemaps.client - 30f253bee040be44696ee62af01d65c5e5adee0f - API queries_quota: 60
2025-07-24 08:30:20,185 - [INFO] - googlemaps.client - 30f253bee040be44696ee62af01d65c5e5adee0f - API queries_quota: 60
2025-07-24 08:30:32,922 - [INFO] - googlemaps.client - 30f253bee040be44696ee62af01d65c5e5adee0f - API queries_quota: 60
2025-07-24 08:30:42,981 - [INFO] - googlemaps.client - 30f253bee040be44696ee62af01d65c5e5adee0f - API queries_quota: 60
2025-07-24 08:30:49,907 - [INFO] - googlemaps.client - 30f253bee040be44696ee62af01d65c5e5adee0f - API queries_quota: 60
2025-07-24 08:31:16,969 - [INFO] - googlemaps.client - 30f253bee040be44696ee62af01d65c5e5adee0f - API queries_quota: 60
2025-07-24 08:31:27,381 - [INFO] - googlemaps.client - 30f253bee040be44696ee62af01d65c5e5adee0f - API queries_quota: 60
2025-07-24 08:31:38,821 - [INFO] - googlemaps.client - 30f253bee040be44696ee62af01d65c5e5adee0f - API queries_quota: 60
2025-07-24 08:31:49,054 - [INFO] - TravelAI - 30f253bee040be44696ee62af01d65c5e5adee0f - intentions: ['ADVANCE_STEP']
2025-07-24 08:31:49,064 - [INFO] - googlemaps.client - 30f253bee040be44696ee62af01d65c5e5adee0f - API queries_quota: 60
2025-07-24 08:32:01,753 - [ERROR] - asyncio - 30f253bee040be44696ee62af01d65c5e5adee0f - Task exception was never retrieved
future: <Task finished name='Task-452' coro=<RecommendService.enrich_place_detail() done, defined at D:\finalPro\backend\app\services\recommend_service.py:315> exception=1 validation error for ShortlistItem
description
  Input should be a valid string [type=string_type, input_value=None, input_type=NoneType]
    For further information visit https://errors.pydantic.dev/2.11/v/string_type>
Traceback (most recent call last):
  File "D:\finalPro\backend\app\services\recommend_service.py", line 327, in enrich_place_detail
    place = await self.get_or_fetch_place_brief(place_name, None, None)
            ^^^^^^^^^^^^^^^^^^^^^^^^^^^^^^^^^^^^^^^^^^^^^^^^^^^^^^^^^^^
  File "D:\finalPro\backend\app\services\recommend_service.py", line 250, in get_or_fetch_place_brief
    place_info = self.google_to_shortlist(result, description, recommend_reason)
                 ^^^^^^^^^^^^^^^^^^^^^^^^^^^^^^^^^^^^^^^^^^^^^^^^^^^^^^^^^^^^^^^
  File "D:\finalPro\backend\app\services\recommend_service.py", line 294, in google_to_shortlist
    return ShortlistItem(
           ^^^^^^^^^^^^^^
  File "D:\Program Files (x86)\Python\Python312\Lib\site-packages\pydantic\main.py", line 253, in __init__
    validated_self = self.__pydantic_validator__.validate_python(data, self_instance=self)
                     ^^^^^^^^^^^^^^^^^^^^^^^^^^^^^^^^^^^^^^^^^^^^^^^^^^^^^^^^^^^^^^^^^^^^^
pydantic_core._pydantic_core.ValidationError: 1 validation error for ShortlistItem
description
  Input should be a valid string [type=string_type, input_value=None, input_type=NoneType]
    For further information visit https://errors.pydantic.dev/2.11/v/string_type
2025-07-24 08:32:01,851 - [ERROR] - asyncio - 30f253bee040be44696ee62af01d65c5e5adee0f - Task exception was never retrieved
future: <Task finished name='Task-451' coro=<RecommendService.enrich_place_detail() done, defined at D:\finalPro\backend\app\services\recommend_service.py:315> exception=1 validation error for ShortlistItem
description
  Input should be a valid string [type=string_type, input_value=None, input_type=NoneType]
    For further information visit https://errors.pydantic.dev/2.11/v/string_type>
Traceback (most recent call last):
  File "D:\finalPro\backend\app\services\recommend_service.py", line 327, in enrich_place_detail
    place = await self.get_or_fetch_place_brief(place_name, None, None)
            ^^^^^^^^^^^^^^^^^^^^^^^^^^^^^^^^^^^^^^^^^^^^^^^^^^^^^^^^^^^
  File "D:\finalPro\backend\app\services\recommend_service.py", line 250, in get_or_fetch_place_brief
    place_info = self.google_to_shortlist(result, description, recommend_reason)
                 ^^^^^^^^^^^^^^^^^^^^^^^^^^^^^^^^^^^^^^^^^^^^^^^^^^^^^^^^^^^^^^^
  File "D:\finalPro\backend\app\services\recommend_service.py", line 294, in google_to_shortlist
    return ShortlistItem(
           ^^^^^^^^^^^^^^
  File "D:\Program Files (x86)\Python\Python312\Lib\site-packages\pydantic\main.py", line 253, in __init__
    validated_self = self.__pydantic_validator__.validate_python(data, self_instance=self)
                     ^^^^^^^^^^^^^^^^^^^^^^^^^^^^^^^^^^^^^^^^^^^^^^^^^^^^^^^^^^^^^^^^^^^^^
pydantic_core._pydantic_core.ValidationError: 1 validation error for ShortlistItem
description
  Input should be a valid string [type=string_type, input_value=None, input_type=NoneType]
    For further information visit https://errors.pydantic.dev/2.11/v/string_type
2025-07-24 08:33:36,425 - [INFO] - googlemaps.client - 30f253bee040be44696ee62af01d65c5e5adee0f - API queries_quota: 60
2025-07-24 08:33:46,291 - [INFO] - googlemaps.client - 30f253bee040be44696ee62af01d65c5e5adee0f - API queries_quota: 60
2025-07-24 08:33:49,951 - [INFO] - TravelAI - 30f253bee040be44696ee62af01d65c5e5adee0f - intentions: ['ADVANCE_STEP']
2025-07-24 08:33:49,953 - [INFO] - googlemaps.client - 30f253bee040be44696ee62af01d65c5e5adee0f - API queries_quota: 60
2025-07-24 08:34:03,020 - [INFO] - googlemaps.client - 30f253bee040be44696ee62af01d65c5e5adee0f - API queries_quota: 60
2025-07-24 08:34:03,683 - [INFO] - googlemaps.client - 30f253bee040be44696ee62af01d65c5e5adee0f - API queries_quota: 60
2025-07-24 08:34:04,495 - [INFO] - googlemaps.client - 30f253bee040be44696ee62af01d65c5e5adee0f - API queries_quota: 60
2025-07-24 08:34:08,111 - [INFO] - googlemaps.client - 30f253bee040be44696ee62af01d65c5e5adee0f - API queries_quota: 60
2025-07-24 08:34:08,652 - [INFO] - googlemaps.client - 30f253bee040be44696ee62af01d65c5e5adee0f - API queries_quota: 60
2025-07-24 08:34:09,813 - [INFO] - googlemaps.client - 30f253bee040be44696ee62af01d65c5e5adee0f - API queries_quota: 60
2025-07-24 08:34:28,408 - [INFO] - googlemaps.client - 30f253bee040be44696ee62af01d65c5e5adee0f - API queries_quota: 60
2025-07-24 08:34:29,160 - [INFO] - googlemaps.client - 30f253bee040be44696ee62af01d65c5e5adee0f - API queries_quota: 60
2025-07-24 08:34:32,593 - [INFO] - googlemaps.client - 30f253bee040be44696ee62af01d65c5e5adee0f - API queries_quota: 60
2025-07-24 08:34:39,246 - [INFO] - googlemaps.client - 30f253bee040be44696ee62af01d65c5e5adee0f - API queries_quota: 60
2025-07-24 08:34:45,498 - [INFO] - googlemaps.client - 30f253bee040be44696ee62af01d65c5e5adee0f - API queries_quota: 60
2025-07-24 08:35:59,079 - [INFO] - TravelAI - 30f253bee040be44696ee62af01d65c5e5adee0f - intentions: ['ITINERARY_GENERATION']
2025-07-24 08:35:59,081 - [INFO] - googlemaps.client - 30f253bee040be44696ee62af01d65c5e5adee0f - API queries_quota: 60
2025-07-24 08:36:40,526 - [INFO] - googlemaps.client - 30f253bee040be44696ee62af01d65c5e5adee0f - API queries_quota: 60
2025-07-24 08:36:42,262 - [INFO] - TravelAI - 30f253bee040be44696ee62af01d65c5e5adee0f - intentions: ['ITINERARY_GENERATION']
2025-07-24 08:36:42,265 - [INFO] - googlemaps.client - 30f253bee040be44696ee62af01d65c5e5adee0f - API queries_quota: 60
2025-07-24 08:39:19,114 - [INFO] - googlemaps.client - 30f253bee040be44696ee62af01d65c5e5adee0f - API queries_quota: 60
2025-07-24 08:39:43,552 - [INFO] - googlemaps.client - 30f253bee040be44696ee62af01d65c5e5adee0f - API queries_quota: 60
2025-07-24 08:39:51,601 - [INFO] - httpx - 30f253bee040be44696ee62af01d65c5e5adee0f - HTTP Request: POST https://api.openai.com/v1/chat/completions "HTTP/1.1 200 OK"
2025-07-24 08:39:51,601 - [INFO] - TravelAI - 30f253bee040be44696ee62af01d65c5e5adee0f - intentions: ['ITINERARY_GENERATION']
2025-07-24 08:39:51,614 - [INFO] - googlemaps.client - 30f253bee040be44696ee62af01d65c5e5adee0f - API queries_quota: 60
2025-07-24 08:39:57,174 - [INFO] - httpx - 30f253bee040be44696ee62af01d65c5e5adee0f - HTTP Request: POST https://api.openai.com/v1/chat/completions "HTTP/1.1 200 OK"
2025-07-24 08:40:13,925 - [INFO] - httpx - 30f253bee040be44696ee62af01d65c5e5adee0f - HTTP Request: POST https://api.openai.com/v1/chat/completions "HTTP/1.1 200 OK"
2025-07-24 08:42:44,880 - [INFO] - googlemaps.client - 30f253bee040be44696ee62af01d65c5e5adee0f - API queries_quota: 60
2025-07-24 08:42:58,599 - [INFO] - httpx - 30f253bee040be44696ee62af01d65c5e5adee0f - HTTP Request: POST https://api.openai.com/v1/chat/completions "HTTP/1.1 200 OK"
2025-07-24 08:42:58,617 - [INFO] - TravelAI - 30f253bee040be44696ee62af01d65c5e5adee0f - intentions: ['ITINERARY_GENERATION']
2025-07-24 08:42:58,619 - [INFO] - googlemaps.client - 30f253bee040be44696ee62af01d65c5e5adee0f - API queries_quota: 60
2025-07-24 08:43:03,307 - [INFO] - httpx - 30f253bee040be44696ee62af01d65c5e5adee0f - HTTP Request: POST https://api.openai.com/v1/chat/completions "HTTP/1.1 200 OK"
2025-07-24 08:43:28,446 - [INFO] - httpx - 30f253bee040be44696ee62af01d65c5e5adee0f - HTTP Request: POST https://api.openai.com/v1/chat/completions "HTTP/1.1 200 OK"
2025-07-24 08:43:28,786 - [INFO] - httpx - 30f253bee040be44696ee62af01d65c5e5adee0f - HTTP Request: POST https://api.openai.com/v1/chat/completions "HTTP/1.1 400 Bad Request"
2025-07-24 08:45:15,255 - [INFO] - googlemaps.client - 30f253bee040be44696ee62af01d65c5e5adee0f - API queries_quota: 60
2025-07-24 08:47:59,172 - [INFO] - googlemaps.client - 30f253bee040be44696ee62af01d65c5e5adee0f - API queries_quota: 60
2025-07-24 08:48:04,406 - [INFO] - googlemaps.client - 30f253bee040be44696ee62af01d65c5e5adee0f - API queries_quota: 60
2025-07-24 08:49:10,199 - [INFO] - googlemaps.client - 30f253bee040be44696ee62af01d65c5e5adee0f - API queries_quota: 60
2025-07-24 08:49:50,429 - [INFO] - googlemaps.client - 30f253bee040be44696ee62af01d65c5e5adee0f - API queries_quota: 60
2025-07-24 08:50:12,178 - [INFO] - googlemaps.client - 30f253bee040be44696ee62af01d65c5e5adee0f - API queries_quota: 60
2025-07-24 08:50:51,447 - [INFO] - googlemaps.client - 30f253bee040be44696ee62af01d65c5e5adee0f - API queries_quota: 60
2025-07-24 08:52:41,699 - [INFO] - googlemaps.client - 30f253bee040be44696ee62af01d65c5e5adee0f - API queries_quota: 60
2025-07-24 08:53:44,038 - [INFO] - googlemaps.client - 30f253bee040be44696ee62af01d65c5e5adee0f - API queries_quota: 60
2025-07-24 08:58:05,335 - [INFO] - googlemaps.client - 30f253bee040be44696ee62af01d65c5e5adee0f - API queries_quota: 60
2025-07-24 08:58:59,830 - [INFO] - httpx - 30f253bee040be44696ee62af01d65c5e5adee0f - HTTP Request: POST https://api.openai.com/v1/chat/completions "HTTP/1.1 200 OK"
2025-07-24 08:58:59,838 - [INFO] - TravelAI - 30f253bee040be44696ee62af01d65c5e5adee0f - intentions: ['ITINERARY_GENERATION']
2025-07-24 08:58:59,839 - [INFO] - googlemaps.client - 30f253bee040be44696ee62af01d65c5e5adee0f - API queries_quota: 60
2025-07-24 08:59:05,499 - [INFO] - httpx - 30f253bee040be44696ee62af01d65c5e5adee0f - HTTP Request: POST https://api.openai.com/v1/chat/completions "HTTP/1.1 200 OK"
2025-07-24 09:00:00,014 - [INFO] - httpx - 30f253bee040be44696ee62af01d65c5e5adee0f - HTTP Request: POST https://api.openai.com/v1/chat/completions "HTTP/1.1 200 OK"
2025-07-24 09:00:00,461 - [INFO] - httpx - 30f253bee040be44696ee62af01d65c5e5adee0f - HTTP Request: POST https://api.openai.com/v1/chat/completions "HTTP/1.1 400 Bad Request"
2025-07-24 09:03:50,310 - [INFO] - openai._base_client - 30f253bee040be44696ee62af01d65c5e5adee0f - Retrying request to /chat/completions in 0.463602 seconds
2025-07-24 09:03:50,773 - [INFO] - openai._base_client - 30f253bee040be44696ee62af01d65c5e5adee0f - Retrying request to /chat/completions in 0.965048 seconds
2025-07-24 09:13:49,350 - [ERROR] - asyncio - 30f253bee040be44696ee62af01d65c5e5adee0f - Task exception was never retrieved
future: <Task finished name='Task-597' coro=<DbSession._create_indexes() done, defined at D:\finalPro\backend\app\models\db_session.py:12> exception=AutoReconnect('ac-on2tm0g-shard-00-01.bifzs2z.mongodb.net:27017: [WinError 10054] 远程主机强迫关闭了一个现有的连接。 (configured timeouts: connectTimeoutMS: 20000.0ms)')>
Traceback (most recent call last):
  File "D:\Program Files (x86)\Python\Python312\Lib\site-packages\pymongo\asynchronous\pool.py", line 414, in command
    return await command(
           ^^^^^^^^^^^^^^
  File "D:\Program Files (x86)\Python\Python312\Lib\site-packages\pymongo\asynchronous\network.py", line 198, in command
    reply = await async_receive_message(conn, request_id)
            ^^^^^^^^^^^^^^^^^^^^^^^^^^^^^^^^^^^^^^^^^^^^^
  File "D:\Program Files (x86)\Python\Python312\Lib\site-packages\pymongo\network_layer.py", line 727, in async_receive_message
    data, op_code = read_task.result()
                    ^^^^^^^^^^^^^^^^^^
  File "D:\Program Files (x86)\Python\Python312\Lib\site-packages\pymongo\network_layer.py", line 535, in read
    message = await read_waiter
              ^^^^^^^^^^^^^^^^^
  File "D:\Program Files (x86)\Python\Python312\Lib\asyncio\selector_events.py", line 988, in _read_ready__get_buffer
    nbytes = self._sock.recv_into(buf)
             ^^^^^^^^^^^^^^^^^^^^^^^^^
ConnectionResetError: [WinError 10054] 远程主机强迫关闭了一个现有的连接。

The above exception was the direct cause of the following exception:

Traceback (most recent call last):
  File "D:\finalPro\backend\app\models\db_session.py", line 13, in _create_indexes
    await self.collection.create_indexes([
  File "D:\Program Files (x86)\Python\Python312\Lib\site-packages\pymongo\asynchronous\collection.py", line 2218, in create_indexes
    return await self._create_indexes(indexes, session, **kwargs)
           ^^^^^^^^^^^^^^^^^^^^^^^^^^^^^^^^^^^^^^^^^^^^^^^^^^^^^^
  File "D:\Program Files (x86)\Python\Python312\Lib\site-packages\pymongo\_csot.py", line 109, in csot_wrapper
    return await func(self, *args, **kwargs)
           ^^^^^^^^^^^^^^^^^^^^^^^^^^^^^^^^^
  File "D:\Program Files (x86)\Python\Python312\Lib\site-packages\pymongo\asynchronous\collection.py", line 2255, in _create_indexes
    await self._command(
  File "D:\Program Files (x86)\Python\Python312\Lib\site-packages\pymongo\asynchronous\collection.py", line 620, in _command
    return await conn.command(
           ^^^^^^^^^^^^^^^^^^^
  File "D:\Program Files (x86)\Python\Python312\Lib\site-packages\pymongo\asynchronous\helpers.py", line 47, in inner
    return await func(*args, **kwargs)
           ^^^^^^^^^^^^^^^^^^^^^^^^^^^
  File "D:\Program Files (x86)\Python\Python312\Lib\site-packages\pymongo\asynchronous\pool.py", line 442, in command
    await self._raise_connection_failure(error)
  File "D:\Program Files (x86)\Python\Python312\Lib\site-packages\pymongo\asynchronous\pool.py", line 646, in _raise_connection_failure
    _raise_connection_failure(self.address, error, timeout_details=details)
  File "D:\Program Files (x86)\Python\Python312\Lib\site-packages\pymongo\pool_shared.py", line 149, in _raise_connection_failure
    raise AutoReconnect(msg) from error
pymongo.errors.AutoReconnect: ac-on2tm0g-shard-00-01.bifzs2z.mongodb.net:27017: [WinError 10054] 远程主机强迫关闭了一个现有的连接。 (configured timeouts: connectTimeoutMS: 20000.0ms)
2025-07-24 09:13:49,355 - [ERROR] - asyncio - 30f253bee040be44696ee62af01d65c5e5adee0f - Task exception was never retrieved
future: <Task finished name='Task-605' coro=<DbSession._create_indexes() done, defined at D:\finalPro\backend\app\models\db_session.py:12> exception=AutoReconnect('ac-on2tm0g-shard-00-01.bifzs2z.mongodb.net:27017: [Errno 11001] getaddrinfo failed (configured timeouts: connectTimeoutMS: 20000.0ms)')>
Traceback (most recent call last):
  File "D:\Program Files (x86)\Python\Python312\Lib\site-packages\pymongo\asynchronous\pool.py", line 1037, in connect
    networking_interface = await _configured_protocol_interface(self.address, self.opts)
                           ^^^^^^^^^^^^^^^^^^^^^^^^^^^^^^^^^^^^^^^^^^^^^^^^^^^^^^^^^^^^^
  File "D:\Program Files (x86)\Python\Python312\Lib\site-packages\pymongo\pool_shared.py", line 328, in _configured_protocol_interface
    sock = await _async_create_connection(address, options)
           ^^^^^^^^^^^^^^^^^^^^^^^^^^^^^^^^^^^^^^^^^^^^^^^^
  File "D:\Program Files (x86)\Python\Python312\Lib\site-packages\pymongo\pool_shared.py", line 223, in _async_create_connection
    for res in await _getaddrinfo(host, port, family=family, type=socket.SOCK_STREAM):
               ^^^^^^^^^^^^^^^^^^^^^^^^^^^^^^^^^^^^^^^^^^^^^^^^^^^^^^^^^^^^^^^^^^^^^^
  File "D:\Program Files (x86)\Python\Python312\Lib\site-packages\pymongo\asynchronous\helpers.py", line 86, in _getaddrinfo
    return await loop.getaddrinfo(host, port, **kwargs)  # type: ignore[return-value]
           ^^^^^^^^^^^^^^^^^^^^^^^^^^^^^^^^^^^^^^^^^^^^
  File "D:\Program Files (x86)\Python\Python312\Lib\asyncio\base_events.py", line 899, in getaddrinfo
    return await self.run_in_executor(
           ^^^^^^^^^^^^^^^^^^^^^^^^^^^
  File "D:\Program Files (x86)\Python\Python312\Lib\concurrent\futures\thread.py", line 58, in run
    result = self.fn(*self.args, **self.kwargs)
             ^^^^^^^^^^^^^^^^^^^^^^^^^^^^^^^^^^
  File "D:\Program Files (x86)\Python\Python312\Lib\socket.py", line 963, in getaddrinfo
    for res in _socket.getaddrinfo(host, port, family, type, proto, flags):
               ^^^^^^^^^^^^^^^^^^^^^^^^^^^^^^^^^^^^^^^^^^^^^^^^^^^^^^^^^^^
socket.gaierror: [Errno 11001] getaddrinfo failed

The above exception was the direct cause of the following exception:

Traceback (most recent call last):
  File "D:\finalPro\backend\app\models\db_session.py", line 13, in _create_indexes
    await self.collection.create_indexes([
  File "D:\Program Files (x86)\Python\Python312\Lib\site-packages\pymongo\asynchronous\collection.py", line 2218, in create_indexes
    return await self._create_indexes(indexes, session, **kwargs)
           ^^^^^^^^^^^^^^^^^^^^^^^^^^^^^^^^^^^^^^^^^^^^^^^^^^^^^^
  File "D:\Program Files (x86)\Python\Python312\Lib\site-packages\pymongo\_csot.py", line 109, in csot_wrapper
    return await func(self, *args, **kwargs)
           ^^^^^^^^^^^^^^^^^^^^^^^^^^^^^^^^^
  File "D:\Program Files (x86)\Python\Python312\Lib\site-packages\pymongo\asynchronous\collection.py", line 2234, in _create_indexes
    async with await self._conn_for_writes(session, operation=_Op.CREATE_INDEXES) as conn:
  File "D:\Program Files (x86)\Python\Python312\Lib\contextlib.py", line 210, in __aenter__
    return await anext(self.gen)
           ^^^^^^^^^^^^^^^^^^^^^
  File "D:\Program Files (x86)\Python\Python312\Lib\site-packages\pymongo\asynchronous\mongo_client.py", line 1760, in _checkout
    async with await server.checkout(handler=err_handler) as conn:
  File "D:\Program Files (x86)\Python\Python312\Lib\contextlib.py", line 210, in __aenter__
    return await anext(self.gen)
           ^^^^^^^^^^^^^^^^^^^^^
  File "D:\Program Files (x86)\Python\Python312\Lib\site-packages\pymongo\asynchronous\pool.py", line 1123, in checkout
    conn = await self._get_conn(checkout_started_time, handler=handler)
           ^^^^^^^^^^^^^^^^^^^^^^^^^^^^^^^^^^^^^^^^^^^^^^^^^^^^^^^^^^^^
  File "D:\Program Files (x86)\Python\Python312\Lib\site-packages\pymongo\asynchronous\pool.py", line 1285, in _get_conn
    conn = await self.connect(handler=handler)
           ^^^^^^^^^^^^^^^^^^^^^^^^^^^^^^^^^^^
  File "D:\Program Files (x86)\Python\Python312\Lib\site-packages\pymongo\asynchronous\pool.py", line 1060, in connect
    _raise_connection_failure(self.address, error, timeout_details=details)
  File "D:\Program Files (x86)\Python\Python312\Lib\site-packages\pymongo\pool_shared.py", line 149, in _raise_connection_failure
    raise AutoReconnect(msg) from error
pymongo.errors.AutoReconnect: ac-on2tm0g-shard-00-01.bifzs2z.mongodb.net:27017: [Errno 11001] getaddrinfo failed (configured timeouts: connectTimeoutMS: 20000.0ms)
2025-07-24 09:13:55,229 - [INFO] - googlemaps.client - 30f253bee040be44696ee62af01d65c5e5adee0f - API queries_quota: 60
2025-07-24 09:14:13,649 - [INFO] - googlemaps.client - 30f253bee040be44696ee62af01d65c5e5adee0f - API queries_quota: 60
2025-07-24 09:14:18,372 - [INFO] - httpx - 30f253bee040be44696ee62af01d65c5e5adee0f - HTTP Request: POST https://api.openai.com/v1/chat/completions "HTTP/1.1 200 OK"
2025-07-24 09:14:18,388 - [INFO] - TravelAI - 30f253bee040be44696ee62af01d65c5e5adee0f - intentions: ['ITINERARY_GENERATION']
2025-07-24 09:14:18,390 - [INFO] - googlemaps.client - 30f253bee040be44696ee62af01d65c5e5adee0f - API queries_quota: 60
2025-07-24 09:14:27,965 - [INFO] - httpx - 30f253bee040be44696ee62af01d65c5e5adee0f - HTTP Request: POST https://api.openai.com/v1/chat/completions "HTTP/1.1 200 OK"
2025-07-24 09:14:48,118 - [INFO] - httpx - 30f253bee040be44696ee62af01d65c5e5adee0f - HTTP Request: POST https://api.openai.com/v1/chat/completions "HTTP/1.1 200 OK"
2025-07-24 09:14:48,647 - [INFO] - httpx - 30f253bee040be44696ee62af01d65c5e5adee0f - HTTP Request: POST https://api.openai.com/v1/chat/completions "HTTP/1.1 400 Bad Request"
2025-07-24 09:17:21,433 - [INFO] - googlemaps.client - 30f253bee040be44696ee62af01d65c5e5adee0f - API queries_quota: 60
2025-07-24 09:18:11,354 - [INFO] - httpx - 30f253bee040be44696ee62af01d65c5e5adee0f - HTTP Request: POST https://api.openai.com/v1/chat/completions "HTTP/1.1 200 OK"
2025-07-24 09:18:11,366 - [INFO] - TravelAI - 30f253bee040be44696ee62af01d65c5e5adee0f - intentions: ['ITINERARY_GENERATION']
2025-07-24 09:18:11,367 - [INFO] - googlemaps.client - 30f253bee040be44696ee62af01d65c5e5adee0f - API queries_quota: 60
2025-07-24 09:18:18,444 - [INFO] - httpx - 30f253bee040be44696ee62af01d65c5e5adee0f - HTTP Request: POST https://api.openai.com/v1/chat/completions "HTTP/1.1 200 OK"
2025-07-24 09:18:41,762 - [INFO] - httpx - 30f253bee040be44696ee62af01d65c5e5adee0f - HTTP Request: POST https://api.openai.com/v1/chat/completions "HTTP/1.1 200 OK"
2025-07-24 09:18:42,124 - [INFO] - httpx - 30f253bee040be44696ee62af01d65c5e5adee0f - HTTP Request: POST https://api.openai.com/v1/chat/completions "HTTP/1.1 400 Bad Request"
2025-07-24 09:26:05,234 - [INFO] - googlemaps.client - 30f253bee040be44696ee62af01d65c5e5adee0f - API queries_quota: 60
2025-07-24 09:26:17,018 - [INFO] - googlemaps.client - 30f253bee040be44696ee62af01d65c5e5adee0f - API queries_quota: 60
2025-07-24 09:30:36,345 - [INFO] - googlemaps.client - 30f253bee040be44696ee62af01d65c5e5adee0f - API queries_quota: 60
2025-07-24 09:33:23,004 - [INFO] - googlemaps.client - 30f253bee040be44696ee62af01d65c5e5adee0f - API queries_quota: 60
2025-07-24 09:33:26,754 - [INFO] - googlemaps.client - 30f253bee040be44696ee62af01d65c5e5adee0f - API queries_quota: 60
2025-07-24 09:33:31,479 - [INFO] - googlemaps.client - 30f253bee040be44696ee62af01d65c5e5adee0f - API queries_quota: 60
2025-07-24 09:33:45,739 - [INFO] - googlemaps.client - 30f253bee040be44696ee62af01d65c5e5adee0f - API queries_quota: 60
2025-07-24 09:34:06,287 - [INFO] - googlemaps.client - 30f253bee040be44696ee62af01d65c5e5adee0f - API queries_quota: 60
2025-07-24 09:35:07,506 - [INFO] - googlemaps.client - 30f253bee040be44696ee62af01d65c5e5adee0f - API queries_quota: 60
2025-07-24 09:35:21,111 - [INFO] - TravelAI - 30f253bee040be44696ee62af01d65c5e5adee0f - intentions: ['ITINERARY_GENERATION']
2025-07-24 09:35:21,113 - [INFO] - googlemaps.client - 30f253bee040be44696ee62af01d65c5e5adee0f - API queries_quota: 60
2025-07-24 09:39:33,500 - [INFO] - googlemaps.client - 30f253bee040be44696ee62af01d65c5e5adee0f - API queries_quota: 60
2025-07-24 09:39:40,221 - [INFO] - TravelAI - 30f253bee040be44696ee62af01d65c5e5adee0f - intentions: ['ITINERARY_GENERATION']
2025-07-24 09:39:40,225 - [INFO] - googlemaps.client - 30f253bee040be44696ee62af01d65c5e5adee0f - API queries_quota: 60
2025-07-24 09:39:41,113 - [INFO] - httpx - 30f253bee040be44696ee62af01d65c5e5adee0f - HTTP Request: POST https://api.openai.com/v1/chat/completions "HTTP/1.1 400 Bad Request"
2025-07-24 09:41:13,614 - [INFO] - googlemaps.client - 30f253bee040be44696ee62af01d65c5e5adee0f - API queries_quota: 60
2025-07-24 09:41:44,205 - [INFO] - googlemaps.client - 30f253bee040be44696ee62af01d65c5e5adee0f - API queries_quota: 60
2025-07-24 09:42:22,449 - [INFO] - googlemaps.client - 30f253bee040be44696ee62af01d65c5e5adee0f - API queries_quota: 60
2025-07-24 09:42:38,039 - [INFO] - TravelAI - 30f253bee040be44696ee62af01d65c5e5adee0f - intentions: ['ITINERARY_GENERATION']
2025-07-24 09:42:38,041 - [INFO] - googlemaps.client - 30f253bee040be44696ee62af01d65c5e5adee0f - API queries_quota: 60
2025-07-24 09:43:02,129 - [INFO] - httpx - 30f253bee040be44696ee62af01d65c5e5adee0f - HTTP Request: POST https://api.openai.com/v1/chat/completions "HTTP/1.1 200 OK"
2025-07-24 09:43:02,684 - [INFO] - httpx - 30f253bee040be44696ee62af01d65c5e5adee0f - HTTP Request: POST https://api.openai.com/v1/chat/completions "HTTP/1.1 400 Bad Request"
2025-07-24 09:43:30,724 - [INFO] - googlemaps.client - 30f253bee040be44696ee62af01d65c5e5adee0f - API queries_quota: 60
2025-07-24 09:43:43,804 - [INFO] - TravelAI - 30f253bee040be44696ee62af01d65c5e5adee0f - intentions: ['ADVANCE_STEP']
2025-07-24 09:43:43,815 - [INFO] - googlemaps.client - 30f253bee040be44696ee62af01d65c5e5adee0f - API queries_quota: 60
2025-07-24 09:44:15,708 - [ERROR] - asyncio - 30f253bee040be44696ee62af01d65c5e5adee0f - Task exception was never retrieved
future: <Task finished name='Task-1173' coro=<RecommendService.enrich_place_detail() done, defined at D:\finalPro\backend\app\services\recommend_service.py:313> exception=OutputParserException('Invalid json output: ```json\n{\n  "pros": [\n    "Rich art collection",\n    "Central location",\n    "Historical building",\n    "Not too crowded"\n  ],\n  "cons": [\n    "Limited modern art",\n    "Not all art labeled",\n    "Small gift shop",\n    "Can be repetitive"\n  ],\n  "advice_trip": "## Pinacoteca Nazionale di Bologna Trip Advice\\n\\n**Itinerary Suggestion:**\\n- **Morning (2-3 hours):** Focus on the highlights of the Pinacoteca. Start with the 13th-16th century rooms on the ground floor, then proceed to the 17th-18th century paintings on the upper floor. Prioritize works by Bolognese masters like Raphael, Carracci, and Guido Reni.\\n- **Afternoon:** Explore other nearby attractions like the Two Towers or Piazza Maggiore.\\n\\n**Must-See Spots:**\\n-   *Raphael\'s "The Ecstasy of Saint Cecilia"*\\n-   *Works by the Carracci brothers (Annibale, Agostino, and Ludovico)*\\n-   *Guido Reni\'s masterpieces*\\n\\n**Local Tips:**\\n-   Check for temporary exhibitions that may be of interest.\\n-   Take advantage of guided tours if available to gain deeper insights.\\n-   Visit during weekdays or off-season to avoid crowds.\\n\\n**Transportation Advice:**\\n-   The Pinacoteca is located in the university district and is easily accessible by bus.  Walking is also a good option if you are staying in the city center.\\n\\n**Budget Estimates:**\\n-   Entrance Fee: Approximately €6-8.\\n-   Allow another €10-20 for a guidebook or audio guide and a coffee."\n}\n```\nFor troubleshooting, visit: https://python.langchain.com/docs/troubleshooting/errors/OUTPUT_PARSING_FAILURE ')>
Traceback (most recent call last):
  File "D:\Program Files (x86)\Python\Python312\Lib\site-packages\langchain_core\output_parsers\json.py", line 82, in parse_result
    return parse_json_markdown(text)
           ^^^^^^^^^^^^^^^^^^^^^^^^^
  File "D:\Program Files (x86)\Python\Python312\Lib\site-packages\langchain_core\utils\json.py", line 150, in parse_json_markdown
    return _parse_json(json_str, parser=parser)
           ^^^^^^^^^^^^^^^^^^^^^^^^^^^^^^^^^^^^
  File "D:\Program Files (x86)\Python\Python312\Lib\site-packages\langchain_core\utils\json.py", line 166, in _parse_json
    return parser(json_str)
           ^^^^^^^^^^^^^^^^
  File "D:\Program Files (x86)\Python\Python312\Lib\site-packages\langchain_core\utils\json.py", line 123, in parse_partial_json
    return json.loads(s, strict=strict)
           ^^^^^^^^^^^^^^^^^^^^^^^^^^^^
  File "D:\Program Files (x86)\Python\Python312\Lib\json\__init__.py", line 359, in loads
    return cls(**kw).decode(s)
           ^^^^^^^^^^^^^^^^^^^
  File "D:\Program Files (x86)\Python\Python312\Lib\json\decoder.py", line 337, in decode
    obj, end = self.raw_decode(s, idx=_w(s, 0).end())
               ^^^^^^^^^^^^^^^^^^^^^^^^^^^^^^^^^^^^^^
  File "D:\Program Files (x86)\Python\Python312\Lib\json\decoder.py", line 353, in raw_decode
    obj, end = self.scan_once(s, idx)
               ^^^^^^^^^^^^^^^^^^^^^^
json.decoder.JSONDecodeError: Expecting ',' delimiter: line 14 column 503 (char 738)

The above exception was the direct cause of the following exception:

Traceback (most recent call last):
  File "D:\finalPro\backend\app\services\recommend_service.py", line 342, in enrich_place_detail
    enrich_data = await self.enrich_place_detail_chain.ainvoke(place_name)
                  ^^^^^^^^^^^^^^^^^^^^^^^^^^^^^^^^^^^^^^^^^^^^^^^^^^^^^^^^
  File "D:\Program Files (x86)\Python\Python312\Lib\site-packages\langchain_core\runnables\base.py", line 3089, in ainvoke
    input_ = await coro_with_context(part(), context, create_task=True)
             ^^^^^^^^^^^^^^^^^^^^^^^^^^^^^^^^^^^^^^^^^^^^^^^^^^^^^^^^^^
  File "D:\Program Files (x86)\Python\Python312\Lib\site-packages\langchain_core\output_parsers\base.py", line 219, in ainvoke
    return await self._acall_with_config(
           ^^^^^^^^^^^^^^^^^^^^^^^^^^^^^^
  File "D:\Program Files (x86)\Python\Python312\Lib\site-packages\langchain_core\runnables\base.py", line 1991, in _acall_with_config
    output: Output = await coro_with_context(coro, context)
                     ^^^^^^^^^^^^^^^^^^^^^^^^^^^^^^^^^^^^^^
  File "D:\Program Files (x86)\Python\Python312\Lib\site-packages\langchain_core\output_parsers\base.py", line 280, in aparse_result
    return await run_in_executor(None, self.parse_result, result, partial=partial)
           ^^^^^^^^^^^^^^^^^^^^^^^^^^^^^^^^^^^^^^^^^^^^^^^^^^^^^^^^^^^^^^^^^^^^^^^
  File "D:\Program Files (x86)\Python\Python312\Lib\site-packages\langchain_core\runnables\config.py", line 616, in run_in_executor
    return await asyncio.get_running_loop().run_in_executor(
           ^^^^^^^^^^^^^^^^^^^^^^^^^^^^^^^^^^^^^^^^^^^^^^^^^
  File "D:\Program Files (x86)\Python\Python312\Lib\concurrent\futures\thread.py", line 58, in run
    result = self.fn(*self.args, **self.kwargs)
             ^^^^^^^^^^^^^^^^^^^^^^^^^^^^^^^^^^
  File "D:\Program Files (x86)\Python\Python312\Lib\site-packages\langchain_core\runnables\config.py", line 607, in wrapper
    return func(*args, **kwargs)
           ^^^^^^^^^^^^^^^^^^^^^
  File "D:\Program Files (x86)\Python\Python312\Lib\site-packages\langchain_core\output_parsers\json.py", line 85, in parse_result
    raise OutputParserException(msg, llm_output=text) from e
langchain_core.exceptions.OutputParserException: Invalid json output: ```json
{
  "pros": [
    "Rich art collection",
    "Central location",
    "Historical building",
    "Not too crowded"
  ],
  "cons": [
    "Limited modern art",
    "Not all art labeled",
    "Small gift shop",
    "Can be repetitive"
  ],
  "advice_trip": "## Pinacoteca Nazionale di Bologna Trip Advice\n\n**Itinerary Suggestion:**\n- **Morning (2-3 hours):** Focus on the highlights of the Pinacoteca. Start with the 13th-16th century rooms on the ground floor, then proceed to the 17th-18th century paintings on the upper floor. Prioritize works by Bolognese masters like Raphael, Carracci, and Guido Reni.\n- **Afternoon:** Explore other nearby attractions like the Two Towers or Piazza Maggiore.\n\n**Must-See Spots:**\n-   *Raphael's "The Ecstasy of Saint Cecilia"*\n-   *Works by the Carracci brothers (Annibale, Agostino, and Ludovico)*\n-   *Guido Reni's masterpieces*\n\n**Local Tips:**\n-   Check for temporary exhibitions that may be of interest.\n-   Take advantage of guided tours if available to gain deeper insights.\n-   Visit during weekdays or off-season to avoid crowds.\n\n**Transportation Advice:**\n-   The Pinacoteca is located in the university district and is easily accessible by bus.  Walking is also a good option if you are staying in the city center.\n\n**Budget Estimates:**\n-   Entrance Fee: Approximately €6-8.\n-   Allow another €10-20 for a guidebook or audio guide and a coffee."
}
```
For troubleshooting, visit: https://python.langchain.com/docs/troubleshooting/errors/OUTPUT_PARSING_FAILURE 
2025-07-24 09:44:27,952 - [INFO] - googlemaps.client - 30f253bee040be44696ee62af01d65c5e5adee0f - API queries_quota: 60
2025-07-24 09:44:33,813 - [INFO] - googlemaps.client - 30f253bee040be44696ee62af01d65c5e5adee0f - API queries_quota: 60
2025-07-24 09:45:32,793 - [INFO] - googlemaps.client - 30f253bee040be44696ee62af01d65c5e5adee0f - API queries_quota: 60
2025-07-24 09:45:35,538 - [INFO] - googlemaps.client - 30f253bee040be44696ee62af01d65c5e5adee0f - API queries_quota: 60
2025-07-24 09:45:39,928 - [INFO] - googlemaps.client - 30f253bee040be44696ee62af01d65c5e5adee0f - API queries_quota: 60
2025-07-24 09:45:42,237 - [INFO] - googlemaps.client - 30f253bee040be44696ee62af01d65c5e5adee0f - API queries_quota: 60
2025-07-24 09:45:47,764 - [INFO] - googlemaps.client - 30f253bee040be44696ee62af01d65c5e5adee0f - API queries_quota: 60
2025-07-24 09:45:54,852 - [INFO] - googlemaps.client - 30f253bee040be44696ee62af01d65c5e5adee0f - API queries_quota: 60
2025-07-24 09:45:55,929 - [INFO] - googlemaps.client - 30f253bee040be44696ee62af01d65c5e5adee0f - API queries_quota: 60
2025-07-24 09:45:56,921 - [INFO] - googlemaps.client - 30f253bee040be44696ee62af01d65c5e5adee0f - API queries_quota: 60
2025-07-24 09:45:57,897 - [INFO] - googlemaps.client - 30f253bee040be44696ee62af01d65c5e5adee0f - API queries_quota: 60
2025-07-24 09:45:59,715 - [INFO] - googlemaps.client - 30f253bee040be44696ee62af01d65c5e5adee0f - API queries_quota: 60
2025-07-24 09:46:00,431 - [INFO] - googlemaps.client - 30f253bee040be44696ee62af01d65c5e5adee0f - API queries_quota: 60
2025-07-24 09:46:18,627 - [INFO] - googlemaps.client - 30f253bee040be44696ee62af01d65c5e5adee0f - API queries_quota: 60
2025-07-24 09:46:29,733 - [INFO] - googlemaps.client - 30f253bee040be44696ee62af01d65c5e5adee0f - API queries_quota: 60
2025-07-24 09:46:30,595 - [INFO] - googlemaps.client - 30f253bee040be44696ee62af01d65c5e5adee0f - API queries_quota: 60
2025-07-24 09:46:31,373 - [INFO] - googlemaps.client - 30f253bee040be44696ee62af01d65c5e5adee0f - API queries_quota: 60
2025-07-24 09:46:32,291 - [INFO] - googlemaps.client - 30f253bee040be44696ee62af01d65c5e5adee0f - API queries_quota: 60
2025-07-24 09:46:42,800 - [INFO] - TravelAI - 30f253bee040be44696ee62af01d65c5e5adee0f - intentions: ['ITINERARY_GENERATION']
2025-07-24 09:46:42,802 - [INFO] - googlemaps.client - 30f253bee040be44696ee62af01d65c5e5adee0f - API queries_quota: 60
2025-07-24 09:47:09,032 - [INFO] - httpx - 30f253bee040be44696ee62af01d65c5e5adee0f - HTTP Request: POST https://api.openai.com/v1/chat/completions "HTTP/1.1 200 OK"
2025-07-24 09:47:09,990 - [INFO] - httpx - 30f253bee040be44696ee62af01d65c5e5adee0f - HTTP Request: POST https://api.openai.com/v1/chat/completions "HTTP/1.1 400 Bad Request"
2025-07-24 09:48:35,624 - [INFO] - googlemaps.client - 30f253bee040be44696ee62af01d65c5e5adee0f - API queries_quota: 60
2025-07-24 09:49:38,732 - [INFO] - googlemaps.client - 30f253bee040be44696ee62af01d65c5e5adee0f - API queries_quota: 60
2025-07-24 09:50:00,138 - [INFO] - TravelAI - 30f253bee040be44696ee62af01d65c5e5adee0f - intentions: ['ITINERARY_GENERATION']
2025-07-24 09:50:00,139 - [INFO] - googlemaps.client - 30f253bee040be44696ee62af01d65c5e5adee0f - API queries_quota: 60
2025-07-24 09:50:29,168 - [INFO] - httpx - 30f253bee040be44696ee62af01d65c5e5adee0f - HTTP Request: POST https://api.openai.com/v1/chat/completions "HTTP/1.1 200 OK"
2025-07-24 09:50:30,008 - [INFO] - httpx - 30f253bee040be44696ee62af01d65c5e5adee0f - HTTP Request: POST https://api.openai.com/v1/chat/completions "HTTP/1.1 400 Bad Request"
2025-07-24 09:53:29,266 - [INFO] - googlemaps.client - 30f253bee040be44696ee62af01d65c5e5adee0f - API queries_quota: 60
2025-07-24 09:53:42,407 - [INFO] - TravelAI - 30f253bee040be44696ee62af01d65c5e5adee0f - intentions: ['ITINERARY_GENERATION']
2025-07-24 09:53:42,409 - [INFO] - googlemaps.client - 30f253bee040be44696ee62af01d65c5e5adee0f - API queries_quota: 60
2025-07-24 09:54:08,201 - [INFO] - googlemaps.client - 30f253bee040be44696ee62af01d65c5e5adee0f - API queries_quota: 60
2025-07-24 09:54:12,162 - [INFO] - TravelAI - 30f253bee040be44696ee62af01d65c5e5adee0f - intentions: ['ITINERARY_GENERATION']
2025-07-24 09:54:12,163 - [INFO] - googlemaps.client - 30f253bee040be44696ee62af01d65c5e5adee0f - API queries_quota: 60
2025-07-24 09:54:37,617 - [INFO] - httpx - 30f253bee040be44696ee62af01d65c5e5adee0f - HTTP Request: POST https://api.openai.com/v1/chat/completions "HTTP/1.1 200 OK"
2025-07-24 09:54:38,001 - [INFO] - httpx - 30f253bee040be44696ee62af01d65c5e5adee0f - HTTP Request: POST https://api.openai.com/v1/chat/completions "HTTP/1.1 400 Bad Request"
2025-07-24 09:54:38,012 - [ERROR] - asyncio - 30f253bee040be44696ee62af01d65c5e5adee0f - Task exception was never retrieved
future: <Task finished name='Task-149' coro=<RedisExpiredListener.listen() done, defined at D:\finalPro\backend\app\utils\async_listener.py:7> exception=ConnectionError('Error UNKNOWN while writing to socket. Connection lost.')>
Traceback (most recent call last):
  File "D:\Program Files (x86)\Python\Python312\Lib\site-packages\redis\asyncio\connection.py", line 530, in send_packed_command
    await self._writer.drain()
  File "D:\Program Files (x86)\Python\Python312\Lib\asyncio\streams.py", line 392, in drain
    await self._protocol._drain_helper()
  File "D:\Program Files (x86)\Python\Python312\Lib\asyncio\streams.py", line 166, in _drain_helper
    raise ConnectionResetError('Connection lost')
ConnectionResetError: Connection lost

The above exception was the direct cause of the following exception:

Traceback (most recent call last):
  File "D:\finalPro\backend\app\utils\async_listener.py", line 10, in listen
    await pubsub.subscribe("__keyevent@0__:expired")
  File "D:\Program Files (x86)\Python\Python312\Lib\site-packages\redis\asyncio\client.py", line 1071, in subscribe
    ret_val = await self.execute_command("SUBSCRIBE", *new_channels.keys())
              ^^^^^^^^^^^^^^^^^^^^^^^^^^^^^^^^^^^^^^^^^^^^^^^^^^^^^^^^^^^^^
  File "D:\Program Files (x86)\Python\Python312\Lib\site-packages\redis\asyncio\client.py", line 924, in execute_command
    await self.connect()
  File "D:\Program Files (x86)\Python\Python312\Lib\site-packages\redis\asyncio\client.py", line 934, in connect
    self.connection = await self.connection_pool.get_connection()
                      ^^^^^^^^^^^^^^^^^^^^^^^^^^^^^^^^^^^^^^^^^^^
  File "D:\Program Files (x86)\Python\Python312\Lib\site-packages\redis\asyncio\connection.py", line 1141, in get_connection
    await self.ensure_connection(connection)
  File "D:\Program Files (x86)\Python\Python312\Lib\site-packages\redis\asyncio\connection.py", line 1174, in ensure_connection
    await connection.connect()
  File "D:\Program Files (x86)\Python\Python312\Lib\site-packages\redis\asyncio\connection.py", line 296, in connect
    await self.connect_check_health(check_health=True)
  File "D:\Program Files (x86)\Python\Python312\Lib\site-packages\redis\asyncio\connection.py", line 317, in connect_check_health
    await self.on_connect_check_health(check_health=check_health)
  File "D:\Program Files (x86)\Python\Python312\Lib\site-packages\redis\asyncio\connection.py", line 436, in on_connect_check_health
    await self.send_command(
  File "D:\Program Files (x86)\Python\Python312\Lib\site-packages\redis\asyncio\connection.py", line 554, in send_command
    await self.send_packed_command(
  File "D:\Program Files (x86)\Python\Python312\Lib\site-packages\redis\asyncio\connection.py", line 541, in send_packed_command
    raise ConnectionError(
redis.exceptions.ConnectionError: Error UNKNOWN while writing to socket. Connection lost.
2025-07-24 10:07:51,887 - [INFO] - googlemaps.client - 30f253bee040be44696ee62af01d65c5e5adee0f - API queries_quota: 60
2025-07-24 10:08:00,110 - [INFO] - googlemaps.client - 30f253bee040be44696ee62af01d65c5e5adee0f - API queries_quota: 60
2025-07-24 10:08:00,690 - [INFO] - googlemaps.client - 30f253bee040be44696ee62af01d65c5e5adee0f - API queries_quota: 60
2025-07-24 10:08:01,590 - [INFO] - googlemaps.client - 30f253bee040be44696ee62af01d65c5e5adee0f - API queries_quota: 60
2025-07-24 10:08:02,130 - [INFO] - googlemaps.client - 30f253bee040be44696ee62af01d65c5e5adee0f - API queries_quota: 60
2025-07-24 10:08:02,571 - [INFO] - googlemaps.client - 30f253bee040be44696ee62af01d65c5e5adee0f - API queries_quota: 60
2025-07-24 10:08:03,001 - [INFO] - googlemaps.client - 30f253bee040be44696ee62af01d65c5e5adee0f - API queries_quota: 60
2025-07-24 10:08:03,475 - [INFO] - googlemaps.client - 30f253bee040be44696ee62af01d65c5e5adee0f - API queries_quota: 60
2025-07-24 10:08:04,132 - [INFO] - googlemaps.client - 30f253bee040be44696ee62af01d65c5e5adee0f - API queries_quota: 60
2025-07-24 10:08:18,324 - [INFO] - googlemaps.client - 30f253bee040be44696ee62af01d65c5e5adee0f - API queries_quota: 60
2025-07-24 10:08:28,447 - [INFO] - googlemaps.client - 30f253bee040be44696ee62af01d65c5e5adee0f - API queries_quota: 60
2025-07-24 10:08:42,671 - [INFO] - googlemaps.client - 30f253bee040be44696ee62af01d65c5e5adee0f - API queries_quota: 60
2025-07-24 10:08:45,408 - [INFO] - googlemaps.client - 30f253bee040be44696ee62af01d65c5e5adee0f - API queries_quota: 60
2025-07-24 10:08:46,458 - [INFO] - googlemaps.client - 30f253bee040be44696ee62af01d65c5e5adee0f - API queries_quota: 60
2025-07-24 10:08:47,437 - [INFO] - googlemaps.client - 30f253bee040be44696ee62af01d65c5e5adee0f - API queries_quota: 60
2025-07-24 10:08:48,830 - [INFO] - googlemaps.client - 30f253bee040be44696ee62af01d65c5e5adee0f - API queries_quota: 60
2025-07-24 10:08:49,759 - [INFO] - googlemaps.client - 30f253bee040be44696ee62af01d65c5e5adee0f - API queries_quota: 60
2025-07-24 10:08:52,311 - [INFO] - googlemaps.client - 30f253bee040be44696ee62af01d65c5e5adee0f - API queries_quota: 60
2025-07-24 10:08:53,853 - [INFO] - googlemaps.client - 30f253bee040be44696ee62af01d65c5e5adee0f - API queries_quota: 60
2025-07-24 10:09:39,298 - [INFO] - TravelAI - 30f253bee040be44696ee62af01d65c5e5adee0f - intentions: ['ITINERARY_GENERATION']
2025-07-24 10:09:39,301 - [INFO] - googlemaps.client - 30f253bee040be44696ee62af01d65c5e5adee0f - API queries_quota: 60
2025-07-24 10:10:50,113 - [INFO] - httpx - 30f253bee040be44696ee62af01d65c5e5adee0f - HTTP Request: POST https://api.openai.com/v1/chat/completions "HTTP/1.1 200 OK"
2025-07-24 10:10:50,806 - [INFO] - httpx - 30f253bee040be44696ee62af01d65c5e5adee0f - HTTP Request: POST https://api.openai.com/v1/chat/completions "HTTP/1.1 400 Bad Request"
2025-07-24 10:13:17,068 - [INFO] - googlemaps.client - 30f253bee040be44696ee62af01d65c5e5adee0f - API queries_quota: 60
2025-07-24 10:20:35,970 - [INFO] - googlemaps.client - 30f253bee040be44696ee62af01d65c5e5adee0f - API queries_quota: 60
2025-07-24 10:20:44,974 - [INFO] - TravelAI - 30f253bee040be44696ee62af01d65c5e5adee0f - intentions: ['ITINERARY_GENERATION']
2025-07-24 10:20:44,974 - [INFO] - googlemaps.client - 30f253bee040be44696ee62af01d65c5e5adee0f - API queries_quota: 60
2025-07-24 10:23:04,136 - [INFO] - googlemaps.client - 30f253bee040be44696ee62af01d65c5e5adee0f - API queries_quota: 60
2025-07-24 10:24:02,306 - [INFO] - googlemaps.client - 30f253bee040be44696ee62af01d65c5e5adee0f - API queries_quota: 60
2025-07-24 10:24:21,226 - [INFO] - googlemaps.client - 30f253bee040be44696ee62af01d65c5e5adee0f - API queries_quota: 60
2025-07-24 11:03:29,691 - [INFO] - googlemaps.client - 30f253bee040be44696ee62af01d65c5e5adee0f - API queries_quota: 60
2025-07-24 11:03:37,558 - [INFO] - googlemaps.client - 30f253bee040be44696ee62af01d65c5e5adee0f - API queries_quota: 60
2025-07-24 11:04:37,592 - [INFO] - googlemaps.client - 30f253bee040be44696ee62af01d65c5e5adee0f - API queries_quota: 60
2025-07-24 11:05:20,424 - [INFO] - TravelAI - 30f253bee040be44696ee62af01d65c5e5adee0f - intentions: ['ITINERARY_GENERATION']
2025-07-24 11:05:20,425 - [INFO] - googlemaps.client - 30f253bee040be44696ee62af01d65c5e5adee0f - API queries_quota: 60
2025-07-24 11:05:49,542 - [INFO] - httpx - 30f253bee040be44696ee62af01d65c5e5adee0f - HTTP Request: POST https://api.openai.com/v1/chat/completions "HTTP/1.1 200 OK"
2025-07-24 11:05:50,555 - [INFO] - httpx - 30f253bee040be44696ee62af01d65c5e5adee0f - HTTP Request: POST https://api.openai.com/v1/chat/completions "HTTP/1.1 400 Bad Request"
2025-07-24 11:10:09,628 - [INFO] - googlemaps.client - 30f253bee040be44696ee62af01d65c5e5adee0f - API queries_quota: 60
2025-07-24 11:10:16,168 - [INFO] - TravelAI - 30f253bee040be44696ee62af01d65c5e5adee0f - intentions: ['ITINERARY_GENERATION']
2025-07-24 11:10:16,170 - [INFO] - googlemaps.client - 30f253bee040be44696ee62af01d65c5e5adee0f - API queries_quota: 60
2025-07-24 11:10:39,894 - [INFO] - httpx - 30f253bee040be44696ee62af01d65c5e5adee0f - HTTP Request: POST https://api.openai.com/v1/chat/completions "HTTP/1.1 200 OK"
2025-07-24 11:10:40,660 - [INFO] - httpx - 30f253bee040be44696ee62af01d65c5e5adee0f - HTTP Request: POST https://api.openai.com/v1/chat/completions "HTTP/1.1 400 Bad Request"
2025-07-24 11:13:01,827 - [INFO] - googlemaps.client - 30f253bee040be44696ee62af01d65c5e5adee0f - API queries_quota: 60
2025-07-24 11:13:07,586 - [INFO] - TravelAI - 30f253bee040be44696ee62af01d65c5e5adee0f - intentions: ['ITINERARY_GENERATION']
2025-07-24 11:13:07,587 - [INFO] - googlemaps.client - 30f253bee040be44696ee62af01d65c5e5adee0f - API queries_quota: 60
2025-07-24 11:13:08,795 - [INFO] - httpx - 30f253bee040be44696ee62af01d65c5e5adee0f - HTTP Request: POST https://api.openai.com/v1/chat/completions "HTTP/1.1 400 Bad Request"
2025-07-24 11:13:45,298 - [INFO] - googlemaps.client - 30f253bee040be44696ee62af01d65c5e5adee0f - API queries_quota: 60
2025-07-24 11:13:53,668 - [INFO] - TravelAI - 30f253bee040be44696ee62af01d65c5e5adee0f - intentions: ['ITINERARY_GENERATION']
2025-07-24 11:13:53,668 - [INFO] - googlemaps.client - 30f253bee040be44696ee62af01d65c5e5adee0f - API queries_quota: 60
2025-07-24 11:14:09,056 - [INFO] - httpx - 30f253bee040be44696ee62af01d65c5e5adee0f - HTTP Request: POST https://api.openai.com/v1/chat/completions "HTTP/1.1 200 OK"
2025-07-24 11:14:10,274 - [INFO] - httpx - 30f253bee040be44696ee62af01d65c5e5adee0f - HTTP Request: POST https://api.openai.com/v1/chat/completions "HTTP/1.1 400 Bad Request"
2025-07-24 11:16:09,597 - [INFO] - googlemaps.client - 30f253bee040be44696ee62af01d65c5e5adee0f - API queries_quota: 60
2025-07-24 11:21:02,018 - [INFO] - googlemaps.client - 30f253bee040be44696ee62af01d65c5e5adee0f - API queries_quota: 60
2025-07-24 11:21:11,729 - [INFO] - TravelAI - 30f253bee040be44696ee62af01d65c5e5adee0f - intentions: ['ITINERARY_GENERATION']
2025-07-24 11:21:11,731 - [INFO] - googlemaps.client - 30f253bee040be44696ee62af01d65c5e5adee0f - API queries_quota: 60
2025-07-24 11:21:12,792 - [INFO] - httpx - 30f253bee040be44696ee62af01d65c5e5adee0f - HTTP Request: POST https://api.openai.com/v1/chat/completions "HTTP/1.1 400 Bad Request"
2025-07-24 11:22:21,559 - [INFO] - googlemaps.client - 30f253bee040be44696ee62af01d65c5e5adee0f - API queries_quota: 60
2025-07-24 11:22:30,690 - [INFO] - TravelAI - 30f253bee040be44696ee62af01d65c5e5adee0f - intentions: ['ITINERARY_GENERATION']
2025-07-24 11:22:30,692 - [INFO] - googlemaps.client - 30f253bee040be44696ee62af01d65c5e5adee0f - API queries_quota: 60
2025-07-24 11:22:31,791 - [INFO] - httpx - 30f253bee040be44696ee62af01d65c5e5adee0f - HTTP Request: POST https://api.openai.com/v1/chat/completions "HTTP/1.1 400 Bad Request"
2025-07-24 11:29:07,662 - [INFO] - googlemaps.client - 30f253bee040be44696ee62af01d65c5e5adee0f - API queries_quota: 60
2025-07-24 11:29:22,260 - [INFO] - googlemaps.client - 30f253bee040be44696ee62af01d65c5e5adee0f - API queries_quota: 60
2025-07-24 11:30:09,103 - [INFO] - googlemaps.client - 30f253bee040be44696ee62af01d65c5e5adee0f - API queries_quota: 60
2025-07-24 11:30:14,868 - [INFO] - TravelAI - 30f253bee040be44696ee62af01d65c5e5adee0f - intentions: ['ITINERARY_GENERATION']
2025-07-24 11:30:14,871 - [INFO] - googlemaps.client - 30f253bee040be44696ee62af01d65c5e5adee0f - API queries_quota: 60
2025-07-24 11:30:16,172 - [INFO] - httpx - 30f253bee040be44696ee62af01d65c5e5adee0f - HTTP Request: POST https://free.v36.cm/chat/completions "HTTP/1.1 200 OK"
2025-07-24 11:30:48,065 - [INFO] - googlemaps.client - 30f253bee040be44696ee62af01d65c5e5adee0f - API queries_quota: 60
2025-07-24 11:30:55,259 - [INFO] - googlemaps.client - 30f253bee040be44696ee62af01d65c5e5adee0f - API queries_quota: 60
2025-07-24 11:30:58,962 - [INFO] - TravelAI - 30f253bee040be44696ee62af01d65c5e5adee0f - intentions: ['ITINERARY_GENERATION']
2025-07-24 11:30:58,964 - [INFO] - googlemaps.client - 30f253bee040be44696ee62af01d65c5e5adee0f - API queries_quota: 60
2025-07-24 11:31:00,255 - [INFO] - httpx - 30f253bee040be44696ee62af01d65c5e5adee0f - HTTP Request: POST https://free.v36.cm/chat/completions "HTTP/1.1 200 OK"
2025-07-24 11:32:19,115 - [INFO] - googlemaps.client - 30f253bee040be44696ee62af01d65c5e5adee0f - API queries_quota: 60
2025-07-24 11:33:13,484 - [INFO] - googlemaps.client - 30f253bee040be44696ee62af01d65c5e5adee0f - API queries_quota: 60
2025-07-24 11:33:19,889 - [INFO] - TravelAI - 30f253bee040be44696ee62af01d65c5e5adee0f - intentions: ['ITINERARY_GENERATION']
2025-07-24 11:33:19,892 - [INFO] - googlemaps.client - 30f253bee040be44696ee62af01d65c5e5adee0f - API queries_quota: 60
2025-07-24 11:33:21,076 - [INFO] - httpx - 30f253bee040be44696ee62af01d65c5e5adee0f - HTTP Request: POST https://free.v36.cm/chat/completions "HTTP/1.1 200 OK"
2025-07-24 11:35:43,868 - [INFO] - googlemaps.client - 30f253bee040be44696ee62af01d65c5e5adee0f - API queries_quota: 60
2025-07-24 11:35:51,282 - [INFO] - TravelAI - 30f253bee040be44696ee62af01d65c5e5adee0f - intentions: ['ITINERARY_GENERATION']
2025-07-24 11:35:51,284 - [INFO] - googlemaps.client - 30f253bee040be44696ee62af01d65c5e5adee0f - API queries_quota: 60
2025-07-24 11:35:52,634 - [INFO] - httpx - 30f253bee040be44696ee62af01d65c5e5adee0f - HTTP Request: POST https://free.v36.cm/chat/completions "HTTP/1.1 200 OK"
2025-07-24 11:37:03,699 - [INFO] - googlemaps.client - 30f253bee040be44696ee62af01d65c5e5adee0f - API queries_quota: 60
2025-07-24 11:37:10,734 - [INFO] - googlemaps.client - 30f253bee040be44696ee62af01d65c5e5adee0f - API queries_quota: 60
2025-07-24 11:37:35,463 - [INFO] - googlemaps.client - 30f253bee040be44696ee62af01d65c5e5adee0f - API queries_quota: 60
2025-07-24 11:37:43,337 - [INFO] - googlemaps.client - 30f253bee040be44696ee62af01d65c5e5adee0f - API queries_quota: 60
2025-07-24 11:37:47,581 - [INFO] - TravelAI - 30f253bee040be44696ee62af01d65c5e5adee0f - intentions: ['ADVANCE_STEP']
2025-07-24 11:37:47,588 - [INFO] - googlemaps.client - 30f253bee040be44696ee62af01d65c5e5adee0f - API queries_quota: 60
2025-07-24 11:37:59,776 - [ERROR] - asyncio - 30f253bee040be44696ee62af01d65c5e5adee0f - Task exception was never retrieved
future: <Task finished name='Task-391' coro=<RedisService._history_to_mongodb() done, defined at D:\finalPro\backend\app\services\redis_service.py:291> exception=2 validation errors for History
message.recommendations.4
  Input should be a valid dictionary or object to extract fields from [type=model_attributes_type, input_value=None, input_type=NoneType]
    For further information visit https://errors.pydantic.dev/2.11/v/model_attributes_type
message.populars.5
  Input should be a valid dictionary or object to extract fields from [type=model_attributes_type, input_value=None, input_type=NoneType]
    For further information visit https://errors.pydantic.dev/2.11/v/model_attributes_type>
Traceback (most recent call last):
  File "D:\finalPro\backend\app\services\redis_service.py", line 295, in _history_to_mongodb
    history = await self.get_history(user_id, session_id)
              ^^^^^^^^^^^^^^^^^^^^^^^^^^^^^^^^^^^^^^^^^^^
  File "D:\finalPro\backend\app\services\redis_service.py", line 184, in get_history
    return [History(**json.loads(msg)) for msg in history]
            ^^^^^^^^^^^^^^^^^^^^^^^^^^
  File "D:\Program Files (x86)\Python\Python312\Lib\site-packages\pydantic\main.py", line 253, in __init__
    validated_self = self.__pydantic_validator__.validate_python(data, self_instance=self)
                     ^^^^^^^^^^^^^^^^^^^^^^^^^^^^^^^^^^^^^^^^^^^^^^^^^^^^^^^^^^^^^^^^^^^^^
pydantic_core._pydantic_core.ValidationError: 2 validation errors for History
message.recommendations.4
  Input should be a valid dictionary or object to extract fields from [type=model_attributes_type, input_value=None, input_type=NoneType]
    For further information visit https://errors.pydantic.dev/2.11/v/model_attributes_type
message.populars.5
  Input should be a valid dictionary or object to extract fields from [type=model_attributes_type, input_value=None, input_type=NoneType]
    For further information visit https://errors.pydantic.dev/2.11/v/model_attributes_type
2025-07-24 11:40:37,570 - [INFO] - googlemaps.client - 30f253bee040be44696ee62af01d65c5e5adee0f - API queries_quota: 60
2025-07-24 11:41:10,752 - [INFO] - googlemaps.client - 30f253bee040be44696ee62af01d65c5e5adee0f - API queries_quota: 60
2025-07-24 11:41:14,907 - [INFO] - googlemaps.client - 30f253bee040be44696ee62af01d65c5e5adee0f - API queries_quota: 60
2025-07-24 11:41:17,930 - [INFO] - TravelAI - 30f253bee040be44696ee62af01d65c5e5adee0f - intentions: ['ADVANCE_STEP']
2025-07-24 11:41:17,931 - [INFO] - googlemaps.client - 30f253bee040be44696ee62af01d65c5e5adee0f - API queries_quota: 60
2025-07-24 11:41:34,647 - [INFO] - googlemaps.client - 30f253bee040be44696ee62af01d65c5e5adee0f - API queries_quota: 60
2025-07-24 11:41:35,104 - [INFO] - googlemaps.client - 30f253bee040be44696ee62af01d65c5e5adee0f - API queries_quota: 60
2025-07-24 11:41:36,485 - [INFO] - googlemaps.client - 30f253bee040be44696ee62af01d65c5e5adee0f - API queries_quota: 60
2025-07-24 11:41:37,058 - [INFO] - googlemaps.client - 30f253bee040be44696ee62af01d65c5e5adee0f - API queries_quota: 60
2025-07-24 11:41:39,185 - [INFO] - googlemaps.client - 30f253bee040be44696ee62af01d65c5e5adee0f - API queries_quota: 60
2025-07-24 11:41:40,421 - [INFO] - googlemaps.client - 30f253bee040be44696ee62af01d65c5e5adee0f - API queries_quota: 60
2025-07-24 11:41:42,065 - [INFO] - googlemaps.client - 30f253bee040be44696ee62af01d65c5e5adee0f - API queries_quota: 60
2025-07-24 11:42:49,190 - [INFO] - googlemaps.client - 30f253bee040be44696ee62af01d65c5e5adee0f - API queries_quota: 60
2025-07-24 11:42:52,670 - [INFO] - googlemaps.client - 30f253bee040be44696ee62af01d65c5e5adee0f - API queries_quota: 60
2025-07-24 11:42:59,109 - [INFO] - googlemaps.client - 30f253bee040be44696ee62af01d65c5e5adee0f - API queries_quota: 60
2025-07-24 11:43:01,327 - [INFO] - googlemaps.client - 30f253bee040be44696ee62af01d65c5e5adee0f - API queries_quota: 60
2025-07-24 11:43:08,499 - [INFO] - googlemaps.client - 30f253bee040be44696ee62af01d65c5e5adee0f - API queries_quota: 60
2025-07-24 11:43:20,085 - [INFO] - TravelAI - 30f253bee040be44696ee62af01d65c5e5adee0f - intentions: ['MORE_RECOMMENDATIONS']
2025-07-24 11:43:20,087 - [INFO] - googlemaps.client - 30f253bee040be44696ee62af01d65c5e5adee0f - API queries_quota: 60
2025-07-24 11:43:33,568 - [INFO] - googlemaps.client - 30f253bee040be44696ee62af01d65c5e5adee0f - API queries_quota: 60
2025-07-24 11:43:36,194 - [INFO] - googlemaps.client - 30f253bee040be44696ee62af01d65c5e5adee0f - API queries_quota: 60
2025-07-24 11:43:41,962 - [INFO] - TravelAI - 30f253bee040be44696ee62af01d65c5e5adee0f - intentions: ['ITINERARY_GENERATION']
2025-07-24 11:43:41,962 - [INFO] - googlemaps.client - 30f253bee040be44696ee62af01d65c5e5adee0f - API queries_quota: 60
2025-07-24 11:43:43,435 - [INFO] - httpx - 30f253bee040be44696ee62af01d65c5e5adee0f - HTTP Request: POST https://free.v36.cm/chat/completions "HTTP/1.1 200 OK"
2025-07-24 12:02:26,912 - [INFO] - googlemaps.client - 30f253bee040be44696ee62af01d65c5e5adee0f - API queries_quota: 60
2025-07-24 12:02:57,099 - [INFO] - TravelAI - 30f253bee040be44696ee62af01d65c5e5adee0f - intentions: ['ITINERARY_GENERATION']
2025-07-24 12:02:57,102 - [INFO] - googlemaps.client - 30f253bee040be44696ee62af01d65c5e5adee0f - API queries_quota: 60
2025-07-24 12:02:58,794 - [INFO] - httpx - 30f253bee040be44696ee62af01d65c5e5adee0f - HTTP Request: POST https://free.v36.cm/chat/completions "HTTP/1.1 200 OK"
2025-07-24 12:06:22,222 - [INFO] - googlemaps.client - 30f253bee040be44696ee62af01d65c5e5adee0f - API queries_quota: 60
2025-07-24 12:06:32,440 - [INFO] - TravelAI - 30f253bee040be44696ee62af01d65c5e5adee0f - intentions: ['ITINERARY_GENERATION']
2025-07-24 12:06:32,440 - [INFO] - googlemaps.client - 30f253bee040be44696ee62af01d65c5e5adee0f - API queries_quota: 60
2025-07-24 12:06:33,694 - [INFO] - httpx - 30f253bee040be44696ee62af01d65c5e5adee0f - HTTP Request: POST https://free.v36.cm/chat/completions "HTTP/1.1 200 OK"
2025-07-24 12:07:04,057 - [INFO] - googlemaps.client - 30f253bee040be44696ee62af01d65c5e5adee0f - API queries_quota: 60
2025-07-24 12:07:12,457 - [INFO] - TravelAI - 30f253bee040be44696ee62af01d65c5e5adee0f - intentions: ['ITINERARY_GENERATION']
2025-07-24 12:07:12,458 - [INFO] - googlemaps.client - 30f253bee040be44696ee62af01d65c5e5adee0f - API queries_quota: 60
2025-07-24 12:07:13,548 - [INFO] - httpx - 30f253bee040be44696ee62af01d65c5e5adee0f - HTTP Request: POST https://free.v36.cm/chat/completions "HTTP/1.1 200 OK"
2025-07-24 12:07:51,177 - [INFO] - googlemaps.client - 30f253bee040be44696ee62af01d65c5e5adee0f - API queries_quota: 60
2025-07-24 12:07:58,459 - [INFO] - googlemaps.client - 30f253bee040be44696ee62af01d65c5e5adee0f - API queries_quota: 60
2025-07-24 12:10:12,062 - [INFO] - googlemaps.client - 30f253bee040be44696ee62af01d65c5e5adee0f - API queries_quota: 60
2025-07-24 12:10:18,242 - [INFO] - TravelAI - 30f253bee040be44696ee62af01d65c5e5adee0f - intentions: ['ITINERARY_GENERATION']
2025-07-24 12:10:18,244 - [INFO] - googlemaps.client - 30f253bee040be44696ee62af01d65c5e5adee0f - API queries_quota: 60
2025-07-24 12:10:19,311 - [INFO] - httpx - 30f253bee040be44696ee62af01d65c5e5adee0f - HTTP Request: POST https://free.v36.cm/chat/completions "HTTP/1.1 200 OK"
2025-07-24 12:10:46,164 - [INFO] - googlemaps.client - 30f253bee040be44696ee62af01d65c5e5adee0f - API queries_quota: 60
2025-07-24 12:10:58,906 - [INFO] - googlemaps.client - 30f253bee040be44696ee62af01d65c5e5adee0f - API queries_quota: 60
2025-07-24 12:12:11,049 - [INFO] - TravelAI - 30f253bee040be44696ee62af01d65c5e5adee0f - intentions: ['ITINERARY_GENERATION']
2025-07-24 12:12:11,052 - [INFO] - googlemaps.client - 30f253bee040be44696ee62af01d65c5e5adee0f - API queries_quota: 60
2025-07-24 12:12:12,035 - [INFO] - httpx - 30f253bee040be44696ee62af01d65c5e5adee0f - HTTP Request: POST https://free.v36.cm/chat/completions "HTTP/1.1 200 OK"
2025-07-24 12:12:52,187 - [INFO] - googlemaps.client - 30f253bee040be44696ee62af01d65c5e5adee0f - API queries_quota: 60
2025-07-24 12:14:48,591 - [INFO] - googlemaps.client - 30f253bee040be44696ee62af01d65c5e5adee0f - API queries_quota: 60
2025-07-24 12:14:55,777 - [INFO] - googlemaps.client - 30f253bee040be44696ee62af01d65c5e5adee0f - API queries_quota: 60
2025-07-24 12:15:01,454 - [INFO] - TravelAI - 30f253bee040be44696ee62af01d65c5e5adee0f - intentions: ['ITINERARY_GENERATION']
2025-07-24 12:15:01,455 - [INFO] - googlemaps.client - 30f253bee040be44696ee62af01d65c5e5adee0f - API queries_quota: 60
2025-07-24 12:15:50,787 - [INFO] - googlemaps.client - 30f253bee040be44696ee62af01d65c5e5adee0f - API queries_quota: 60
2025-07-24 12:15:54,352 - [INFO] - TravelAI - 30f253bee040be44696ee62af01d65c5e5adee0f - intentions: ['ITINERARY_GENERATION']
2025-07-24 12:15:54,354 - [INFO] - googlemaps.client - 30f253bee040be44696ee62af01d65c5e5adee0f - API queries_quota: 60
2025-07-24 12:15:55,434 - [INFO] - httpx - 30f253bee040be44696ee62af01d65c5e5adee0f - HTTP Request: POST https://free.v36.cm/chat/completions "HTTP/1.1 200 OK"
2025-07-24 12:17:04,760 - [INFO] - googlemaps.client - 30f253bee040be44696ee62af01d65c5e5adee0f - API queries_quota: 60
2025-07-24 12:17:11,763 - [INFO] - googlemaps.client - 30f253bee040be44696ee62af01d65c5e5adee0f - API queries_quota: 60
2025-07-24 12:17:16,646 - [INFO] - TravelAI - 30f253bee040be44696ee62af01d65c5e5adee0f - intentions: ['ITINERARY_GENERATION']
2025-07-24 12:17:16,646 - [INFO] - googlemaps.client - 30f253bee040be44696ee62af01d65c5e5adee0f - API queries_quota: 60
2025-07-24 12:17:17,609 - [INFO] - httpx - 30f253bee040be44696ee62af01d65c5e5adee0f - HTTP Request: POST https://free.v36.cm/chat/completions "HTTP/1.1 200 OK"
2025-07-24 12:20:56,237 - [INFO] - googlemaps.client - 30f253bee040be44696ee62af01d65c5e5adee0f - API queries_quota: 60
2025-07-24 12:21:55,387 - [INFO] - googlemaps.client - 30f253bee040be44696ee62af01d65c5e5adee0f - API queries_quota: 60
2025-07-24 12:29:04,839 - [INFO] - googlemaps.client - 30f253bee040be44696ee62af01d65c5e5adee0f - API queries_quota: 60
2025-07-24 12:29:12,151 - [INFO] - TravelAI - 30f253bee040be44696ee62af01d65c5e5adee0f - intentions: ['ITINERARY_GENERATION']
2025-07-24 12:29:12,152 - [INFO] - googlemaps.client - 30f253bee040be44696ee62af01d65c5e5adee0f - API queries_quota: 60
2025-07-24 12:29:40,675 - [INFO] - googlemaps.client - 30f253bee040be44696ee62af01d65c5e5adee0f - API queries_quota: 60
2025-07-24 12:38:14,381 - [INFO] - googlemaps.client - 30f253bee040be44696ee62af01d65c5e5adee0f - API queries_quota: 60
2025-07-24 12:38:33,164 - [INFO] - googlemaps.client - 30f253bee040be44696ee62af01d65c5e5adee0f - API queries_quota: 60
2025-07-24 12:38:35,733 - [INFO] - TravelAI - 30f253bee040be44696ee62af01d65c5e5adee0f - intentions: ['ADVANCE_STEP']
2025-07-24 12:38:35,733 - [INFO] - googlemaps.client - 30f253bee040be44696ee62af01d65c5e5adee0f - API queries_quota: 60
2025-07-24 12:38:52,042 - [INFO] - googlemaps.client - 30f253bee040be44696ee62af01d65c5e5adee0f - API queries_quota: 60
2025-07-24 12:38:53,159 - [INFO] - googlemaps.client - 30f253bee040be44696ee62af01d65c5e5adee0f - API queries_quota: 60
2025-07-24 12:38:53,987 - [INFO] - googlemaps.client - 30f253bee040be44696ee62af01d65c5e5adee0f - API queries_quota: 60
2025-07-24 12:38:55,068 - [INFO] - googlemaps.client - 30f253bee040be44696ee62af01d65c5e5adee0f - API queries_quota: 60
2025-07-24 12:38:56,064 - [INFO] - googlemaps.client - 30f253bee040be44696ee62af01d65c5e5adee0f - API queries_quota: 60
2025-07-24 12:38:57,014 - [INFO] - googlemaps.client - 30f253bee040be44696ee62af01d65c5e5adee0f - API queries_quota: 60
2025-07-24 12:39:00,021 - [INFO] - TravelAI - 30f253bee040be44696ee62af01d65c5e5adee0f - intentions: ['ITINERARY_GENERATION']
2025-07-24 12:39:00,025 - [INFO] - googlemaps.client - 30f253bee040be44696ee62af01d65c5e5adee0f - API queries_quota: 60
2025-07-24 12:39:31,972 - [INFO] - httpx - 30f253bee040be44696ee62af01d65c5e5adee0f - HTTP Request: POST https://api.openai.com/v1/chat/completions "HTTP/1.1 200 OK"
2025-07-24 12:41:17,767 - [INFO] - googlemaps.client - 30f253bee040be44696ee62af01d65c5e5adee0f - API queries_quota: 60
2025-07-24 12:41:21,303 - [INFO] - TravelAI - 30f253bee040be44696ee62af01d65c5e5adee0f - intentions: ['ITINERARY_GENERATION']
2025-07-24 12:41:21,305 - [INFO] - googlemaps.client - 30f253bee040be44696ee62af01d65c5e5adee0f - API queries_quota: 60
2025-07-24 12:41:41,449 - [INFO] - httpx - 30f253bee040be44696ee62af01d65c5e5adee0f - HTTP Request: POST https://api.openai.com/v1/chat/completions "HTTP/1.1 200 OK"
2025-07-24 12:42:00,084 - [INFO] - httpx - 30f253bee040be44696ee62af01d65c5e5adee0f - HTTP Request: POST https://api.openai.com/v1/chat/completions "HTTP/1.1 200 OK"
2025-07-24 12:46:36,745 - [INFO] - googlemaps.client - 30f253bee040be44696ee62af01d65c5e5adee0f - API queries_quota: 60
2025-07-24 12:46:57,610 - [INFO] - googlemaps.client - 30f253bee040be44696ee62af01d65c5e5adee0f - API queries_quota: 60
2025-07-24 12:47:04,485 - [INFO] - TravelAI - 30f253bee040be44696ee62af01d65c5e5adee0f - intentions: ['ITINERARY_GENERATION']
2025-07-24 12:47:04,485 - [INFO] - googlemaps.client - 30f253bee040be44696ee62af01d65c5e5adee0f - API queries_quota: 60
2025-07-24 12:47:23,130 - [INFO] - httpx - 30f253bee040be44696ee62af01d65c5e5adee0f - HTTP Request: POST https://api.openai.com/v1/chat/completions "HTTP/1.1 200 OK"
2025-07-24 12:47:45,942 - [INFO] - httpx - 30f253bee040be44696ee62af01d65c5e5adee0f - HTTP Request: POST https://api.openai.com/v1/chat/completions "HTTP/1.1 200 OK"
2025-07-24 12:48:53,829 - [INFO] - googlemaps.client - 30f253bee040be44696ee62af01d65c5e5adee0f - API queries_quota: 60
2025-07-24 12:48:57,455 - [INFO] - TravelAI - 30f253bee040be44696ee62af01d65c5e5adee0f - intentions: ['ITINERARY_GENERATION']
2025-07-24 12:48:57,457 - [INFO] - googlemaps.client - 30f253bee040be44696ee62af01d65c5e5adee0f - API queries_quota: 60
2025-07-24 12:49:28,815 - [INFO] - httpx - 30f253bee040be44696ee62af01d65c5e5adee0f - HTTP Request: POST https://api.openai.com/v1/chat/completions "HTTP/1.1 200 OK"
2025-07-24 12:49:53,827 - [INFO] - httpx - 30f253bee040be44696ee62af01d65c5e5adee0f - HTTP Request: POST https://api.openai.com/v1/chat/completions "HTTP/1.1 200 OK"
2025-07-24 12:55:21,345 - [INFO] - googlemaps.client - 30f253bee040be44696ee62af01d65c5e5adee0f - API queries_quota: 60
2025-07-24 12:55:24,395 - [INFO] - TravelAI - 30f253bee040be44696ee62af01d65c5e5adee0f - intentions: ['ITINERARY_GENERATION']
2025-07-24 12:55:24,397 - [INFO] - googlemaps.client - 30f253bee040be44696ee62af01d65c5e5adee0f - API queries_quota: 60
2025-07-24 12:55:52,575 - [INFO] - httpx - 30f253bee040be44696ee62af01d65c5e5adee0f - HTTP Request: POST https://api.openai.com/v1/chat/completions "HTTP/1.1 200 OK"
2025-07-24 12:56:20,965 - [INFO] - httpx - 30f253bee040be44696ee62af01d65c5e5adee0f - HTTP Request: POST https://api.openai.com/v1/chat/completions "HTTP/1.1 200 OK"
2025-07-24 19:40:46,191 - [INFO] - googlemaps.client - 30f253bee040be44696ee62af01d65c5e5adee0f - API queries_quota: 60
2025-07-24 19:41:06,655 - [INFO] - googlemaps.client - 30f253bee040be44696ee62af01d65c5e5adee0f - API queries_quota: 60
2025-07-24 19:45:31,768 - [INFO] - googlemaps.client - 30f253bee040be44696ee62af01d65c5e5adee0f - API queries_quota: 60
2025-07-24 19:46:11,088 - [INFO] - TravelAI - 30f253bee040be44696ee62af01d65c5e5adee0f - intentions: ['ITINERARY_GENERATION']
2025-07-24 19:46:11,091 - [INFO] - googlemaps.client - 30f253bee040be44696ee62af01d65c5e5adee0f - API queries_quota: 60
2025-07-24 19:46:30,781 - [INFO] - httpx - 30f253bee040be44696ee62af01d65c5e5adee0f - HTTP Request: POST https://api.openai.com/v1/chat/completions "HTTP/1.1 200 OK"
2025-07-24 19:46:32,402 - [INFO] - httpx - 30f253bee040be44696ee62af01d65c5e5adee0f - HTTP Request: POST https://api.openai.com/v1/chat/completions "HTTP/1.1 200 OK"
2025-07-24 19:46:34,215 - [INFO] - httpx - 30f253bee040be44696ee62af01d65c5e5adee0f - HTTP Request: POST https://api.openai.com/v1/chat/completions "HTTP/1.1 200 OK"
2025-07-24 19:46:52,746 - [INFO] - httpx - 30f253bee040be44696ee62af01d65c5e5adee0f - HTTP Request: POST https://api.openai.com/v1/chat/completions "HTTP/1.1 200 OK"
2025-07-24 19:46:54,325 - [INFO] - httpx - 30f253bee040be44696ee62af01d65c5e5adee0f - HTTP Request: POST https://api.openai.com/v1/chat/completions "HTTP/1.1 200 OK"
2025-07-24 19:47:11,775 - [INFO] - httpx - 30f253bee040be44696ee62af01d65c5e5adee0f - HTTP Request: POST https://api.openai.com/v1/chat/completions "HTTP/1.1 200 OK"
2025-07-24 19:47:33,611 - [INFO] - httpx - 30f253bee040be44696ee62af01d65c5e5adee0f - HTTP Request: POST https://api.openai.com/v1/chat/completions "HTTP/1.1 200 OK"
2025-07-24 19:47:47,235 - [INFO] - httpx - 30f253bee040be44696ee62af01d65c5e5adee0f - HTTP Request: POST https://api.openai.com/v1/chat/completions "HTTP/1.1 200 OK"
2025-07-24 19:47:55,554 - [INFO] - httpx - 30f253bee040be44696ee62af01d65c5e5adee0f - HTTP Request: POST https://api.openai.com/v1/chat/completions "HTTP/1.1 200 OK"
2025-07-24 19:48:23,537 - [INFO] - httpx - 30f253bee040be44696ee62af01d65c5e5adee0f - HTTP Request: POST https://api.openai.com/v1/chat/completions "HTTP/1.1 200 OK"
2025-07-24 19:48:45,257 - [INFO] - httpx - 30f253bee040be44696ee62af01d65c5e5adee0f - HTTP Request: POST https://api.openai.com/v1/chat/completions "HTTP/1.1 200 OK"
2025-07-24 19:49:15,217 - [INFO] - googlemaps.client - 30f253bee040be44696ee62af01d65c5e5adee0f - API queries_quota: 60
2025-07-24 21:58:10,412 - [INFO] - googlemaps.client - 30f253bee040be44696ee62af01d65c5e5adee0f - API queries_quota: 60
2025-07-24 21:58:21,376 - [INFO] - googlemaps.client - 30f253bee040be44696ee62af01d65c5e5adee0f - API queries_quota: 60
2025-07-24 21:58:38,749 - [INFO] - TravelAI - 30f253bee040be44696ee62af01d65c5e5adee0f - intentions: ['ITINERARY_GENERATION']
2025-07-24 21:58:38,750 - [INFO] - googlemaps.client - 30f253bee040be44696ee62af01d65c5e5adee0f - API queries_quota: 60
2025-07-24 21:59:28,002 - [INFO] - httpx - 30f253bee040be44696ee62af01d65c5e5adee0f - HTTP Request: POST https://api.openai.com/v1/chat/completions "HTTP/1.1 200 OK"
2025-07-24 21:59:41,866 - [INFO] - httpx - 30f253bee040be44696ee62af01d65c5e5adee0f - HTTP Request: POST https://api.openai.com/v1/chat/completions "HTTP/1.1 200 OK"
2025-07-24 21:59:58,130 - [INFO] - httpx - 30f253bee040be44696ee62af01d65c5e5adee0f - HTTP Request: POST https://api.openai.com/v1/chat/completions "HTTP/1.1 200 OK"
2025-07-24 22:00:18,946 - [INFO] - httpx - 30f253bee040be44696ee62af01d65c5e5adee0f - HTTP Request: POST https://api.openai.com/v1/chat/completions "HTTP/1.1 200 OK"
2025-07-24 22:00:49,502 - [INFO] - httpx - 30f253bee040be44696ee62af01d65c5e5adee0f - HTTP Request: POST https://api.openai.com/v1/chat/completions "HTTP/1.1 200 OK"
2025-07-24 22:01:14,959 - [INFO] - httpx - 30f253bee040be44696ee62af01d65c5e5adee0f - HTTP Request: POST https://api.openai.com/v1/chat/completions "HTTP/1.1 200 OK"
2025-07-24 22:01:48,150 - [INFO] - httpx - 30f253bee040be44696ee62af01d65c5e5adee0f - HTTP Request: POST https://api.openai.com/v1/chat/completions "HTTP/1.1 200 OK"
2025-07-24 22:02:15,893 - [INFO] - httpx - 30f253bee040be44696ee62af01d65c5e5adee0f - HTTP Request: POST https://api.openai.com/v1/chat/completions "HTTP/1.1 200 OK"
2025-07-24 22:02:51,015 - [INFO] - httpx - 30f253bee040be44696ee62af01d65c5e5adee0f - HTTP Request: POST https://api.openai.com/v1/chat/completions "HTTP/1.1 200 OK"
2025-07-24 22:03:36,858 - [INFO] - httpx - 30f253bee040be44696ee62af01d65c5e5adee0f - HTTP Request: POST https://api.openai.com/v1/chat/completions "HTTP/1.1 200 OK"
2025-07-24 22:03:49,172 - [INFO] - httpx - 30f253bee040be44696ee62af01d65c5e5adee0f - HTTP Request: POST https://api.openai.com/v1/chat/completions "HTTP/1.1 200 OK"
2025-07-24 22:04:12,717 - [INFO] - httpx - 30f253bee040be44696ee62af01d65c5e5adee0f - HTTP Request: POST https://api.openai.com/v1/chat/completions "HTTP/1.1 200 OK"
2025-07-24 22:04:36,967 - [INFO] - httpx - 30f253bee040be44696ee62af01d65c5e5adee0f - HTTP Request: POST https://api.openai.com/v1/chat/completions "HTTP/1.1 200 OK"
2025-07-24 22:05:36,327 - [INFO] - httpx - 30f253bee040be44696ee62af01d65c5e5adee0f - HTTP Request: POST https://api.openai.com/v1/chat/completions "HTTP/1.1 200 OK"
2025-07-24 22:24:40,057 - [INFO] - googlemaps.client - 30f253bee040be44696ee62af01d65c5e5adee0f - API queries_quota: 60
2025-07-24 22:24:53,384 - [INFO] - TravelAI - 30f253bee040be44696ee62af01d65c5e5adee0f - intentions: ['ITINERARY_GENERATION']
2025-07-24 22:24:53,386 - [INFO] - googlemaps.client - 30f253bee040be44696ee62af01d65c5e5adee0f - API queries_quota: 60
2025-07-24 22:25:16,347 - [INFO] - httpx - 30f253bee040be44696ee62af01d65c5e5adee0f - HTTP Request: POST https://api.openai.com/v1/chat/completions "HTTP/1.1 200 OK"
2025-07-24 22:25:37,218 - [INFO] - httpx - 30f253bee040be44696ee62af01d65c5e5adee0f - HTTP Request: POST https://api.openai.com/v1/chat/completions "HTTP/1.1 200 OK"
2025-07-24 22:26:15,119 - [INFO] - googlemaps.client - 30f253bee040be44696ee62af01d65c5e5adee0f - API queries_quota: 60
2025-07-24 22:27:29,715 - [INFO] - googlemaps.client - 30f253bee040be44696ee62af01d65c5e5adee0f - API queries_quota: 60
2025-07-24 22:28:12,514 - [INFO] - TravelAI - 30f253bee040be44696ee62af01d65c5e5adee0f - intentions: ['ITINERARY_GENERATION']
2025-07-24 22:28:12,516 - [INFO] - googlemaps.client - 30f253bee040be44696ee62af01d65c5e5adee0f - API queries_quota: 60
2025-07-24 22:28:54,519 - [INFO] - googlemaps.client - 30f253bee040be44696ee62af01d65c5e5adee0f - API queries_quota: 60
2025-07-24 22:29:00,103 - [INFO] - TravelAI - 30f253bee040be44696ee62af01d65c5e5adee0f - intentions: ['ITINERARY_GENERATION']
2025-07-24 22:29:00,105 - [INFO] - googlemaps.client - 30f253bee040be44696ee62af01d65c5e5adee0f - API queries_quota: 60
2025-07-24 22:30:48,455 - [INFO] - googlemaps.client - 30f253bee040be44696ee62af01d65c5e5adee0f - API queries_quota: 60
2025-07-24 22:31:34,028 - [INFO] - googlemaps.client - 30f253bee040be44696ee62af01d65c5e5adee0f - API queries_quota: 60
2025-07-24 22:34:06,266 - [INFO] - googlemaps.client - 30f253bee040be44696ee62af01d65c5e5adee0f - API queries_quota: 60
2025-07-24 22:34:15,470 - [INFO] - googlemaps.client - 30f253bee040be44696ee62af01d65c5e5adee0f - API queries_quota: 60
2025-07-24 22:34:20,370 - [INFO] - TravelAI - 30f253bee040be44696ee62af01d65c5e5adee0f - intentions: ['ITINERARY_GENERATION']
2025-07-24 22:34:20,370 - [INFO] - googlemaps.client - 30f253bee040be44696ee62af01d65c5e5adee0f - API queries_quota: 60
2025-07-24 22:37:30,834 - [INFO] - googlemaps.client - 30f253bee040be44696ee62af01d65c5e5adee0f - API queries_quota: 60
